Log file open, 12/08/21 00:54:22
LogWindows: Failed to load 'aqProf.dll' (GetLastError=126)
LogWindows: File 'aqProf.dll' does not exist
LogWindows: Failed to load 'VtuneApi.dll' (GetLastError=126)
LogWindows: File 'VtuneApi.dll' does not exist
LogWindows: Failed to load 'VtuneApi32e.dll' (GetLastError=126)
LogWindows: File 'VtuneApi32e.dll' does not exist
LogConsoleResponse: Display: Failed to find resolution value strings in scalability ini. Falling back to default.
LogConsoleResponse: Display: Failed to find resolution value strings in scalability ini. Falling back to default.
LogInit: Display: Running engine for game: APortedStudy
LogPlatformFile: Not using cached read wrapper
LogTaskGraph: Started task graph with 5 named threads and 20 total threads with 3 sets of task threads.
LogStats: Stats thread started at 0.476620
LogICUInternationalization: ICU TimeZone Detection - Raw Offset: +0:00, Platform Override: ''
LogInit: Display: Loading text-based GConfig....
LogPluginManager: Mounting plugin MeshPainting
LogPluginManager: Mounting plugin XGEController
LogPluginManager: Mounting plugin Paper2D
LogPluginManager: Mounting plugin EnvironmentQueryEditor
LogPluginManager: Mounting plugin AISupport
LogPluginManager: Mounting plugin LightPropagationVolume
LogPluginManager: Mounting plugin CameraShakePreviewer
LogPluginManager: Mounting plugin GameplayCameras
LogPluginManager: Mounting plugin OodleNetwork
LogPluginManager: Mounting plugin OodleData
LogPluginManager: Mounting plugin AssetManagerEditor
LogPluginManager: Mounting plugin CryptoKeys
LogPluginManager: Mounting plugin CurveEditorTools
LogPluginManager: Mounting plugin DataValidation
LogPluginManager: Mounting plugin FacialAnimation
LogPluginManager: Mounting plugin GameplayTagsEditor
LogPluginManager: Mounting plugin GeometryMode
LogPluginManager: Mounting plugin MacGraphicsSwitching
LogPluginManager: Mounting plugin MaterialAnalyzer
LogPluginManager: Mounting plugin MobileLauncherProfileWizard
LogPluginManager: Mounting plugin PluginBrowser
LogPluginManager: Mounting plugin SpeedTreeImporter
LogPluginManager: Mounting plugin AnimationSharing
LogPluginManager: Mounting plugin CLionSourceCodeAccess
LogPluginManager: Mounting plugin CodeLiteSourceCodeAccess
LogPluginManager: Mounting plugin GitSourceControl
LogPluginManager: Mounting plugin KDevelopSourceCodeAccess
LogPluginManager: Mounting plugin NullSourceCodeAccess
LogPluginManager: Mounting plugin PerforceSourceControl
LogPluginManager: Mounting plugin PixWinPlugin
LogPluginManager: Mounting plugin PlasticSourceControl
LogPluginManager: Mounting plugin PluginUtils
LogPluginManager: Mounting plugin PropertyAccessNode
LogPluginManager: Mounting plugin RiderSourceCodeAccess
LogPluginManager: Mounting plugin SubversionSourceControl
LogPluginManager: Mounting plugin TextureFormatOodle
LogPluginManager: Mounting plugin UObjectPlugin
LogPluginManager: Mounting plugin VisualStudioCodeSourceCodeAccess
LogPluginManager: Mounting plugin XCodeSourceCodeAccess
LogPluginManager: Mounting plugin VisualStudioSourceCodeAccess
LogPluginManager: Mounting plugin AlembicImporter
LogPluginManager: Mounting plugin AutomationUtils
LogPluginManager: Mounting plugin BackChannel
LogPluginManager: Mounting plugin ChaosCloth
LogPluginManager: Mounting plugin DatasmithContent
LogPluginManager: Mounting plugin ChaosClothEditor
LogPluginManager: Mounting plugin ChaosEditor
LogPluginManager: Mounting plugin Niagara
LogPluginManager: Mounting plugin ChaosNiagara
LogPluginManager: Mounting plugin CharacterAI
LogPluginManager: Mounting plugin ChaosSolverPlugin
LogPluginManager: Mounting plugin GeometryCache
LogPluginManager: Mounting plugin GeometryCollectionPlugin
LogPluginManager: Mounting plugin VariantManagerContent
LogPluginManager: Mounting plugin GeometryProcessing
LogPluginManager: Mounting plugin MotoSynth
LogPluginManager: Mounting plugin OpenImageDenoise
LogPluginManager: Mounting plugin PlanarCut
LogPluginManager: Mounting plugin PlatformCrypto
LogPluginManager: Mounting plugin ProxyLODPlugin
LogPluginManager: Mounting plugin PythonScriptPlugin
LogPluginManager: Mounting plugin SkeletalReduction
LogPluginManager: Mounting plugin LuminPlatformFeatures
LogPluginManager: Mounting plugin MagicLeap
LogPluginManager: Mounting plugin MagicLeapLightEstimation
LogPluginManager: Mounting plugin MagicLeapMedia
LogPluginManager: Mounting plugin MagicLeapPassableWorld
LogPluginManager: Mounting plugin MLSDK
LogPluginManager: Mounting plugin AndroidMedia
LogPluginManager: Mounting plugin AvfMedia
LogPluginManager: Mounting plugin ImgMedia
LogPluginManager: Mounting plugin MediaCompositing
LogPluginManager: Mounting plugin MediaPlayerEditor
LogPluginManager: Mounting plugin WebMMedia
LogPluginManager: Mounting plugin WmfMedia
LogPluginManager: Mounting plugin TcpMessaging
LogPluginManager: Mounting plugin UdpMessaging
LogPluginManager: Mounting plugin ActorSequence
LogPluginManager: Mounting plugin LevelSequenceEditor
LogPluginManager: Mounting plugin MatineeToLevelSequence
LogPluginManager: Mounting plugin TemplateSequence
LogPluginManager: Mounting plugin LauncherChunkInstaller
LogPluginManager: Mounting plugin OnlineSubsystem
LogPluginManager: Mounting plugin OnlineSubsystemNull
LogPluginManager: Mounting plugin OnlineSubsystemUtils
LogPluginManager: Mounting plugin ActorLayerUtilities
LogPluginManager: Mounting plugin AndroidDeviceProfileSelector
LogPluginManager: Mounting plugin AndroidMoviePlayer
LogPluginManager: Mounting plugin AndroidPermission
LogPluginManager: Mounting plugin AppleImageUtils
LogPluginManager: Mounting plugin AppleMoviePlayer
LogPluginManager: Mounting plugin ArchVisCharacter
LogPluginManager: Mounting plugin AssetTags
LogPluginManager: Mounting plugin AudioCapture
LogPluginManager: Mounting plugin AudioSynesthesia
LogPluginManager: Mounting plugin CableComponent
LogPluginManager: Mounting plugin ChunkDownloader
LogPluginManager: Mounting plugin CustomMeshComponent
LogPluginManager: Mounting plugin ExampleDeviceProfileSelector
LogPluginManager: Mounting plugin GoogleCloudMessaging
LogPluginManager: Mounting plugin GooglePAD
LogPluginManager: Mounting plugin IOSDeviceProfileSelector
LogPluginManager: Mounting plugin LinuxDeviceProfileSelector
LogPluginManager: Mounting plugin LocationServicesBPLibrary
LogPluginManager: Mounting plugin EditableMesh
LogPluginManager: Mounting plugin MobilePatchingUtils
LogPluginManager: Mounting plugin OpenXR
LogPluginManager: Mounting plugin OpenXREyeTracker
LogPluginManager: Mounting plugin OpenXRHandTracking
LogPluginManager: Mounting plugin PhysXVehicles
LogPluginManager: Mounting plugin PostSplashScreen
LogPluginManager: Mounting plugin ProceduralMeshComponent
LogPluginManager: Mounting plugin PropertyAccessEditor
LogPluginManager: Mounting plugin RuntimePhysXCooking
LogPluginManager: Mounting plugin SignificanceManager
LogPluginManager: Mounting plugin SoundFields
LogPluginManager: Mounting plugin Synthesis
LogPluginManager: Mounting plugin WebMMoviePlayer
LogPluginManager: Mounting plugin WindowsMoviePlayer
LogPluginManager: Mounting plugin ScreenshotTools
LogPluginManager: Mounting plugin Takes
LogPluginManager: Mounting plugin LiveLink
LogPluginManager: Mounting plugin ContentBrowserAssetDataSource
LogPluginManager: Mounting plugin ContentBrowserClassDataSource
LogPluginManager: Mounting plugin ContentBrowserFileDataSource
LogPluginManager: Mounting plugin OnlineSubsystemGooglePlay
LogPluginManager: Mounting plugin OnlineSubsystemIOS
LogPluginManager: Mounting plugin OculusVR
LogPluginManager: Mounting plugin SteamVR
PixWinPlugin: PIX capture plugin failed to initialize! Check that the process is launched from PIX.
LogInit: Using libcurl 7.55.1-DEV
LogInit:  - built for x86_64-pc-win32
LogInit:  - supports SSL with OpenSSL/1.1.1
LogInit:  - supports HTTP deflate (compression) using libz 1.2.8
LogInit:  - other features:
LogInit:      CURL_VERSION_SSL
LogInit:      CURL_VERSION_LIBZ
LogInit:      CURL_VERSION_IPV6
LogInit:      CURL_VERSION_ASYNCHDNS
LogInit:      CURL_VERSION_LARGEFILE
LogInit:      CURL_VERSION_IDN
LogInit:  CurlRequestOptions (configurable via config and command line):
LogInit:  - bVerifyPeer = true  - Libcurl will verify peer certificate
LogInit:  - bUseHttpProxy = false  - Libcurl will NOT use HTTP proxy
LogInit:  - bDontReuseConnections = false  - Libcurl will reuse connections
LogInit:  - MaxHostConnections = 16  - Libcurl will limit the number of connections to a host
LogInit:  - LocalHostAddr = Default
LogInit:  - BufferSize = 65536
LogOnline: OSS: Creating online subsystem instance for: NULL
LogInit: WinSock: version 1.1 (2.2), MaxSocks=32767, MaxUdp=65467
LogOnline: OSS: TryLoadSubsystemAndSetDefault: Loaded subsystem for module [NULL]
LogOculusPluginWrapper: OculusPlugin initialized successfully
LogHMD: Failed initializing OVRPlugin 1.59.0
LogInit: Build: ++UE4+Release-4.27-CL-17155196
LogInit: Engine Version: 4.27.0-17155196+++UE4+Release-4.27
LogInit: Compatible Engine Version: 4.27.0-17155196+++UE4+Release-4.27
LogInit: Net CL: 17155196
LogInit: OS: Windows 10 (Release 2009) (), CPU: Intel(R) Core(TM) i5-9400F CPU @ 2.90GHz, GPU: NVIDIA GeForce RTX 2070 SUPER
LogInit: Compiled (64-bit): Aug 13 2021 06:13:13
LogInit: Compiled with Visual C++: 19.24.28315.00
LogInit: Build Configuration: Development
LogInit: Branch Name: ++UE4+Release-4.27
LogInit: Command Line:  -skipcompile
LogInit: Base Directory: D:/UE_4.27/Engine/Binaries/Win64/
LogInit: Allocator: TBB
LogInit: Installed Engine Build: 1
LogDevObjectVersion: Number of dev versions registered: 29
LogDevObjectVersion:   Dev-Blueprints (B0D832E4-1F89-4F0D-ACCF-7EB736FD4AA2): 10
LogDevObjectVersion:   Dev-Build (E1C64328-A22C-4D53-A36C-8E866417BD8C): 0
LogDevObjectVersion:   Dev-Core (375EC13C-06E4-48FB-B500-84F0262A717E): 4
LogDevObjectVersion:   Dev-Editor (E4B068ED-F494-42E9-A231-DA0B2E46BB41): 40
LogDevObjectVersion:   Dev-Framework (CFFC743F-43B0-4480-9391-14DF171D2073): 37
LogDevObjectVersion:   Dev-Mobile (B02B49B5-BB20-44E9-A304-32B752E40360): 3
LogDevObjectVersion:   Dev-Networking (A4E4105C-59A1-49B5-A7C5-40C4547EDFEE): 0
LogDevObjectVersion:   Dev-Online (39C831C9-5AE6-47DC-9A44-9C173E1C8E7C): 0
LogDevObjectVersion:   Dev-Physics (78F01B33-EBEA-4F98-B9B4-84EACCB95AA2): 14
LogDevObjectVersion:   Dev-Platform (6631380F-2D4D-43E0-8009-CF276956A95A): 0
LogDevObjectVersion:   Dev-Rendering (12F88B9F-8875-4AFC-A67C-D90C383ABD29): 45
LogDevObjectVersion:   Dev-Sequencer (7B5AE74C-D270-4C10-A958-57980B212A5A): 13
LogDevObjectVersion:   Dev-VR (D7296918-1DD6-4BDD-9DE2-64A83CC13884): 3
LogDevObjectVersion:   Dev-LoadTimes (C2A15278-BFE7-4AFE-6C17-90FF531DF755): 1
LogDevObjectVersion:   Private-Geometry (6EACA3D4-40EC-4CC1-B786-8BED09428FC5): 3
LogDevObjectVersion:   Dev-AnimPhys (29E575DD-E0A3-4627-9D10-D276232CDCEA): 17
LogDevObjectVersion:   Dev-Anim (AF43A65D-7FD3-4947-9873-3E8ED9C1BB05): 15
LogDevObjectVersion:   Dev-ReflectionCapture (6B266CEC-1EC7-4B8F-A30B-E4D90942FC07): 1
LogDevObjectVersion:   Dev-Automation (0DF73D61-A23F-47EA-B727-89E90C41499A): 1
LogDevObjectVersion:   FortniteMain (601D1886-AC64-4F84-AA16-D3DE0DEAC7D6): 47
LogDevObjectVersion:   FortniteRelease (E7086368-6B23-4C58-8439-1B7016265E91): 1
LogDevObjectVersion:   Dev-Enterprise (9DFFBCD6-494F-0158-E221-12823C92A888): 10
LogDevObjectVersion:   Dev-Niagara (F2AED0AC-9AFE-416F-8664-AA7FFA26D6FC): 1
LogDevObjectVersion:   Dev-Destruction (174F1F0B-B4C6-45A5-B13F-2EE8D0FB917D): 10
LogDevObjectVersion:   Dev-Physics-Ext (35F94A83-E258-406C-A318-09F59610247C): 41
LogDevObjectVersion:   Dev-PhysicsMaterial-Chaos (B68FC16E-8B1B-42E2-B453-215C058844FE): 1
LogDevObjectVersion:   Dev-CineCamera (B2E18506-4273-CFC2-A54E-F4BB758BBA07): 1
LogDevObjectVersion:   Dev-VirtualProduction (64F58936-FD1B-42BA-BA96-7289D5D0FA4E): 1
LogDevObjectVersion:   Dev-MediaFramework (6F0ED827-A609-4895-9C91-998D90180EA4): 2
LogInit: Presizing for max 25165824 objects, including 0 objects not considered by GC, pre-allocating 0 bytes for permanent pool.
LogConfig: Applying CVar settings from Section [/Script/Engine.StreamingSettings] File [D:/UnrealProjects/APortedStudy/Saved/Config/Windows/Engine.ini]
LogConfig: Setting CVar [[s.MinBulkDataSizeForAsyncLoading:131072]]
LogConfig: Setting CVar [[s.AsyncLoadingThreadEnabled:0]]
LogConfig: Setting CVar [[s.EventDrivenLoaderEnabled:1]]
LogConfig: Setting CVar [[s.WarnIfTimeLimitExceeded:0]]
LogConfig: Setting CVar [[s.TimeLimitExceededMultiplier:1.5]]
LogConfig: Setting CVar [[s.TimeLimitExceededMinTime:0.005]]
LogConfig: Setting CVar [[s.UseBackgroundLevelStreaming:1]]
LogConfig: Setting CVar [[s.PriorityAsyncLoadingExtraTime:15.0]]
LogConfig: Setting CVar [[s.LevelStreamingActorsUpdateTimeLimit:5.0]]
LogConfig: Setting CVar [[s.PriorityLevelStreamingActorsUpdateExtraTime:5.0]]
LogConfig: Setting CVar [[s.LevelStreamingComponentsRegistrationGranularity:10]]
LogConfig: Setting CVar [[s.UnregisterComponentsTimeLimit:1.0]]
LogConfig: Setting CVar [[s.LevelStreamingComponentsUnregistrationGranularity:5]]
LogConfig: Setting CVar [[s.FlushStreamingOnExit:1]]
LogInit: Object subsystem initialized
LogConfig: Setting CVar [[con.DebugEarlyDefault:1]]
LogConfig: Setting CVar [[r.setres:1280x720]]
[2021.12.08-00.54.22:860][  0]LogConfig: Setting CVar [[r.VSync:0]]
[2021.12.08-00.54.22:860][  0]LogConfig: Setting CVar [[r.RHICmdBypass:0]]
[2021.12.08-00.54.22:860][  0]LogConfig: Applying CVar settings from Section [/Script/Engine.RendererSettings] File [D:/UnrealProjects/APortedStudy/Saved/Config/Windows/Engine.ini]
[2021.12.08-00.54.22:860][  0]LogConfig: Setting CVar [[r.GPUCrashDebugging:0]]
[2021.12.08-00.54.22:860][  0]LogConfig: Applying CVar settings from Section [/Script/Engine.RendererOverrideSettings] File [D:/UnrealProjects/APortedStudy/Saved/Config/Windows/Engine.ini]
[2021.12.08-00.54.22:860][  0]LogConfig: Applying CVar settings from Section [/Script/Engine.StreamingSettings] File [D:/UnrealProjects/APortedStudy/Saved/Config/Windows/Engine.ini]
[2021.12.08-00.54.22:860][  0]LogConfig: Setting CVar [[s.MinBulkDataSizeForAsyncLoading:131072]]
[2021.12.08-00.54.22:860][  0]LogConfig: Setting CVar [[s.AsyncLoadingThreadEnabled:0]]
[2021.12.08-00.54.22:860][  0]LogConfig: Setting CVar [[s.EventDrivenLoaderEnabled:1]]
[2021.12.08-00.54.22:860][  0]LogConfig: Setting CVar [[s.WarnIfTimeLimitExceeded:0]]
[2021.12.08-00.54.22:860][  0]LogConfig: Setting CVar [[s.TimeLimitExceededMultiplier:1.5]]
[2021.12.08-00.54.22:860][  0]LogConfig: Setting CVar [[s.TimeLimitExceededMinTime:0.005]]
[2021.12.08-00.54.22:860][  0]LogConfig: Setting CVar [[s.UseBackgroundLevelStreaming:1]]
[2021.12.08-00.54.22:860][  0]LogConfig: Setting CVar [[s.PriorityAsyncLoadingExtraTime:15.0]]
[2021.12.08-00.54.22:860][  0]LogConfig: Setting CVar [[s.LevelStreamingActorsUpdateTimeLimit:5.0]]
[2021.12.08-00.54.22:860][  0]LogConfig: Setting CVar [[s.PriorityLevelStreamingActorsUpdateExtraTime:5.0]]
[2021.12.08-00.54.22:860][  0]LogConfig: Setting CVar [[s.LevelStreamingComponentsRegistrationGranularity:10]]
[2021.12.08-00.54.22:860][  0]LogConfig: Setting CVar [[s.UnregisterComponentsTimeLimit:1.0]]
[2021.12.08-00.54.22:860][  0]LogConfig: Setting CVar [[s.LevelStreamingComponentsUnregistrationGranularity:5]]
[2021.12.08-00.54.22:860][  0]LogConfig: Setting CVar [[s.FlushStreamingOnExit:1]]
[2021.12.08-00.54.22:860][  0]LogConfig: Applying CVar settings from Section [/Script/Engine.GarbageCollectionSettings] File [D:/UnrealProjects/APortedStudy/Saved/Config/Windows/Engine.ini]
[2021.12.08-00.54.22:860][  0]LogConfig: Setting CVar [[gc.MaxObjectsNotConsideredByGC:1]]
[2021.12.08-00.54.22:861][  0]LogConfig: Setting CVar [[gc.SizeOfPermanentObjectPool:0]]
[2021.12.08-00.54.22:861][  0]LogConfig: Setting CVar [[gc.FlushStreamingOnGC:0]]
[2021.12.08-00.54.22:861][  0]LogConfig: Setting CVar [[gc.NumRetriesBeforeForcingGC:10]]
[2021.12.08-00.54.22:861][  0]LogConfig: Setting CVar [[gc.AllowParallelGC:1]]
[2021.12.08-00.54.22:861][  0]LogConfig: Setting CVar [[gc.TimeBetweenPurgingPendingKillObjects:61.1]]
[2021.12.08-00.54.22:861][  0]LogConfig: Setting CVar [[gc.MaxObjectsInEditor:25165824]]
[2021.12.08-00.54.22:861][  0]LogConfig: Setting CVar [[gc.IncrementalBeginDestroyEnabled:1]]
[2021.12.08-00.54.22:861][  0]LogConfig: Setting CVar [[gc.CreateGCClusters:1]]
[2021.12.08-00.54.22:861][  0]LogConfig: Setting CVar [[gc.MinGCClusterSize:5]]
[2021.12.08-00.54.22:861][  0]LogConfig: Setting CVar [[gc.ActorClusteringEnabled:0]]
[2021.12.08-00.54.22:861][  0]LogConfig: Setting CVar [[gc.BlueprintClusteringEnabled:0]]
[2021.12.08-00.54.22:861][  0]LogConfig: Setting CVar [[gc.UseDisregardForGCOnDedicatedServers:0]]
[2021.12.08-00.54.22:861][  0]LogConfig: Setting CVar [[gc.MultithreadedDestructionEnabled:1]]
[2021.12.08-00.54.22:861][  0]LogConfig: Applying CVar settings from Section [/Script/Engine.NetworkSettings] File [D:/UnrealProjects/APortedStudy/Saved/Config/Windows/Engine.ini]
[2021.12.08-00.54.22:861][  0]LogConfig: Applying CVar settings from Section [/Script/UnrealEd.CookerSettings] File [D:/UnrealProjects/APortedStudy/Saved/Config/Windows/Engine.ini]
[2021.12.08-00.54.22:877][  0]LogConfig: Applying CVar settings from Section [ViewDistanceQuality@3] File [D:/UnrealProjects/APortedStudy/Saved/Config/Windows/Scalability.ini]
[2021.12.08-00.54.22:877][  0]LogConfig: Setting CVar [[r.SkeletalMeshLODBias:0]]
[2021.12.08-00.54.22:877][  0]LogConfig: Setting CVar [[r.ViewDistanceScale:1.0]]
[2021.12.08-00.54.22:877][  0]LogConfig: Applying CVar settings from Section [AntiAliasingQuality@3] File [D:/UnrealProjects/APortedStudy/Saved/Config/Windows/Scalability.ini]
[2021.12.08-00.54.22:877][  0]LogConfig: Setting CVar [[r.PostProcessAAQuality:4]]
[2021.12.08-00.54.22:877][  0]LogConfig: Applying CVar settings from Section [ShadowQuality@3] File [D:/UnrealProjects/APortedStudy/Saved/Config/Windows/Scalability.ini]
[2021.12.08-00.54.22:878][  0]LogConfig: Setting CVar [[r.LightFunctionQuality:1]]
[2021.12.08-00.54.22:878][  0]LogConfig: Setting CVar [[r.ShadowQuality:5]]
[2021.12.08-00.54.22:878][  0]LogConfig: Setting CVar [[r.Shadow.CSM.MaxCascades:10]]
[2021.12.08-00.54.22:878][  0]LogConfig: Setting CVar [[r.Shadow.MaxResolution:2048]]
[2021.12.08-00.54.22:878][  0]LogConfig: Setting CVar [[r.Shadow.MaxCSMResolution:2048]]
[2021.12.08-00.54.22:878][  0]LogConfig: Setting CVar [[r.Shadow.RadiusThreshold:0.01]]
[2021.12.08-00.54.22:878][  0]LogConfig: Setting CVar [[r.Shadow.DistanceScale:1.0]]
[2021.12.08-00.54.22:878][  0]LogConfig: Setting CVar [[r.Shadow.CSM.TransitionScale:1.0]]
[2021.12.08-00.54.22:878][  0]LogConfig: Setting CVar [[r.Shadow.PreShadowResolutionFactor:1.0]]
[2021.12.08-00.54.22:878][  0]LogConfig: Setting CVar [[r.DistanceFieldShadowing:1]]
[2021.12.08-00.54.22:878][  0]LogConfig: Setting CVar [[r.DistanceFieldAO:1]]
[2021.12.08-00.54.22:878][  0]LogConfig: Setting CVar [[r.AOQuality:2]]
[2021.12.08-00.54.22:878][  0]LogConfig: Setting CVar [[r.VolumetricFog:1]]
[2021.12.08-00.54.22:878][  0]LogConfig: Setting CVar [[r.VolumetricFog.GridPixelSize:8]]
[2021.12.08-00.54.22:878][  0]LogConfig: Setting CVar [[r.VolumetricFog.GridSizeZ:128]]
[2021.12.08-00.54.22:878][  0]LogConfig: Setting CVar [[r.VolumetricFog.HistoryMissSupersampleCount:4]]
[2021.12.08-00.54.22:878][  0]LogConfig: Setting CVar [[r.LightMaxDrawDistanceScale:1]]
[2021.12.08-00.54.22:878][  0]LogConfig: Setting CVar [[r.CapsuleShadows:1]]
[2021.12.08-00.54.22:878][  0]LogConfig: Applying CVar settings from Section [PostProcessQuality@3] File [D:/UnrealProjects/APortedStudy/Saved/Config/Windows/Scalability.ini]
[2021.12.08-00.54.22:878][  0]LogConfig: Setting CVar [[r.MotionBlurQuality:4]]
[2021.12.08-00.54.22:878][  0]LogConfig: Setting CVar [[r.AmbientOcclusionMipLevelFactor:0.4]]
[2021.12.08-00.54.22:878][  0]LogConfig: Setting CVar [[r.AmbientOcclusionMaxQuality:100]]
[2021.12.08-00.54.22:878][  0]LogConfig: Setting CVar [[r.AmbientOcclusionLevels:-1]]
[2021.12.08-00.54.22:879][  0]LogConfig: Setting CVar [[r.AmbientOcclusionRadiusScale:1.0]]
[2021.12.08-00.54.22:879][  0]LogConfig: Setting CVar [[r.DepthOfFieldQuality:2]]
[2021.12.08-00.54.22:879][  0]LogConfig: Setting CVar [[r.RenderTargetPoolMin:400]]
[2021.12.08-00.54.22:879][  0]LogConfig: Setting CVar [[r.LensFlareQuality:2]]
[2021.12.08-00.54.22:879][  0]LogConfig: Setting CVar [[r.SceneColorFringeQuality:1]]
[2021.12.08-00.54.22:879][  0]LogConfig: Setting CVar [[r.EyeAdaptationQuality:2]]
[2021.12.08-00.54.22:879][  0]LogConfig: Setting CVar [[r.BloomQuality:5]]
[2021.12.08-00.54.22:879][  0]LogConfig: Setting CVar [[r.FastBlurThreshold:100]]
[2021.12.08-00.54.22:879][  0]LogConfig: Setting CVar [[r.Upscale.Quality:3]]
[2021.12.08-00.54.22:879][  0]LogConfig: Setting CVar [[r.Tonemapper.GrainQuantization:1]]
[2021.12.08-00.54.22:879][  0]LogConfig: Setting CVar [[r.LightShaftQuality:1]]
[2021.12.08-00.54.22:879][  0]LogConfig: Setting CVar [[r.Filter.SizeScale:1]]
[2021.12.08-00.54.22:879][  0]LogConfig: Setting CVar [[r.Tonemapper.Quality:5]]
[2021.12.08-00.54.22:879][  0]LogConfig: Setting CVar [[r.DOF.Gather.AccumulatorQuality:1        ; higher gathering accumulator quality]]
[2021.12.08-00.54.22:879][  0]LogConfig: Setting CVar [[r.DOF.Gather.PostfilterMethod:1          ; Median3x3 postfilering method]]
[2021.12.08-00.54.22:879][  0]LogConfig: Setting CVar [[r.DOF.Gather.EnableBokehSettings:0       ; no bokeh simulation when gathering]]
[2021.12.08-00.54.22:879][  0]LogConfig: Setting CVar [[r.DOF.Gather.RingCount:4                 ; medium number of samples when gathering]]
[2021.12.08-00.54.22:879][  0]LogConfig: Setting CVar [[r.DOF.Scatter.ForegroundCompositing:1    ; additive foreground scattering]]
[2021.12.08-00.54.22:879][  0]LogConfig: Setting CVar [[r.DOF.Scatter.BackgroundCompositing:2    ; additive background scattering]]
[2021.12.08-00.54.22:879][  0]LogConfig: Setting CVar [[r.DOF.Scatter.EnableBokehSettings:1      ; bokeh simulation when scattering]]
[2021.12.08-00.54.22:879][  0]LogConfig: Setting CVar [[r.DOF.Scatter.MaxSpriteRatio:0.1         ; only a maximum of 10% of scattered bokeh]]
[2021.12.08-00.54.22:879][  0]LogConfig: Setting CVar [[r.DOF.Recombine.Quality:1                ; cheap slight out of focus]]
[2021.12.08-00.54.22:879][  0]LogConfig: Setting CVar [[r.DOF.Recombine.EnableBokehSettings:0    ; no bokeh simulation on slight out of focus]]
[2021.12.08-00.54.22:879][  0]LogConfig: Setting CVar [[r.DOF.TemporalAAQuality:1                ; more stable temporal accumulation]]
[2021.12.08-00.54.22:880][  0]LogConfig: Setting CVar [[r.DOF.Kernel.MaxForegroundRadius:0.025]]
[2021.12.08-00.54.22:880][  0]LogConfig: Setting CVar [[r.DOF.Kernel.MaxBackgroundRadius:0.025]]
[2021.12.08-00.54.22:880][  0]LogConfig: Applying CVar settings from Section [TextureQuality@3] File [D:/UnrealProjects/APortedStudy/Saved/Config/Windows/Scalability.ini]
[2021.12.08-00.54.22:880][  0]LogConfig: Setting CVar [[r.Streaming.MipBias:0]]
[2021.12.08-00.54.22:880][  0]LogConfig: Setting CVar [[r.Streaming.AmortizeCPUToGPUCopy:0]]
[2021.12.08-00.54.22:880][  0]LogConfig: Setting CVar [[r.Streaming.MaxNumTexturesToStreamPerFrame:0]]
[2021.12.08-00.54.22:880][  0]LogConfig: Setting CVar [[r.Streaming.Boost:1]]
[2021.12.08-00.54.22:880][  0]LogConfig: Setting CVar [[r.MaxAnisotropy:8]]
[2021.12.08-00.54.22:880][  0]LogConfig: Setting CVar [[r.VT.MaxAnisotropy:8]]
[2021.12.08-00.54.22:880][  0]LogConfig: Setting CVar [[r.Streaming.LimitPoolSizeToVRAM:0]]
[2021.12.08-00.54.22:880][  0]LogConfig: Setting CVar [[r.Streaming.PoolSize:1000]]
[2021.12.08-00.54.22:880][  0]LogConfig: Setting CVar [[r.Streaming.MaxEffectiveScreenSize:0]]
[2021.12.08-00.54.22:880][  0]LogConfig: Applying CVar settings from Section [EffectsQuality@3] File [D:/UnrealProjects/APortedStudy/Saved/Config/Windows/Scalability.ini]
[2021.12.08-00.54.22:880][  0]LogConfig: Setting CVar [[r.TranslucencyLightingVolumeDim:64]]
[2021.12.08-00.54.22:880][  0]LogConfig: Setting CVar [[r.RefractionQuality:2]]
[2021.12.08-00.54.22:880][  0]LogConfig: Setting CVar [[r.SSR.Quality:3]]
[2021.12.08-00.54.22:880][  0]LogConfig: Setting CVar [[r.SSR.HalfResSceneColor:0]]
[2021.12.08-00.54.22:880][  0]LogConfig: Setting CVar [[r.SceneColorFormat:4]]
[2021.12.08-00.54.22:880][  0]LogConfig: Setting CVar [[r.DetailMode:2]]
[2021.12.08-00.54.22:880][  0]LogConfig: Setting CVar [[r.TranslucencyVolumeBlur:1]]
[2021.12.08-00.54.22:880][  0]LogConfig: Setting CVar [[r.MaterialQualityLevel:1 ; High quality]]
[2021.12.08-00.54.22:880][  0]LogConfig: Setting CVar [[r.AnisotropicMaterials:1]]
[2021.12.08-00.54.22:880][  0]LogConfig: Setting CVar [[r.SSS.Scale:1]]
[2021.12.08-00.54.22:880][  0]LogConfig: Setting CVar [[r.SSS.SampleSet:2]]
[2021.12.08-00.54.22:880][  0]LogConfig: Setting CVar [[r.SSS.Quality:1]]
[2021.12.08-00.54.22:881][  0]LogConfig: Setting CVar [[r.SSS.HalfRes:0]]
[2021.12.08-00.54.22:881][  0]LogConfig: Setting CVar [[r.SSGI.Quality:3]]
[2021.12.08-00.54.22:881][  0]LogConfig: Setting CVar [[r.EmitterSpawnRateScale:1.0]]
[2021.12.08-00.54.22:881][  0]LogConfig: Setting CVar [[r.ParticleLightQuality:2]]
[2021.12.08-00.54.22:881][  0]LogConfig: Setting CVar [[r.SkyAtmosphere.AerialPerspectiveLUT.FastApplyOnOpaque:1 ; Always have FastSkyLUT 1 in this case to avoid wrong sky]]
[2021.12.08-00.54.22:881][  0]LogConfig: Setting CVar [[r.SkyAtmosphere.AerialPerspectiveLUT.SampleCountMaxPerSlice:4]]
[2021.12.08-00.54.22:881][  0]LogConfig: Setting CVar [[r.SkyAtmosphere.AerialPerspectiveLUT.DepthResolution:16.0]]
[2021.12.08-00.54.22:881][  0]LogConfig: Setting CVar [[r.SkyAtmosphere.FastSkyLUT:1]]
[2021.12.08-00.54.22:881][  0]LogConfig: Setting CVar [[r.SkyAtmosphere.FastSkyLUT.SampleCountMin:4.0]]
[2021.12.08-00.54.22:881][  0]LogConfig: Setting CVar [[r.SkyAtmosphere.FastSkyLUT.SampleCountMax:128.0]]
[2021.12.08-00.54.22:881][  0]LogConfig: Setting CVar [[r.SkyAtmosphere.SampleCountMin:4.0]]
[2021.12.08-00.54.22:881][  0]LogConfig: Setting CVar [[r.SkyAtmosphere.SampleCountMax:128.0]]
[2021.12.08-00.54.22:881][  0]LogConfig: Setting CVar [[r.SkyAtmosphere.TransmittanceLUT.UseSmallFormat:0]]
[2021.12.08-00.54.22:881][  0]LogConfig: Setting CVar [[r.SkyAtmosphere.TransmittanceLUT.SampleCount:10.0]]
[2021.12.08-00.54.22:881][  0]LogConfig: Setting CVar [[r.SkyAtmosphere.MultiScatteringLUT.SampleCount:15.0]]
[2021.12.08-00.54.22:881][  0]LogConfig: Setting CVar [[r.SkyLight.RealTimeReflectionCapture:1]]
[2021.12.08-00.54.22:881][  0]LogConfig: Applying CVar settings from Section [FoliageQuality@3] File [D:/UnrealProjects/APortedStudy/Saved/Config/Windows/Scalability.ini]
[2021.12.08-00.54.22:881][  0]LogConfig: Setting CVar [[foliage.DensityScale:1.0]]
[2021.12.08-00.54.22:881][  0]LogConfig: Setting CVar [[grass.DensityScale:1.0]]
[2021.12.08-00.54.22:881][  0]LogConfig: Applying CVar settings from Section [ShadingQuality@3] File [D:/UnrealProjects/APortedStudy/Saved/Config/Windows/Scalability.ini]
[2021.12.08-00.54.22:881][  0]LogConfig: Setting CVar [[r.HairStrands.SkyLighting.IntegrationType:2]]
[2021.12.08-00.54.22:882][  0]LogConfig: Setting CVar [[r.HairStrands.SkyAO.SampleCount:4]]
[2021.12.08-00.54.22:882][  0]LogConfig: Setting CVar [[r.HairStrands.Visibility.MSAA.SamplePerPixel:4]]
[2021.12.08-00.54.22:882][  0]LogInit: Selected Device Profile: [Windows]
[2021.12.08-00.54.22:882][  0]LogInit: Applying CVar settings loaded from the selected device profile: [Windows]
[2021.12.08-00.54.22:882][  0]LogHAL: Display: Platform has ~ 32 GB [34305433600 / 34359738368 / 32], which maps to Largest [LargestMinGB=32, LargerMinGB=12, DefaultMinGB=8, SmallerMinGB=6, SmallestMinGB=0)
[2021.12.08-00.54.22:882][  0]LogInit: Going up to parent DeviceProfile []
[2021.12.08-00.54.22:882][  0]LogConfig: Applying CVar settings from Section [ViewDistanceQuality@3] File [D:/UnrealProjects/APortedStudy/Saved/Config/Windows/Scalability.ini]
[2021.12.08-00.54.22:882][  0]LogConfig: Setting CVar [[r.SkeletalMeshLODBias:0]]
[2021.12.08-00.54.22:882][  0]LogConfig: Setting CVar [[r.ViewDistanceScale:1.0]]
[2021.12.08-00.54.22:882][  0]LogConfig: Applying CVar settings from Section [AntiAliasingQuality@3] File [D:/UnrealProjects/APortedStudy/Saved/Config/Windows/Scalability.ini]
[2021.12.08-00.54.22:882][  0]LogConfig: Setting CVar [[r.PostProcessAAQuality:4]]
[2021.12.08-00.54.22:882][  0]LogConfig: Applying CVar settings from Section [ShadowQuality@3] File [D:/UnrealProjects/APortedStudy/Saved/Config/Windows/Scalability.ini]
[2021.12.08-00.54.22:882][  0]LogConfig: Setting CVar [[r.LightFunctionQuality:1]]
[2021.12.08-00.54.22:882][  0]LogConfig: Setting CVar [[r.ShadowQuality:5]]
[2021.12.08-00.54.22:882][  0]LogConfig: Setting CVar [[r.Shadow.CSM.MaxCascades:10]]
[2021.12.08-00.54.22:882][  0]LogConfig: Setting CVar [[r.Shadow.MaxResolution:2048]]
[2021.12.08-00.54.22:882][  0]LogConfig: Setting CVar [[r.Shadow.MaxCSMResolution:2048]]
[2021.12.08-00.54.22:883][  0]LogConfig: Setting CVar [[r.Shadow.RadiusThreshold:0.01]]
[2021.12.08-00.54.22:883][  0]LogConfig: Setting CVar [[r.Shadow.DistanceScale:1.0]]
[2021.12.08-00.54.22:883][  0]LogConfig: Setting CVar [[r.Shadow.CSM.TransitionScale:1.0]]
[2021.12.08-00.54.22:883][  0]LogConfig: Setting CVar [[r.Shadow.PreShadowResolutionFactor:1.0]]
[2021.12.08-00.54.22:883][  0]LogConfig: Setting CVar [[r.DistanceFieldShadowing:1]]
[2021.12.08-00.54.22:883][  0]LogConfig: Setting CVar [[r.DistanceFieldAO:1]]
[2021.12.08-00.54.22:883][  0]LogConfig: Setting CVar [[r.AOQuality:2]]
[2021.12.08-00.54.22:883][  0]LogConfig: Setting CVar [[r.VolumetricFog:1]]
[2021.12.08-00.54.22:883][  0]LogConfig: Setting CVar [[r.VolumetricFog.GridPixelSize:8]]
[2021.12.08-00.54.22:883][  0]LogConfig: Setting CVar [[r.VolumetricFog.GridSizeZ:128]]
[2021.12.08-00.54.22:883][  0]LogConfig: Setting CVar [[r.VolumetricFog.HistoryMissSupersampleCount:4]]
[2021.12.08-00.54.22:883][  0]LogConfig: Setting CVar [[r.LightMaxDrawDistanceScale:1]]
[2021.12.08-00.54.22:883][  0]LogConfig: Setting CVar [[r.CapsuleShadows:1]]
[2021.12.08-00.54.22:883][  0]LogConfig: Applying CVar settings from Section [PostProcessQuality@3] File [D:/UnrealProjects/APortedStudy/Saved/Config/Windows/Scalability.ini]
[2021.12.08-00.54.22:883][  0]LogConfig: Setting CVar [[r.MotionBlurQuality:4]]
[2021.12.08-00.54.22:883][  0]LogConfig: Setting CVar [[r.AmbientOcclusionMipLevelFactor:0.4]]
[2021.12.08-00.54.22:883][  0]LogConfig: Setting CVar [[r.AmbientOcclusionMaxQuality:100]]
[2021.12.08-00.54.22:883][  0]LogConfig: Setting CVar [[r.AmbientOcclusionLevels:-1]]
[2021.12.08-00.54.22:883][  0]LogConfig: Setting CVar [[r.AmbientOcclusionRadiusScale:1.0]]
[2021.12.08-00.54.22:884][  0]LogConfig: Setting CVar [[r.DepthOfFieldQuality:2]]
[2021.12.08-00.54.22:884][  0]LogConfig: Setting CVar [[r.RenderTargetPoolMin:400]]
[2021.12.08-00.54.22:884][  0]LogConfig: Setting CVar [[r.LensFlareQuality:2]]
[2021.12.08-00.54.22:884][  0]LogConfig: Setting CVar [[r.SceneColorFringeQuality:1]]
[2021.12.08-00.54.22:884][  0]LogConfig: Setting CVar [[r.EyeAdaptationQuality:2]]
[2021.12.08-00.54.22:884][  0]LogConfig: Setting CVar [[r.BloomQuality:5]]
[2021.12.08-00.54.22:884][  0]LogConfig: Setting CVar [[r.FastBlurThreshold:100]]
[2021.12.08-00.54.22:884][  0]LogConfig: Setting CVar [[r.Upscale.Quality:3]]
[2021.12.08-00.54.22:884][  0]LogConfig: Setting CVar [[r.Tonemapper.GrainQuantization:1]]
[2021.12.08-00.54.22:884][  0]LogConfig: Setting CVar [[r.LightShaftQuality:1]]
[2021.12.08-00.54.22:884][  0]LogConfig: Setting CVar [[r.Filter.SizeScale:1]]
[2021.12.08-00.54.22:884][  0]LogConfig: Setting CVar [[r.Tonemapper.Quality:5]]
[2021.12.08-00.54.22:884][  0]LogConfig: Setting CVar [[r.DOF.Gather.AccumulatorQuality:1        ; higher gathering accumulator quality]]
[2021.12.08-00.54.22:884][  0]LogConfig: Setting CVar [[r.DOF.Gather.PostfilterMethod:1          ; Median3x3 postfilering method]]
[2021.12.08-00.54.22:884][  0]LogConfig: Setting CVar [[r.DOF.Gather.EnableBokehSettings:0       ; no bokeh simulation when gathering]]
[2021.12.08-00.54.22:884][  0]LogConfig: Setting CVar [[r.DOF.Gather.RingCount:4                 ; medium number of samples when gathering]]
[2021.12.08-00.54.22:884][  0]LogConfig: Setting CVar [[r.DOF.Scatter.ForegroundCompositing:1    ; additive foreground scattering]]
[2021.12.08-00.54.22:884][  0]LogConfig: Setting CVar [[r.DOF.Scatter.BackgroundCompositing:2    ; additive background scattering]]
[2021.12.08-00.54.22:884][  0]LogConfig: Setting CVar [[r.DOF.Scatter.EnableBokehSettings:1      ; bokeh simulation when scattering]]
[2021.12.08-00.54.22:884][  0]LogConfig: Setting CVar [[r.DOF.Scatter.MaxSpriteRatio:0.1         ; only a maximum of 10% of scattered bokeh]]
[2021.12.08-00.54.22:884][  0]LogConfig: Setting CVar [[r.DOF.Recombine.Quality:1                ; cheap slight out of focus]]
[2021.12.08-00.54.22:884][  0]LogConfig: Setting CVar [[r.DOF.Recombine.EnableBokehSettings:0    ; no bokeh simulation on slight out of focus]]
[2021.12.08-00.54.22:884][  0]LogConfig: Setting CVar [[r.DOF.TemporalAAQuality:1                ; more stable temporal accumulation]]
[2021.12.08-00.54.22:885][  0]LogConfig: Setting CVar [[r.DOF.Kernel.MaxForegroundRadius:0.025]]
[2021.12.08-00.54.22:885][  0]LogConfig: Setting CVar [[r.DOF.Kernel.MaxBackgroundRadius:0.025]]
[2021.12.08-00.54.22:885][  0]LogConfig: Applying CVar settings from Section [TextureQuality@3] File [D:/UnrealProjects/APortedStudy/Saved/Config/Windows/Scalability.ini]
[2021.12.08-00.54.22:885][  0]LogConfig: Setting CVar [[r.Streaming.MipBias:0]]
[2021.12.08-00.54.22:885][  0]LogConfig: Setting CVar [[r.Streaming.AmortizeCPUToGPUCopy:0]]
[2021.12.08-00.54.22:885][  0]LogConfig: Setting CVar [[r.Streaming.MaxNumTexturesToStreamPerFrame:0]]
[2021.12.08-00.54.22:885][  0]LogConfig: Setting CVar [[r.Streaming.Boost:1]]
[2021.12.08-00.54.22:885][  0]LogConfig: Setting CVar [[r.MaxAnisotropy:8]]
[2021.12.08-00.54.22:885][  0]LogConfig: Setting CVar [[r.VT.MaxAnisotropy:8]]
[2021.12.08-00.54.22:885][  0]LogConfig: Setting CVar [[r.Streaming.LimitPoolSizeToVRAM:0]]
[2021.12.08-00.54.22:885][  0]LogConfig: Setting CVar [[r.Streaming.PoolSize:1000]]
[2021.12.08-00.54.22:885][  0]LogConfig: Setting CVar [[r.Streaming.MaxEffectiveScreenSize:0]]
[2021.12.08-00.54.22:885][  0]LogConfig: Applying CVar settings from Section [EffectsQuality@3] File [D:/UnrealProjects/APortedStudy/Saved/Config/Windows/Scalability.ini]
[2021.12.08-00.54.22:885][  0]LogConfig: Setting CVar [[r.TranslucencyLightingVolumeDim:64]]
[2021.12.08-00.54.22:885][  0]LogConfig: Setting CVar [[r.RefractionQuality:2]]
[2021.12.08-00.54.22:885][  0]LogConfig: Setting CVar [[r.SSR.Quality:3]]
[2021.12.08-00.54.22:885][  0]LogConfig: Setting CVar [[r.SSR.HalfResSceneColor:0]]
[2021.12.08-00.54.22:885][  0]LogConfig: Setting CVar [[r.SceneColorFormat:4]]
[2021.12.08-00.54.22:885][  0]LogConfig: Setting CVar [[r.DetailMode:2]]
[2021.12.08-00.54.22:885][  0]LogConfig: Setting CVar [[r.TranslucencyVolumeBlur:1]]
[2021.12.08-00.54.22:885][  0]LogConfig: Setting CVar [[r.MaterialQualityLevel:1 ; High quality]]
[2021.12.08-00.54.22:885][  0]LogConfig: Setting CVar [[r.AnisotropicMaterials:1]]
[2021.12.08-00.54.22:885][  0]LogConfig: Setting CVar [[r.SSS.Scale:1]]
[2021.12.08-00.54.22:885][  0]LogConfig: Setting CVar [[r.SSS.SampleSet:2]]
[2021.12.08-00.54.22:886][  0]LogConfig: Setting CVar [[r.SSS.Quality:1]]
[2021.12.08-00.54.22:886][  0]LogConfig: Setting CVar [[r.SSS.HalfRes:0]]
[2021.12.08-00.54.22:886][  0]LogConfig: Setting CVar [[r.SSGI.Quality:3]]
[2021.12.08-00.54.22:886][  0]LogConfig: Setting CVar [[r.EmitterSpawnRateScale:1.0]]
[2021.12.08-00.54.22:886][  0]LogConfig: Setting CVar [[r.ParticleLightQuality:2]]
[2021.12.08-00.54.22:886][  0]LogConfig: Setting CVar [[r.SkyAtmosphere.AerialPerspectiveLUT.FastApplyOnOpaque:1 ; Always have FastSkyLUT 1 in this case to avoid wrong sky]]
[2021.12.08-00.54.22:886][  0]LogConfig: Setting CVar [[r.SkyAtmosphere.AerialPerspectiveLUT.SampleCountMaxPerSlice:4]]
[2021.12.08-00.54.22:886][  0]LogConfig: Setting CVar [[r.SkyAtmosphere.AerialPerspectiveLUT.DepthResolution:16.0]]
[2021.12.08-00.54.22:886][  0]LogConfig: Setting CVar [[r.SkyAtmosphere.FastSkyLUT:1]]
[2021.12.08-00.54.22:886][  0]LogConfig: Setting CVar [[r.SkyAtmosphere.FastSkyLUT.SampleCountMin:4.0]]
[2021.12.08-00.54.22:886][  0]LogConfig: Setting CVar [[r.SkyAtmosphere.FastSkyLUT.SampleCountMax:128.0]]
[2021.12.08-00.54.22:886][  0]LogConfig: Setting CVar [[r.SkyAtmosphere.SampleCountMin:4.0]]
[2021.12.08-00.54.22:886][  0]LogConfig: Setting CVar [[r.SkyAtmosphere.SampleCountMax:128.0]]
[2021.12.08-00.54.22:886][  0]LogConfig: Setting CVar [[r.SkyAtmosphere.TransmittanceLUT.UseSmallFormat:0]]
[2021.12.08-00.54.22:886][  0]LogConfig: Setting CVar [[r.SkyAtmosphere.TransmittanceLUT.SampleCount:10.0]]
[2021.12.08-00.54.22:886][  0]LogConfig: Setting CVar [[r.SkyAtmosphere.MultiScatteringLUT.SampleCount:15.0]]
[2021.12.08-00.54.22:886][  0]LogConfig: Setting CVar [[r.SkyLight.RealTimeReflectionCapture:1]]
[2021.12.08-00.54.22:886][  0]LogConfig: Applying CVar settings from Section [FoliageQuality@3] File [D:/UnrealProjects/APortedStudy/Saved/Config/Windows/Scalability.ini]
[2021.12.08-00.54.22:886][  0]LogConfig: Setting CVar [[foliage.DensityScale:1.0]]
[2021.12.08-00.54.22:886][  0]LogConfig: Setting CVar [[grass.DensityScale:1.0]]
[2021.12.08-00.54.22:886][  0]LogConfig: Applying CVar settings from Section [ShadingQuality@3] File [D:/UnrealProjects/APortedStudy/Saved/Config/Windows/Scalability.ini]
[2021.12.08-00.54.22:886][  0]LogConfig: Setting CVar [[r.HairStrands.SkyLighting.IntegrationType:2]]
[2021.12.08-00.54.22:886][  0]LogConfig: Setting CVar [[r.HairStrands.SkyAO.SampleCount:4]]
[2021.12.08-00.54.22:886][  0]LogConfig: Setting CVar [[r.HairStrands.Visibility.MSAA.SamplePerPixel:4]]
[2021.12.08-00.54.22:887][  0]LogConfig: Applying CVar settings from Section [Startup] File [../../../Engine/Config/ConsoleVariables.ini]
[2021.12.08-00.54.22:887][  0]LogConfig: Setting CVar [[net.UseAdaptiveNetUpdateFrequency:0]]
[2021.12.08-00.54.22:887][  0]LogConfig: Setting CVar [[p.chaos.AllowCreatePhysxBodies:1]]
[2021.12.08-00.54.22:887][  0]LogConfig: Setting CVar [[fx.SkipVectorVMBackendOptimizations:1]]
[2021.12.08-00.54.22:887][  0]LogConfig: Applying CVar settings from Section [ConsoleVariables] File [D:/UnrealProjects/APortedStudy/Saved/Config/Windows/Engine.ini]
[2021.12.08-00.54.22:887][  0]LogConfig: Applying CVar settings from Section [ConsoleVariables] File [D:/UnrealProjects/APortedStudy/Saved/Config/Windows/Editor.ini]
[2021.12.08-00.54.22:887][  0]LogInit: Computer: DESKTOP-CA0FQV7
[2021.12.08-00.54.22:887][  0]LogInit: User: janua
[2021.12.08-00.54.22:887][  0]LogInit: CPU Page size=4096, Cores=6
[2021.12.08-00.54.22:887][  0]LogInit: High frequency timer resolution =10.000000 MHz
[2021.12.08-00.54.22:887][  0]LogMemory: Memory total: Physical=31.9GB (32GB approx)
[2021.12.08-00.54.22:887][  0]LogMemory: Platform Memory Stats for Windows
[2021.12.08-00.54.22:887][  0]LogMemory: Process Physical Memory: 142.73 MB used, 142.73 MB peak
[2021.12.08-00.54.22:887][  0]LogMemory: Process Virtual Memory: 114.21 MB used, 114.21 MB peak
[2021.12.08-00.54.22:887][  0]LogMemory: Physical Memory: 15731.75 MB used,  16984.46 MB free, 32716.21 MB total
[2021.12.08-00.54.22:887][  0]LogMemory: Virtual Memory: 134200008.00 MB used,  17717.88 MB free, 134217728.00 MB total
[2021.12.08-00.54.22:896][  0]LogWindows: WindowsPlatformFeatures enabled
[2021.12.08-00.54.23:044][  0]LogInit: Physics initialised using underlying interface: PhysX
[2021.12.08-00.54.23:045][  0]LogInit: Using OS detected language (en-GB).
[2021.12.08-00.54.23:045][  0]LogInit: Using OS detected locale (en-GB).
[2021.12.08-00.54.23:046][  0]LogTextLocalizationManager: No specific localization for 'en-GB' exists, so the 'en' localization will be used.
[2021.12.08-00.54.23:232][  0]LogInit: Setting process to per monitor DPI aware
[2021.12.08-00.54.23:257][  0]LogWindowsTextInputMethodSystem: Display: IME system deactivated.
[2021.12.08-00.54.23:278][  0]LogSlate: New Slate User Created.  User Index 0, Is Virtual User: 0
[2021.12.08-00.54.23:278][  0]LogSlate: Slate User Registered.  User Index 0, Is Virtual User: 0
[2021.12.08-00.54.23:385][  0]LogD3D11RHI: Loaded GFSDK_Aftermath_Lib.x64.dll
[2021.12.08-00.54.23:390][  0]LogHMD: Failed to initialize OpenVR with code 110
[2021.12.08-00.54.23:390][  0]LogD3D11RHI: D3D11 min allowed feature level: 11_0
[2021.12.08-00.54.23:390][  0]LogD3D11RHI: D3D11 max allowed feature level: 11_0
[2021.12.08-00.54.23:390][  0]LogD3D11RHI: D3D11 adapters:
[2021.12.08-00.54.23:524][  0]LogD3D11RHI:    0. 'NVIDIA GeForce RTX 2070 SUPER' (Feature Level 11_0)
[2021.12.08-00.54.23:524][  0]LogD3D11RHI:       8011/0/16358 MB DedicatedVideo/DedicatedSystem/SharedSystem, Outputs:2, VendorId:0x10de
[2021.12.08-00.54.23:530][  0]LogD3D11RHI:    1. 'Microsoft Basic Render Driver' (Feature Level 11_0)
[2021.12.08-00.54.23:530][  0]LogD3D11RHI:       0/0/16358 MB DedicatedVideo/DedicatedSystem/SharedSystem, Outputs:0, VendorId:0x1414
[2021.12.08-00.54.23:530][  0]LogD3D11RHI: Chosen D3D11 Adapter: 0
[2021.12.08-00.54.23:536][  0]LogD3D11RHI: Creating new Direct3DDevice
[2021.12.08-00.54.23:536][  0]LogD3D11RHI:     GPU DeviceId: 0x1e84 (for the marketing name, search the web for "GPU Device Id")
[2021.12.08-00.54.23:537][  0]LogWindows: EnumDisplayDevices:
[2021.12.08-00.54.23:537][  0]LogWindows:    0. 'NVIDIA GeForce RTX 2070 SUPER' (P:0 D:1)
[2021.12.08-00.54.23:537][  0]LogWindows:    1. 'NVIDIA GeForce RTX 2070 SUPER' (P:1 D:1)
[2021.12.08-00.54.23:537][  0]LogWindows:    2. 'NVIDIA GeForce RTX 2070 SUPER' (P:0 D:0)
[2021.12.08-00.54.23:538][  0]LogWindows:    3. 'NVIDIA GeForce RTX 2070 SUPER' (P:0 D:0)
[2021.12.08-00.54.23:538][  0]LogWindows: DebugString: FoundDriverCount:4 
[2021.12.08-00.54.23:538][  0]LogD3D11RHI:     Adapter Name: NVIDIA GeForce RTX 2070 SUPER
[2021.12.08-00.54.23:538][  0]LogD3D11RHI:   Driver Version: 496.13 (internal:30.0.14.9613, unified:496.13)
[2021.12.08-00.54.23:538][  0]LogD3D11RHI:      Driver Date: 10-6-2021
[2021.12.08-00.54.23:538][  0]LogRHI: Texture pool is 5607 MB (70% of 8011 MB)
[2021.12.08-00.54.23:607][  0]LogD3D11RHI: RHI has support for 64 bit atomics
[2021.12.08-00.54.23:607][  0]LogD3D11RHI: Async texture creation enabled
[2021.12.08-00.54.23:607][  0]LogD3D11RHI: Array index from any shader is supported
[2021.12.08-00.54.23:624][  0]LogD3D11RHI: GPU Timing Frequency: 1000.000000 (Debug: 2 1)
[2021.12.08-00.54.23:674][  0]LogRHI: GeForceNow SDK initialized: 1
[2021.12.08-00.54.23:970][  0]LogTargetPlatformManager: Display: Loaded TargetPlatform 'AllDesktop'
[2021.12.08-00.54.23:991][  0]LogTargetPlatformManager: Display: Loaded TargetPlatform 'Android'
[2021.12.08-00.54.23:991][  0]LogTargetPlatformManager: Display: Loaded TargetPlatform 'Android_ASTC'
[2021.12.08-00.54.23:991][  0]LogTargetPlatformManager: Display: Loaded TargetPlatform 'Android_DXT'
[2021.12.08-00.54.23:991][  0]LogTargetPlatformManager: Display: Loaded TargetPlatform 'Android_ETC2'
[2021.12.08-00.54.23:991][  0]LogTargetPlatformManager: Display: Loaded TargetPlatform 'AndroidClient'
[2021.12.08-00.54.23:991][  0]LogTargetPlatformManager: Display: Loaded TargetPlatform 'Android_ASTCClient'
[2021.12.08-00.54.23:991][  0]LogTargetPlatformManager: Display: Loaded TargetPlatform 'Android_DXTClient'
[2021.12.08-00.54.23:991][  0]LogTargetPlatformManager: Display: Loaded TargetPlatform 'Android_ETC2Client'
[2021.12.08-00.54.23:991][  0]LogTargetPlatformManager: Display: Loaded TargetPlatform 'Android_Multi'
[2021.12.08-00.54.23:992][  0]LogTargetPlatformManager: Display: Loaded TargetPlatform 'Android_MultiClient'
[2021.12.08-00.54.24:013][  0]LogTargetPlatformManager: Display: Loaded TargetPlatform 'IOSClient'
[2021.12.08-00.54.24:013][  0]LogTargetPlatformManager: Display: Loaded TargetPlatform 'IOS'
[2021.12.08-00.54.24:023][  0]LogTargetPlatformManager: Display: Loaded TargetPlatform 'Linux'
[2021.12.08-00.54.24:029][  0]LogTargetPlatformManager: Display: Loaded TargetPlatform 'LinuxNoEditor'
[2021.12.08-00.54.24:035][  0]LogTargetPlatformManager: Display: Loaded TargetPlatform 'LinuxClient'
[2021.12.08-00.54.24:044][  0]LogTargetPlatformManager: Display: Loaded TargetPlatform 'LinuxServer'
[2021.12.08-00.54.24:054][  0]LogTargetPlatformManager: Display: Loaded TargetPlatform 'LinuxAArch64NoEditor'
[2021.12.08-00.54.24:060][  0]LogTargetPlatformManager: Display: Loaded TargetPlatform 'LinuxAArch64Client'
[2021.12.08-00.54.24:065][  0]LogTargetPlatformManager: Display: Loaded TargetPlatform 'LinuxAArch64Server'
[2021.12.08-00.54.24:089][  0]LogTargetPlatformManager: Display: Loaded TargetPlatform 'Lumin'
[2021.12.08-00.54.24:089][  0]LogTargetPlatformManager: Display: Loaded TargetPlatform 'LuminClient'
[2021.12.08-00.54.24:098][  0]LogTargetPlatformManager: Display: Loaded TargetPlatform 'MacNoEditor'
[2021.12.08-00.54.24:103][  0]LogTargetPlatformManager: Display: Loaded TargetPlatform 'Mac'
[2021.12.08-00.54.24:108][  0]LogTargetPlatformManager: Display: Loaded TargetPlatform 'MacClient'
[2021.12.08-00.54.24:114][  0]LogTargetPlatformManager: Display: Loaded TargetPlatform 'MacServer'
[2021.12.08-00.54.24:124][  0]LogTargetPlatformManager: Display: Loaded TargetPlatform 'TVOSClient'
[2021.12.08-00.54.24:124][  0]LogTargetPlatformManager: Display: Loaded TargetPlatform 'TVOS'
[2021.12.08-00.54.24:133][  0]LogTargetPlatformManager: Display: Loaded TargetPlatform 'WindowsNoEditor'
[2021.12.08-00.54.24:139][  0]LogTargetPlatformManager: Display: Loaded TargetPlatform 'Windows'
[2021.12.08-00.54.24:144][  0]LogTargetPlatformManager: Display: Loaded TargetPlatform 'WindowsClient'
[2021.12.08-00.54.24:149][  0]LogTargetPlatformManager: Display: Loaded TargetPlatform 'WindowsServer'
[2021.12.08-00.54.24:149][  0]LogTargetPlatformManager: Display: Building Assets For Windows
[2021.12.08-00.54.24:163][  0]LogAudioDebug: Display: Lib vorbis DLL was dynamically loaded.
[2021.12.08-00.54.24:210][  0]LogTextureFormatOodle: Display: Oodle Texture 2.9.0 init RDO Off
[2021.12.08-00.54.24:270][  0]LogRendererCore: Ray tracing is disabled. Reason: r.RayTracing=0.
[2021.12.08-00.54.24:270][  0]LogShaderCompilers: Guid format shader working directory is 6 characters bigger than the processId version (../../../../UnrealProjects/APortedStudy/Intermediate/Shaders/WorkingDirectory/21108/).
[2021.12.08-00.54.24:270][  0]LogShaderCompilers: Cleaned the shader compiler working directory 'C:/Users/janua/AppData/Local/Temp/UnrealShaderWorkingDir/E203B3B94473A4B63621F6ADD24A8BB0/'.
[2021.12.08-00.54.24:270][  0]LogXGEController: Cannot use XGE Controller as Incredibuild is not installed on this machine.
[2021.12.08-00.54.24:271][  0]LogShaderCompilers: Cannot use XGE Shader Compiler as Incredibuild is not installed on this machine.
[2021.12.08-00.54.24:271][  0]LogShaderCompilers: Display: Using Local Shader Compiler.
[2021.12.08-00.54.24:980][  0]LogDerivedDataCache: Display: Max Cache Size: 512 MB
[2021.12.08-00.54.25:036][  0]LogDerivedDataCache: Loaded boot cache 0.06s 98MB C:/Users/janua/AppData/Local/UnrealEngine/4.27/DerivedDataCache/Boot.ddc.
[2021.12.08-00.54.25:036][  0]LogDerivedDataCache: Display: Loaded Boot cache: C:/Users/janua/AppData/Local/UnrealEngine/4.27/DerivedDataCache/Boot.ddc
[2021.12.08-00.54.25:036][  0]LogDerivedDataCache: FDerivedDataBackendGraph:  Pak pak cache file ../../../../UnrealProjects/APortedStudy/DerivedDataCache/DDC.ddp not found, will not use a pak cache.
[2021.12.08-00.54.25:036][  0]LogDerivedDataCache: Unable to find inner node Pak for hierarchical cache Hierarchy.
[2021.12.08-00.54.25:036][  0]LogDerivedDataCache: FDerivedDataBackendGraph:  CompressedPak pak cache file ../../../../UnrealProjects/APortedStudy/DerivedDataCache/Compressed.ddp not found, will not use a pak cache.
[2021.12.08-00.54.25:036][  0]LogDerivedDataCache: Unable to find inner node CompressedPak for hierarchical cache Hierarchy.
[2021.12.08-00.54.25:052][  0]LogDerivedDataCache: Display: Pak cache opened for reading ../../../Engine/DerivedDataCache/Compressed.ddp.
[2021.12.08-00.54.25:052][  0]LogDerivedDataCache: FDerivedDataBackendGraph:  EnterprisePak pak cache file ../../../Enterprise/DerivedDataCache/Compressed.ddp not found, will not use a pak cache.
[2021.12.08-00.54.25:052][  0]LogDerivedDataCache: Unable to find inner node EnterprisePak for hierarchical cache Hierarchy.
[2021.12.08-00.54.25:067][  0]LogDerivedDataCache: Speed tests for C:/Users/janua/AppData/Local/UnrealEngine/Common/DerivedDataCache took 0.02 seconds
[2021.12.08-00.54.25:067][  0]LogDerivedDataCache: Display: Performance to C:/Users/janua/AppData/Local/UnrealEngine/Common/DerivedDataCache: Latency=0.03ms. RandomReadSpeed=1063.84MBs, RandomWriteSpeed=66.99MBs. Assigned SpeedClass 'Local'
[2021.12.08-00.54.25:077][  0]LogDerivedDataCache: Using Local data cache path C:/Users/janua/AppData/Local/UnrealEngine/Common/DerivedDataCache: Writable
[2021.12.08-00.54.25:077][  0]LogDerivedDataCache: Shared data cache path not found in *engine.ini, will not use an Shared cache.
[2021.12.08-00.54.25:077][  0]LogDerivedDataCache: Unable to find inner node Shared for hierarchical cache Hierarchy.
[2021.12.08-00.54.25:122][  0]LogSlate: Using FreeType 2.10.0
[2021.12.08-00.54.25:123][  0]LogSlate: SlateFontServices - WITH_FREETYPE: 1, WITH_HARFBUZZ: 1
[2021.12.08-00.54.25:146][  0]LogAssetRegistry: FAssetRegistry took 0.0040 seconds to start up
[2021.12.08-00.54.25:363][  0]LogInit: Selected Device Profile: [Windows]
[2021.12.08-00.54.25:363][  0]LogInit: Active device profile: [0000020A84564E00][0000020AF7E47700 49] Windows
[2021.12.08-00.54.25:363][  0]LogInit: Profiles: [0000020A84564E00][0000020AF7E47700 49] Windows, [0000020A8452E100][0000020A82C97880 49] WindowsNoEditor, [0000020A84565D00][0000020A82C9BA00 49] WindowsServer, [0000020A8452EF00][0000020A82C9FB80 49] WindowsClient, [0000020A84566A00][0000020A82CA2180 49] IOS, [0000020A8452F500][0000020A85366300 49] iPadAir, [0000020A84565500][0000020A8536A480 49] iPadAir2, [0000020A844BD300][0000020A85372740 49] IPadPro, [0000020A844BD400][0000020A8536E780 49] iPadAir3, [0000020A8452CC00][0000020AF7C828C0 49] iPadAir4, [0000020A844BE000][0000020AFD3BCA00 49] iPadMini2, [0000020A8452ED00][0000020AFD3C0B40 49] iPadMini3, [0000020A844BEA00][0000020A85052CC0 49] iPadMini4, [0000020A8452CF00][0000020AFD36EE40 49] iPadMini5, [0000020A844E8B00][0000020A85057100 49] iPhone6, [0000020A844E8C00][0000020AFD373140 49] iPodTouch6, [0000020A84566900][0000020A8529B400 49] iPhone7, [0000020A84564F00][0000020A85297440 49] iPodTouch7, [0000020A844BD200][0000020A8529F5C0 49] iPhone5S, [0000020A84566C00][0000020A852A7740 49] iPhone6Plus, [0000020A844BFD00][0000020AF7C518C0 49] iPhone6S, [0000020A844BC100][0000020AF7C55A40 49] iPhone6SPlus, [0000020A844EBF00][0000020AF7C59BC0 49] iPhone7Plus, [0000020A844BE200][0000020A852A21C0 49] iPhoneSE, [0000020A844EA800][0000020A8505A340 49] iPhone8, [0000020A844BE500][0000020AF7C5C4C0 49] iPhone8Plus, [0000020A844EB900][0000020AF7C6C640 49] iPhoneX, [0000020A844BE400][0000020A82C6E7C0 49] iPhoneXS, [0000020A844E8E00][0000020A82C72940 49] iPhoneXSMax, [0000020A84565800][0000020AF7C4CA80 49] iPhoneXR, [0000020A844E9600][0000020A82C76BC0 49] iPhone11, [0000020A84565A00][0000020A82C7AD00 49] iPhone11Pro, [0000020A844E9800][0000020A82C82E80 49] iPhone11ProMax, [0000020A84565100][0000020A82C87000 49] iPhoneSE2, [0000020A844EBA00][0000020AF7DDB180 49] iPhone12Mini, [0000020A84564B00][0000020AF7E7D300 49] iPhone12, [0000020A844E9C00][0000020AF7C7F480 49] iPhone12Pro, [0000020A84565000][0000020AF7C7B600 49] iPhone12ProMax, [0000020A844EB600][0000020AF7C77780 49] iPadPro105, [0000020A84567800][0000020A85065900 49] iPadPro129, [0000020A844E8300][0000020AF7E81A80 49] iPadPro97, [0000020A84565400][0000020AF7E85C00 49] iPadPro2_129, [0000020A844E9300][0000020AF7E88200 49] iPad5, [0000020A84567A00][0000020AF7E8C380 49] iPad6, [0000020A844EBC00][0000020AF7E90500 49] iPad7, [0000020A84567200][0000020AF7E94680 49] iPad8, [0000020A844EB200][0000020AF7E98800 49] iPadPro11, [0000020A84566F00][0000020AF7E9C980 49] iPadPro2_11, [0000020A844EA200][0000020AF7EA0B00 49] iPadPro3_129, [0000020A84564700][0000020A82C7EC40 49] iPadPro4_129, [0000020A844E9000][0000020AF7EA4D80 49] AppleTV, [0000020A84567100][0000020AF7DDEEC0 49] AppleTV4K, [0000020A844EA100][0000020AF7DE7040 49] TVOS, [0000020A84566100][0000020AF7DEB1C0 49] Mac, [0000020A844EB500][0000020AF7DEF340 49] MacClient, [0000020A84567B00][0000020AF7DF34C0 49] MacNoEditor, [0000020A844E8D00][0000020AF7DF7640 49] MacServer, [0000020A84566E00][0000020AF7DFB7C0 49] Linux, [0000020A844E9F00][0000020AF7DFF940 49] LinuxAArch64, [0000020A84564A00][0000020AF7E03AC0 49] LinuxNoEditor, [0000020A844EB000][0000020AF7E060C0 49] LinuxAArch64NoEditor, [0000020A84567300][0000020AF7E0A240 49] LinuxClient, [0000020A844EA700][0000020AF7E0E3C0 49] LinuxAArch64Client, [0000020A84565B00][0000020A84FBC540 49] LinuxServer, [0000020A844E8400][0000020A84FC06C0 49] LinuxAArch64Server, [0000020A84565C00][0000020A84FC4840 49] Android, [0000020A844E9400][0000020A84FC89C0 49] Android_Low, [0000020A84565E00][0000020A84FCCB40 49] Android_Mid, [0000020A844EA900][0000020A84FD0CC0 49] Android_High, [0000020A84566000][0000020AF7DE2E00 49] Android_Default, [0000020A844EB100][0000020A84FD4F40 49] Android_Adreno4xx, [0000020A84566200][0000020A84FD9080 49] Android_Adreno5xx_Low, [0000020A844EBD00][0000020A84FDD1C0 49] Android_Adreno5xx, [0000020A84564200][0000020A84FE5340 49] Android_Adreno6xx, [0000020A844E9700][0000020A84FE94C0 49] Android_Adreno6xx_Vulkan, [0000020A84566700][0000020A84FED640 49] Android_Mali_T6xx, [0000020A844BD700][0000020A84FF17C0 49] Android_Mali_T7xx, [0000020A8452EE00][0000020A84FF5940 49] Android_Mali_T8xx, [0000020A844BFE00][0000020AFD329AC0 49] Android_Mali_G71, [0000020A8452FC00][0000020AFD32C0C0 49] Android_Mali_G72, [0000020A844BFA00][0000020AFD330240 49] Android_Mali_G72_Vulkan, [0000020A8452F600][0000020AFD3343C0 49] Android_Mali_G76, [0000020A844BDB00][0000020AFD338540 49] Android_Mali_G76_Vulkan, [0000020A8452E000][0000020AFD33C6C0 49] Android_Mali_G77, [0000020A844BF600][0000020AFD340840 49] Android_Mali_G77_Vulkan, [0000020A8452DD00][0000020AFD3449C0 49] Android_Mali_G78, [0000020A844BD000][0000020AFD348B40 49] Android_Mali_G78_Vulkan, [0000020A8452C500][0000020AFD34CCC0 49] Android_Mali_G710, [0000020A844BD600][0000020AFD350E40 49] Android_Mali_G710_Vulkan, [0000020A8452E200][0000020A84FE0F80 49] Android_Vulkan_SM5, [0000020A844BDA00][0000020AFD3550C0 49] Android_PowerVR_G6xxx, [0000020A8452EC00][0000020AFD359200 49] Android_PowerVR_GT7xxx, [0000020A844BF300][0000020AFD35D340 49] Android_PowerVR_GE8xxx, [0000020A8452FF00][0000020AFD3654C0 49] Android_PowerVR_GM9xxx, [0000020A844BDF00][0000020AFD369640 49] Android_PowerVR_GM9xxx_Vulkan, [0000020A8452D300][0000020A82BF77C0 49] Android_TegraK1, [0000020A844BFB00][0000020A82BFB940 49] Android_Unknown_Vulkan, [0000020A8452CD00][0000020A82BFFAC0 49] Lumin, [0000020A844BC600][0000020A82C020C0 49] Lumin_Desktop, [0000020A844EB300][0000020A82C06240 49] HoloLens, 
[2021.12.08-00.54.25:507][  0]LogMeshReduction: Using QuadricMeshReduction for automatic static mesh reduction
[2021.12.08-00.54.25:507][  0]LogMeshReduction: Using SimplygonMeshReduction for automatic skeletal mesh reduction
[2021.12.08-00.54.25:507][  0]LogMeshReduction: Using ProxyLODMeshReduction for automatic mesh merging
[2021.12.08-00.54.25:507][  0]LogMeshReduction: No distributed automatic mesh merging module available
[2021.12.08-00.54.25:507][  0]LogMeshMerging: No distributed automatic mesh merging module available
[2021.12.08-00.54.25:524][  0]LogNetVersion: APortedStudy 1.0.0, NetCL: 17155196, EngineNetVer: 17, GameNetVer: 0 (Checksum: 1793046333)
[2021.12.08-00.54.25:867][  0]LogTexture: Default maximum texture size for cubemaps generated from long-lat sources has been changed from 512 to unlimited. In order to preserve old behaiour for '/Engine/MapTemplates/Sky/DaylightAmbientCubemap.DaylightAmbientCubemap', its maximum texture size has been explicitly set to 512.
[2021.12.08-00.54.25:926][  0]LogHMD: PokeAHoleMaterial loaded successfully
[2021.12.08-00.54.25:934][  0]LogUObjectArray: 17178 objects as part of root set at end of initial load.
[2021.12.08-00.54.25:934][  0]LogUObjectAllocator: 4301856 out of 0 bytes used by permanent object pool.
[2021.12.08-00.54.25:934][  0]LogUObjectArray: CloseDisregardForGC: 0/0 objects in disregard for GC pool
[2021.12.08-00.54.26:250][  0]LogNiagaraDebuggerClient: Niagara Debugger Client Initialized | Session: AFD78ED34A4FD16DE319C3A4FBC21754 | Instance: 35CF0FC84FDE033FC25FB58CD7C7A570 (DESKTOP-CA0FQV7-21108).
[2021.12.08-00.54.26:270][  0]LogStreaming: Warning: Failed to read file '../../../Engine/Content/Editor/Slate/Niagara/MenuSeparator.png' error.
[2021.12.08-00.54.26:270][  0]LogSlate: Could not find file for Slate resource: ../../../Engine/Content/Editor/Slate/Niagara/MenuSeparator.png
[2021.12.08-00.54.26:270][  0]LogStreaming: Warning: Failed to read file '../../../Engine/Content/Editor/Slate/Niagara/Common/Selector.png' error.
[2021.12.08-00.54.26:270][  0]LogSlate: Could not find file for Slate resource: ../../../Engine/Content/Editor/Slate/Niagara/Common/Selector.png
[2021.12.08-00.54.26:270][  0]LogStreaming: Warning: Failed to read file '../../../Engine/Content/Editor/Slate/Niagara/Common/Selection.png' error.
[2021.12.08-00.54.26:270][  0]LogSlate: Could not find file for Slate resource: ../../../Engine/Content/Editor/Slate/Niagara/Common/Selection.png
[2021.12.08-00.54.26:270][  0]LogStreaming: Warning: Failed to read file '../../../Engine/Content/Editor/Slate/Niagara/Common/DropZoneIndicator_Above.png' error.
[2021.12.08-00.54.26:270][  0]LogSlate: Could not find file for Slate resource: ../../../Engine/Content/Editor/Slate/Niagara/Common/DropZoneIndicator_Above.png
[2021.12.08-00.54.26:270][  0]LogStreaming: Warning: Failed to read file '../../../Engine/Content/Editor/Slate/Niagara/Common/DropZoneIndicator_Onto.png' error.
[2021.12.08-00.54.26:270][  0]LogSlate: Could not find file for Slate resource: ../../../Engine/Content/Editor/Slate/Niagara/Common/DropZoneIndicator_Onto.png
[2021.12.08-00.54.26:270][  0]LogStreaming: Warning: Failed to read file '../../../Engine/Content/Editor/Slate/Niagara/Common/DropZoneIndicator_Below.png' error.
[2021.12.08-00.54.26:270][  0]LogSlate: Could not find file for Slate resource: ../../../Engine/Content/Editor/Slate/Niagara/Common/DropZoneIndicator_Below.png
[2021.12.08-00.54.26:270][  0]LogStreaming: Warning: Failed to read file '../../../Engine/Content/Editor/Slate/Niagara/Common/RoundedSelection_16x.png' error.
[2021.12.08-00.54.26:270][  0]LogSlate: Could not find file for Slate resource: ../../../Engine/Content/Editor/Slate/Niagara/Common/RoundedSelection_16x.png
[2021.12.08-00.54.26:270][  0]LogStreaming: Warning: Failed to read file '../../../Engine/Content/Editor/Slate/Niagara/Common/FlatButton.png' error.
[2021.12.08-00.54.26:270][  0]LogSlate: Could not find file for Slate resource: ../../../Engine/Content/Editor/Slate/Niagara/Common/FlatButton.png
[2021.12.08-00.54.26:270][  0]LogImageWrapper: Warning: PNG Warning: Duplicate iCCP chunk
[2021.12.08-00.54.26:271][  0]LogImageWrapper: Warning: PNG Warning: Duplicate iCCP chunk
[2021.12.08-00.54.26:289][  0]LogPython: Using Python 3.7.7
[2021.12.08-00.54.26:921][  0]LogTcpMessaging: Initializing TcpMessaging bridge
[2021.12.08-00.54.26:928][  0]LogUdpMessaging: Initializing bridge on interface 0.0.0.0:0 to multicast group 230.0.0.1:6666.
[2021.12.08-00.54.27:247][  0]SourceControl: Source control is disabled
[2021.12.08-00.54.27:247][  0]SourceControl: Source control is disabled
[2021.12.08-00.54.27:251][  0]SourceControl: Source control is disabled
[2021.12.08-00.54.27:255][  0]SourceControl: Source control is disabled
[2021.12.08-00.54.27:264][  0]SourceControl: Source control is disabled
[2021.12.08-00.54.27:273][  0]LogUProjectInfo: Found projects:
[2021.12.08-00.54.27:459][  0]LogOpenImageDenoise: OIDN starting up
[2021.12.08-00.54.27:514][  0]LogAndroidPermission: UAndroidPermissionCallbackProxy::GetInstance
[2021.12.08-00.54.27:544][  0]LogAudioCaptureCore: Display: No Audio Capture implementations found. Audio input will be silent.
[2021.12.08-00.54.27:544][  0]LogAudioCaptureCore: Display: No Audio Capture implementations found. Audio input will be silent.
[2021.12.08-00.54.27:741][  0]LogCollectionManager: Loaded 0 collections in 0.000635 seconds
[2021.12.08-00.54.27:770][  0]LogFileCache: Scanning file cache for directory 'D:/UnrealProjects/APortedStudy/Saved/Collections/' took 0.00s
[2021.12.08-00.54.27:770][  0]LogFileCache: Scanning file cache for directory 'D:/UnrealProjects/APortedStudy/Content/Developers/janua/Collections/' took 0.00s
[2021.12.08-00.54.27:770][  0]LogFileCache: Scanning file cache for directory 'D:/UnrealProjects/APortedStudy/Content/Collections/' took 0.00s
[2021.12.08-00.54.27:770][  0]LogOcInput: OculusInput pre-init called
[2021.12.08-00.54.27:950][  0]LogStreaming: Warning: Failed to read file '../../../Engine/Content/Editor/Slate/Niagara/MenuSeparator.png' error.
[2021.12.08-00.54.27:950][  0]LogSlate: Could not find file for Slate resource: ../../../Engine/Content/Editor/Slate/Niagara/MenuSeparator.png
[2021.12.08-00.54.27:950][  0]LogStreaming: Warning: Failed to read file '../../../Engine/Content/Editor/Slate/Niagara/Common/Selector.png' error.
[2021.12.08-00.54.27:950][  0]LogSlate: Could not find file for Slate resource: ../../../Engine/Content/Editor/Slate/Niagara/Common/Selector.png
[2021.12.08-00.54.27:950][  0]LogStreaming: Warning: Failed to read file '../../../Engine/Content/Editor/Slate/Niagara/Common/Selection.png' error.
[2021.12.08-00.54.27:950][  0]LogSlate: Could not find file for Slate resource: ../../../Engine/Content/Editor/Slate/Niagara/Common/Selection.png
[2021.12.08-00.54.27:950][  0]LogStreaming: Warning: Failed to read file '../../../Engine/Content/Editor/Slate/Niagara/Common/DropZoneIndicator_Above.png' error.
[2021.12.08-00.54.27:951][  0]LogSlate: Could not find file for Slate resource: ../../../Engine/Content/Editor/Slate/Niagara/Common/DropZoneIndicator_Above.png
[2021.12.08-00.54.27:951][  0]LogStreaming: Warning: Failed to read file '../../../Engine/Content/Editor/Slate/Niagara/Common/DropZoneIndicator_Onto.png' error.
[2021.12.08-00.54.27:951][  0]LogSlate: Could not find file for Slate resource: ../../../Engine/Content/Editor/Slate/Niagara/Common/DropZoneIndicator_Onto.png
[2021.12.08-00.54.27:951][  0]LogStreaming: Warning: Failed to read file '../../../Engine/Content/Editor/Slate/Niagara/Common/DropZoneIndicator_Below.png' error.
[2021.12.08-00.54.27:951][  0]LogSlate: Could not find file for Slate resource: ../../../Engine/Content/Editor/Slate/Niagara/Common/DropZoneIndicator_Below.png
[2021.12.08-00.54.27:952][  0]LogStreaming: Warning: Failed to read file '../../../Engine/Content/Editor/Slate/Niagara/Common/RoundedSelection_16x.png' error.
[2021.12.08-00.54.27:952][  0]LogSlate: Could not find file for Slate resource: ../../../Engine/Content/Editor/Slate/Niagara/Common/RoundedSelection_16x.png
[2021.12.08-00.54.27:952][  0]LogImageWrapper: Warning: PNG Warning: Duplicate iCCP chunk
[2021.12.08-00.54.27:952][  0]LogStreaming: Warning: Failed to read file '../../../Engine/Content/Editor/Slate/Niagara/Common/FlatButton.png' error.
[2021.12.08-00.54.27:952][  0]LogSlate: Could not find file for Slate resource: ../../../Engine/Content/Editor/Slate/Niagara/Common/FlatButton.png
[2021.12.08-00.54.27:952][  0]LogImageWrapper: Warning: PNG Warning: Duplicate iCCP chunk
[2021.12.08-00.54.28:024][  0]LogEngine: Initializing Engine...
[2021.12.08-00.54.28:028][  0]LogHMD: Failed to enumerate extensions. Please check that you have a valid OpenXR runtime installed.
[2021.12.08-00.54.28:028][  0]LogHMD: Failed to initialize OpenVR with code 110
[2021.12.08-00.54.28:028][  0]LogMagicLeap: Warning: VR disabled because ZI is not enabled.  To enable, in the editor, Edit -> Project Settings -> Plugins -> Magic Leap Plugin -> Enable Zero Iteration
[2021.12.08-00.54.28:029][  0]LogStats: UGameplayTagsManager::InitializeManager -  0.000 s
[2021.12.08-00.54.28:152][  0]LogInit: Initializing FReadOnlyCVARCache
[2021.12.08-00.54.28:161][  0]LogAIModule: Creating AISystem for world Untitled
[2021.12.08-00.54.28:162][  0]LogAudio: Display: Initializing Audio Device Manager...
[2021.12.08-00.54.28:166][  0]LogAudio: Display: Loading Default Audio Settings Objects...
[2021.12.08-00.54.28:167][  0]LogAudio: Display: No default SoundConcurrencyObject specified (or failed to load).
[2021.12.08-00.54.28:167][  0]LogAudio: Display: Audio Device Manager Initialized
[2021.12.08-00.54.28:168][  0]LogAudio: Display: Creating Audio Device:                 Id: 1, Scope: Shared, Realtime: True
[2021.12.08-00.54.28:168][  0]LogAudioMixer: Display: Audio Mixer Platform Settings:
[2021.12.08-00.54.28:168][  0]LogAudioMixer: Display: 	Sample Rate:						  48000
[2021.12.08-00.54.28:168][  0]LogAudioMixer: Display: 	Callback Buffer Frame Size Requested: 1024
[2021.12.08-00.54.28:168][  0]LogAudioMixer: Display: 	Callback Buffer Frame Size To Use:	  1024
[2021.12.08-00.54.28:168][  0]LogAudioMixer: Display: 	Number of buffers to queue:			  2
[2021.12.08-00.54.28:168][  0]LogAudioMixer: Display: 	Max Channels (voices):				  32
[2021.12.08-00.54.28:168][  0]LogAudioMixer: Display: 	Number of Async Source Workers:		  0
[2021.12.08-00.54.28:168][  0]LogAudio: Display: AudioDevice MaxSources: 32
[2021.12.08-00.54.28:168][  0]LogAudio: Display: Audio Spatialization Plugin: None (built-in).
[2021.12.08-00.54.28:168][  0]LogAudio: Display: Audio Reverb Plugin: None (built-in).
[2021.12.08-00.54.28:169][  0]LogAudio: Display: Audio Occlusion Plugin: None (built-in).
[2021.12.08-00.54.28:169][  0]LogAudioMixer: Display: Initializing audio mixer.
[2021.12.08-00.54.28:187][  0]LogAudioMixer: Display: 0: FrontLeft
[2021.12.08-00.54.28:187][  0]LogAudioMixer: Display: 1: FrontRight
[2021.12.08-00.54.28:216][  0]LogAudioMixer: Display: Using Audio Device Speakers (3- USB Audio Device)
[2021.12.08-00.54.28:219][  0]LogAudioMixer: Display: Initializing Sound Submixes...
[2021.12.08-00.54.28:221][  0]LogAudioMixer: Display: Creating Master Submix 'MasterSubmixDefault'
[2021.12.08-00.54.28:221][  0]LogAudioMixer: Display: Creating Master Submix 'MasterReverbSubmixDefault'
[2021.12.08-00.54.28:222][  0]LogAudioMixer: Display: Creating Master Submix 'MasterEQSubmixDefault'
[2021.12.08-00.54.28:222][  0]LogAudioMixer: FMixerPlatformXAudio2::StartAudioStream() called
[2021.12.08-00.54.28:223][  0]LogAudioMixer: Display: Output buffers initialized: Frames=1024, Channels=2, Samples=2048
[2021.12.08-00.54.28:224][  0]LogAudioMixer: Display: Starting AudioMixerPlatformInterface::RunInternal()
[2021.12.08-00.54.28:224][  0]LogAudioMixer: Display: FMixerPlatformXAudio2::SubmitBuffer() called for the first time
[2021.12.08-00.54.28:224][  0]LogInit: FAudioDevice initialized.
[2021.12.08-00.54.28:225][  0]LogAudio: Display: Audio Device (ID: 1) registered with world 'Untitled'.
[2021.12.08-00.54.28:225][  0]LogNetVersion: Set ProjectVersion to 1.0.0.0. Version Checksum will be recalculated on next use.
[2021.12.08-00.54.28:514][  0]LogDerivedDataCache: Saved boot cache 0.29s 98MB C:/Users/janua/AppData/Local/UnrealEngine/4.27/DerivedDataCache/Boot.ddc.
[2021.12.08-00.54.28:515][  0]LogInit: Texture streaming: Enabled
[2021.12.08-00.54.28:531][  0]LogAnalytics: Display: [UEEditor.Rocket.Release] APIServer = https://datarouter.ol.epicgames.com/. AppVersion = 4.27.0-17155196+++UE4+Release-4.27
[2021.12.08-00.54.28:538][  0]LogEngineSessionManager: EngineSessionManager initialized
[2021.12.08-00.54.28:538][  0]LogEngineSessionManager: EngineSessionManager sent abnormal shutdown report. Type=Debugger, SessionId={35BCC33C-4D64-0C60-924B-40ABB787856E}
[2021.12.08-00.54.28:538][  0]LogEditorSessionSummary: Verbose: Initializing EditorSessionSummaryWriter for editor session tracking
[2021.12.08-00.54.28:556][  0]LogEditorSessionSummary: EditorSessionSummaryWriter initialized
[2021.12.08-00.54.28:576][  0]LogInit: Transaction tracking system initialized
[2021.12.08-00.54.28:604][  0]BlueprintLog: New page: Editor Load
[2021.12.08-00.54.28:679][  0]LocalizationService: Localization service is disabled
[2021.12.08-00.54.28:709][  0]TimingProfiler: Initialize
[2021.12.08-00.54.28:709][  0]TimingProfiler: OnSessionChanged
[2021.12.08-00.54.28:709][  0]LoadingProfiler: Initialize
[2021.12.08-00.54.28:709][  0]LoadingProfiler: OnSessionChanged
[2021.12.08-00.54.28:710][  0]NetworkingProfiler: Initialize
[2021.12.08-00.54.28:710][  0]NetworkingProfiler: OnSessionChanged
[2021.12.08-00.54.28:710][  0]MemoryProfiler: Initialize
[2021.12.08-00.54.28:710][  0]MemoryProfiler: OnSessionChanged
[2021.12.08-00.54.28:850][  0]LogCook: Display: CookSettings for Memory: MemoryMaxUsedVirtual 0MiB, MemoryMaxUsedPhysical 16384MiB, MemoryMinFreeVirtual 0MiB, MemoryMinFreePhysical 1024MiB
[2021.12.08-00.54.28:851][  0]LogCook: Display: Mobile HDR setting 1
[2021.12.08-00.54.29:060][  0]LogFileCache: Scanning file cache for directory 'D:/UnrealProjects/APortedStudy/Content/' took 0.01s
[2021.12.08-00.54.29:169][  0]LogStreaming: Warning: Failed to read file '../../../Engine/Content/Editor/Slate/Niagara/MenuSeparator.png' error.
[2021.12.08-00.54.29:169][  0]LogSlate: Could not find file for Slate resource: ../../../Engine/Content/Editor/Slate/Niagara/MenuSeparator.png
[2021.12.08-00.54.29:169][  0]LogStreaming: Warning: Failed to read file '../../../Engine/Content/Editor/Slate/Niagara/Common/Selector.png' error.
[2021.12.08-00.54.29:169][  0]LogSlate: Could not find file for Slate resource: ../../../Engine/Content/Editor/Slate/Niagara/Common/Selector.png
[2021.12.08-00.54.29:169][  0]LogStreaming: Warning: Failed to read file '../../../Engine/Content/Editor/Slate/Niagara/Common/Selection.png' error.
[2021.12.08-00.54.29:169][  0]LogSlate: Could not find file for Slate resource: ../../../Engine/Content/Editor/Slate/Niagara/Common/Selection.png
[2021.12.08-00.54.29:169][  0]LogStreaming: Warning: Failed to read file '../../../Engine/Content/Editor/Slate/Niagara/Common/DropZoneIndicator_Above.png' error.
[2021.12.08-00.54.29:169][  0]LogStreaming: Warning: Failed to read file '../../../Engine/Content/Editor/Slate/Niagara/Common/DropZoneIndicator_Onto.png' error.
[2021.12.08-00.54.29:169][  0]LogSlate: Could not find file for Slate resource: ../../../Engine/Content/Editor/Slate/Niagara/Common/DropZoneIndicator_Onto.png
[2021.12.08-00.54.29:169][  0]LogStreaming: Warning: Failed to read file '../../../Engine/Content/Editor/Slate/Niagara/Common/DropZoneIndicator_Below.png' error.
[2021.12.08-00.54.29:169][  0]LogSlate: Could not find file for Slate resource: ../../../Engine/Content/Editor/Slate/Niagara/Common/DropZoneIndicator_Below.png
[2021.12.08-00.54.29:169][  0]LogStreaming: Warning: Failed to read file '../../../Engine/Content/Editor/Slate/Niagara/Common/RoundedSelection_16x.png' error.
[2021.12.08-00.54.29:169][  0]LogSlate: Could not find file for Slate resource: ../../../Engine/Content/Editor/Slate/Niagara/Common/RoundedSelection_16x.png
[2021.12.08-00.54.29:169][  0]LogStreaming: Warning: Failed to read file '../../../Engine/Content/Editor/Slate/Niagara/Common/FlatButton.png' error.
[2021.12.08-00.54.29:170][  0]LogSlate: Could not find file for Slate resource: ../../../Engine/Content/Editor/Slate/Niagara/Common/FlatButton.png
[2021.12.08-00.54.29:170][  0]LogSlate: Could not find file for Slate resource: ../../../Engine/Content/Editor/Slate/Niagara/Common/DropZoneIndicator_Above.png
[2021.12.08-00.54.29:213][  0]LogImageWrapper: Warning: PNG Warning: Duplicate iCCP chunk
[2021.12.08-00.54.29:213][  0]LogImageWrapper: Warning: PNG Warning: Duplicate iCCP chunk
[2021.12.08-00.54.29:224][  0]LogInit: Display: Engine is initialized. Leaving FEngineLoop::Init()
[2021.12.08-00.54.29:226][  0]SourceControl: Source control is disabled
[2021.12.08-00.54.29:226][  0]LogUnrealEdMisc: Loading editor; pre map load, took 7.915
[2021.12.08-00.54.29:227][  0]Cmd: MAP LOAD FILE="../../../Engine/Content/Maps/Templates/Template_Default.umap" TEMPLATE=1 SHOWPROGRESS=1 FEATURELEVEL=3
[2021.12.08-00.54.29:227][  0]LightingResults: New page: Lighting Build
[2021.12.08-00.54.29:228][  0]LogWorld: UWorld::CleanupWorld for Untitled, bSessionEnded=true, bCleanupResources=true
[2021.12.08-00.54.29:228][  0]LogSlate: InvalidateAllWidgets triggered.  All widgets were invalidated
[2021.12.08-00.54.29:229][  0]MapCheck: New page: Map Check
[2021.12.08-00.54.29:229][  0]LightingResults: New page: Lighting Build
[2021.12.08-00.54.29:233][  0]LogAudio: Display: Audio Device unregistered from world 'None'.
[2021.12.08-00.54.29:237][  0]LogUObjectHash: Compacting FUObjectHashTables data took   0.74ms
[2021.12.08-00.54.29:289][  0]LogTexture: Display: Building textures: DeprecatedTextureEB9CBE3C423008B5E8E130901E171C89 (BGRA8, 128X128)
[2021.12.08-00.54.29:292][  0]LogAudio: Display: Audio Device (ID: 1) registered with world 'Untitled_1'.
[2021.12.08-00.54.29:293][  0]LogAIModule: Creating AISystem for world Untitled_1
[2021.12.08-00.54.29:299][  0]LogEditorServer: Finished looking for orphan Actors (0.000 secs)
[2021.12.08-00.54.29:306][  0]LogUObjectHash: Compacting FUObjectHashTables data took   0.80ms
[2021.12.08-00.54.29:307][  0]Cmd: MAP CHECKDEP NOCLEARLOG
[2021.12.08-00.54.29:307][  0]MapCheck: Map check complete: 0 Error(s), 0 Warning(s), took 0.132ms to complete.
[2021.12.08-00.54.29:307][  0]LogFileHelpers: Loading map 'Template_Default' took 0.081
[2021.12.08-00.54.29:309][  0]LogUnrealEdMisc: Total Editor Startup Time, took 7.998
[2021.12.08-00.54.29:436][  0]LogSlate: Updating window title bar state: overlay mode, drag disabled, window buttons hidden, title bar hidden
[2021.12.08-00.54.29:443][  0]LogSlate: Updating window title bar state: overlay mode, drag disabled, window buttons hidden, title bar hidden
[2021.12.08-00.54.29:449][  0]LogSlate: Updating window title bar state: overlay mode, drag disabled, window buttons hidden, title bar hidden
[2021.12.08-00.54.29:456][  0]LogSlate: Updating window title bar state: overlay mode, drag disabled, window buttons hidden, title bar hidden
[2021.12.08-00.54.29:469][  0]LogNativeClassHierarchy: Verbose: Native class hierarchy populated in 0.0089 seconds. Added 3836 classes and 930 folders.
[2021.12.08-00.54.29:471][  0]LogNativeClassHierarchy: Verbose: Native class hierarchy updated for 'WidgetCarousel' in 0.0003 seconds. Added 0 classes and 0 folders.
[2021.12.08-00.54.29:472][  0]LogPakFile: PakFile PrimaryIndexSize=187
[2021.12.08-00.54.29:472][  0]LogPakFile: PakFile PathHashIndexSize=101
[2021.12.08-00.54.29:472][  0]LogPakFile: PakFile FullDirectoryIndexSize=148
[2021.12.08-00.54.29:472][  0]LogShaderLibrary: Display: ShaderCodeLibraryPakFileMountedCallback: PakFile 'D:/UE_4.27/FeaturePacks/FP_FirstPerson.upack' (chunk index -1, root 'root:/') mounted
[2021.12.08-00.54.29:472][  0]LogShaderLibrary: Display: ShaderCodeLibraryPakFileMountedCallback: pending pak file info (ChunkID:-1 Root:root:/ File:D:/UE_4.27/FeaturePacks/FP_FirstPerson.upack)
[2021.12.08-00.54.29:472][  0]LogPakFile: OnPakFileMounted2Time == 0.000157
[2021.12.08-00.54.29:473][  0]LogPakFile: PakFile PrimaryIndexSize=189
[2021.12.08-00.54.29:473][  0]LogPakFile: PakFile PathHashIndexSize=101
[2021.12.08-00.54.29:473][  0]LogPakFile: PakFile FullDirectoryIndexSize=152
[2021.12.08-00.54.29:473][  0]LogShaderLibrary: Display: ShaderCodeLibraryPakFileMountedCallback: PakFile 'D:/UE_4.27/FeaturePacks/FP_FirstPersonBP.upack' (chunk index -1, root 'root:/') mounted
[2021.12.08-00.54.29:473][  0]LogShaderLibrary: Display: ShaderCodeLibraryPakFileMountedCallback: pending pak file info (ChunkID:-1 Root:root:/ File:D:/UE_4.27/FeaturePacks/FP_FirstPersonBP.upack)
[2021.12.08-00.54.29:473][  0]LogPakFile: OnPakFileMounted2Time == 0.000112
[2021.12.08-00.54.29:474][  0]LogPakFile: PakFile PrimaryIndexSize=191
[2021.12.08-00.54.29:474][  0]LogPakFile: PakFile PathHashIndexSize=101
[2021.12.08-00.54.29:474][  0]LogPakFile: PakFile FullDirectoryIndexSize=160
[2021.12.08-00.54.29:474][  0]LogShaderLibrary: Display: ShaderCodeLibraryPakFileMountedCallback: PakFile 'D:/UE_4.27/FeaturePacks/MobileStarterContent.upack' (chunk index -1, root 'root:/') mounted
[2021.12.08-00.54.29:474][  0]LogShaderLibrary: Display: ShaderCodeLibraryPakFileMountedCallback: pending pak file info (ChunkID:-1 Root:root:/ File:D:/UE_4.27/FeaturePacks/MobileStarterContent.upack)
[2021.12.08-00.54.29:474][  0]LogPakFile: OnPakFileMounted2Time == 0.000164
[2021.12.08-00.54.29:475][  0]LogPakFile: PakFile PrimaryIndexSize=185
[2021.12.08-00.54.29:475][  0]LogPakFile: PakFile PathHashIndexSize=101
[2021.12.08-00.54.29:475][  0]LogPakFile: PakFile FullDirectoryIndexSize=148
[2021.12.08-00.54.29:475][  0]LogShaderLibrary: Display: ShaderCodeLibraryPakFileMountedCallback: PakFile 'D:/UE_4.27/FeaturePacks/StarterContent.upack' (chunk index -1, root 'root:/') mounted
[2021.12.08-00.54.29:475][  0]LogShaderLibrary: Display: ShaderCodeLibraryPakFileMountedCallback: pending pak file info (ChunkID:-1 Root:root:/ File:D:/UE_4.27/FeaturePacks/StarterContent.upack)
[2021.12.08-00.54.29:475][  0]LogPakFile: OnPakFileMounted2Time == 0.000157
[2021.12.08-00.54.29:476][  0]LogPakFile: PakFile PrimaryIndexSize=190
[2021.12.08-00.54.29:476][  0]LogPakFile: PakFile PathHashIndexSize=101
[2021.12.08-00.54.29:476][  0]LogPakFile: PakFile FullDirectoryIndexSize=154
[2021.12.08-00.54.29:476][  0]LogShaderLibrary: Display: ShaderCodeLibraryPakFileMountedCallback: PakFile 'D:/UE_4.27/FeaturePacks/TP_2DSideScroller.upack' (chunk index -1, root 'root:/') mounted
[2021.12.08-00.54.29:476][  0]LogShaderLibrary: Display: ShaderCodeLibraryPakFileMountedCallback: pending pak file info (ChunkID:-1 Root:root:/ File:D:/UE_4.27/FeaturePacks/TP_2DSideScroller.upack)
[2021.12.08-00.54.29:476][  0]LogPakFile: OnPakFileMounted2Time == 0.000111
[2021.12.08-00.54.29:476][  0]LogPakFile: PakFile PrimaryIndexSize=192
[2021.12.08-00.54.29:476][  0]LogPakFile: PakFile PathHashIndexSize=101
[2021.12.08-00.54.29:476][  0]LogPakFile: PakFile FullDirectoryIndexSize=158
[2021.12.08-00.54.29:477][  0]LogShaderLibrary: Display: ShaderCodeLibraryPakFileMountedCallback: PakFile 'D:/UE_4.27/FeaturePacks/TP_2DSideScrollerBP.upack' (chunk index -1, root 'root:/') mounted
[2021.12.08-00.54.29:477][  0]LogShaderLibrary: Display: ShaderCodeLibraryPakFileMountedCallback: pending pak file info (ChunkID:-1 Root:root:/ File:D:/UE_4.27/FeaturePacks/TP_2DSideScrollerBP.upack)
[2021.12.08-00.54.29:477][  0]LogPakFile: OnPakFileMounted2Time == 0.000115
[2021.12.08-00.54.29:477][  0]LogPakFile: PakFile PrimaryIndexSize=182
[2021.12.08-00.54.29:477][  0]LogPakFile: PakFile PathHashIndexSize=101
[2021.12.08-00.54.29:477][  0]LogPakFile: PakFile FullDirectoryIndexSize=138
[2021.12.08-00.54.29:477][  0]LogShaderLibrary: Display: ShaderCodeLibraryPakFileMountedCallback: PakFile 'D:/UE_4.27/FeaturePacks/TP_Flying.upack' (chunk index -1, root 'root:/') mounted
[2021.12.08-00.54.29:477][  0]LogShaderLibrary: Display: ShaderCodeLibraryPakFileMountedCallback: pending pak file info (ChunkID:-1 Root:root:/ File:D:/UE_4.27/FeaturePacks/TP_Flying.upack)
[2021.12.08-00.54.29:477][  0]LogPakFile: OnPakFileMounted2Time == 0.000115
[2021.12.08-00.54.29:478][  0]LogPakFile: PakFile PrimaryIndexSize=184
[2021.12.08-00.54.29:478][  0]LogPakFile: PakFile PathHashIndexSize=101
[2021.12.08-00.54.29:478][  0]LogPakFile: PakFile FullDirectoryIndexSize=142
[2021.12.08-00.54.29:478][  0]LogShaderLibrary: Display: ShaderCodeLibraryPakFileMountedCallback: PakFile 'D:/UE_4.27/FeaturePacks/TP_FlyingBP.upack' (chunk index -1, root 'root:/') mounted
[2021.12.08-00.54.29:478][  0]LogShaderLibrary: Display: ShaderCodeLibraryPakFileMountedCallback: pending pak file info (ChunkID:-1 Root:root:/ File:D:/UE_4.27/FeaturePacks/TP_FlyingBP.upack)
[2021.12.08-00.54.29:478][  0]LogPakFile: OnPakFileMounted2Time == 0.000116
[2021.12.08-00.54.29:479][  0]LogPakFile: PakFile PrimaryIndexSize=188
[2021.12.08-00.54.29:479][  0]LogPakFile: PakFile PathHashIndexSize=101
[2021.12.08-00.54.29:479][  0]LogPakFile: PakFile FullDirectoryIndexSize=150
[2021.12.08-00.54.29:479][  0]LogShaderLibrary: Display: ShaderCodeLibraryPakFileMountedCallback: PakFile 'D:/UE_4.27/FeaturePacks/TP_HandheldARBP.upack' (chunk index -1, root 'root:/') mounted
[2021.12.08-00.54.29:479][  0]LogShaderLibrary: Display: ShaderCodeLibraryPakFileMountedCallback: pending pak file info (ChunkID:-1 Root:root:/ File:D:/UE_4.27/FeaturePacks/TP_HandheldARBP.upack)
[2021.12.08-00.54.29:479][  0]LogPakFile: OnPakFileMounted2Time == 0.000114
[2021.12.08-00.54.29:480][  0]LogPakFile: PakFile PrimaryIndexSize=182
[2021.12.08-00.54.29:480][  0]LogPakFile: PakFile PathHashIndexSize=101
[2021.12.08-00.54.29:480][  0]LogPakFile: PakFile FullDirectoryIndexSize=138
[2021.12.08-00.54.29:480][  0]LogShaderLibrary: Display: ShaderCodeLibraryPakFileMountedCallback: PakFile 'D:/UE_4.27/FeaturePacks/TP_Puzzle.upack' (chunk index -1, root 'root:/') mounted
[2021.12.08-00.54.29:480][  0]LogShaderLibrary: Display: ShaderCodeLibraryPakFileMountedCallback: pending pak file info (ChunkID:-1 Root:root:/ File:D:/UE_4.27/FeaturePacks/TP_Puzzle.upack)
[2021.12.08-00.54.29:480][  0]LogPakFile: OnPakFileMounted2Time == 0.000187
[2021.12.08-00.54.29:481][  0]LogPakFile: PakFile PrimaryIndexSize=184
[2021.12.08-00.54.29:481][  0]LogPakFile: PakFile PathHashIndexSize=101
[2021.12.08-00.54.29:481][  0]LogPakFile: PakFile FullDirectoryIndexSize=142
[2021.12.08-00.54.29:481][  0]LogShaderLibrary: Display: ShaderCodeLibraryPakFileMountedCallback: PakFile 'D:/UE_4.27/FeaturePacks/TP_PuzzleBP.upack' (chunk index -1, root 'root:/') mounted
[2021.12.08-00.54.29:481][  0]LogShaderLibrary: Display: ShaderCodeLibraryPakFileMountedCallback: pending pak file info (ChunkID:-1 Root:root:/ File:D:/UE_4.27/FeaturePacks/TP_PuzzleBP.upack)
[2021.12.08-00.54.29:481][  0]LogPakFile: OnPakFileMounted2Time == 0.000110
[2021.12.08-00.54.29:482][  0]LogPakFile: PakFile PrimaryIndexSize=183
[2021.12.08-00.54.29:482][  0]LogPakFile: PakFile PathHashIndexSize=101
[2021.12.08-00.54.29:482][  0]LogPakFile: PakFile FullDirectoryIndexSize=140
[2021.12.08-00.54.29:482][  0]LogShaderLibrary: Display: ShaderCodeLibraryPakFileMountedCallback: PakFile 'D:/UE_4.27/FeaturePacks/TP_Rolling.upack' (chunk index -1, root 'root:/') mounted
[2021.12.08-00.54.29:482][  0]LogShaderLibrary: Display: ShaderCodeLibraryPakFileMountedCallback: pending pak file info (ChunkID:-1 Root:root:/ File:D:/UE_4.27/FeaturePacks/TP_Rolling.upack)
[2021.12.08-00.54.29:482][  0]LogPakFile: OnPakFileMounted2Time == 0.000171
[2021.12.08-00.54.29:483][  0]LogPakFile: PakFile PrimaryIndexSize=185
[2021.12.08-00.54.29:483][  0]LogPakFile: PakFile PathHashIndexSize=101
[2021.12.08-00.54.29:483][  0]LogPakFile: PakFile FullDirectoryIndexSize=144
[2021.12.08-00.54.29:483][  0]LogShaderLibrary: Display: ShaderCodeLibraryPakFileMountedCallback: PakFile 'D:/UE_4.27/FeaturePacks/TP_RollingBP.upack' (chunk index -1, root 'root:/') mounted
[2021.12.08-00.54.29:483][  0]LogShaderLibrary: Display: ShaderCodeLibraryPakFileMountedCallback: pending pak file info (ChunkID:-1 Root:root:/ File:D:/UE_4.27/FeaturePacks/TP_RollingBP.upack)
[2021.12.08-00.54.29:483][  0]LogPakFile: OnPakFileMounted2Time == 0.000111
[2021.12.08-00.54.29:484][  0]LogPakFile: PakFile PrimaryIndexSize=188
[2021.12.08-00.54.29:484][  0]LogPakFile: PakFile PathHashIndexSize=101
[2021.12.08-00.54.29:484][  0]LogPakFile: PakFile FullDirectoryIndexSize=150
[2021.12.08-00.54.29:484][  0]LogShaderLibrary: Display: ShaderCodeLibraryPakFileMountedCallback: PakFile 'D:/UE_4.27/FeaturePacks/TP_SideScroller.upack' (chunk index -1, root 'root:/') mounted
[2021.12.08-00.54.29:484][  0]LogShaderLibrary: Display: ShaderCodeLibraryPakFileMountedCallback: pending pak file info (ChunkID:-1 Root:root:/ File:D:/UE_4.27/FeaturePacks/TP_SideScroller.upack)
[2021.12.08-00.54.29:484][  0]LogPakFile: OnPakFileMounted2Time == 0.000134
[2021.12.08-00.54.29:485][  0]LogPakFile: PakFile PrimaryIndexSize=190
[2021.12.08-00.54.29:485][  0]LogPakFile: PakFile PathHashIndexSize=101
[2021.12.08-00.54.29:485][  0]LogPakFile: PakFile FullDirectoryIndexSize=154
[2021.12.08-00.54.29:485][  0]LogShaderLibrary: Display: ShaderCodeLibraryPakFileMountedCallback: PakFile 'D:/UE_4.27/FeaturePacks/TP_SideScrollerBP.upack' (chunk index -1, root 'root:/') mounted
[2021.12.08-00.54.29:485][  0]LogShaderLibrary: Display: ShaderCodeLibraryPakFileMountedCallback: pending pak file info (ChunkID:-1 Root:root:/ File:D:/UE_4.27/FeaturePacks/TP_SideScrollerBP.upack)
[2021.12.08-00.54.29:485][  0]LogPakFile: OnPakFileMounted2Time == 0.000155
[2021.12.08-00.54.29:486][  0]LogPakFile: PakFile PrimaryIndexSize=187
[2021.12.08-00.54.29:486][  0]LogPakFile: PakFile PathHashIndexSize=101
[2021.12.08-00.54.29:486][  0]LogPakFile: PakFile FullDirectoryIndexSize=148
[2021.12.08-00.54.29:487][  0]LogShaderLibrary: Display: ShaderCodeLibraryPakFileMountedCallback: PakFile 'D:/UE_4.27/FeaturePacks/TP_ThirdPerson.upack' (chunk index -1, root 'root:/') mounted
[2021.12.08-00.54.29:487][  0]LogShaderLibrary: Display: ShaderCodeLibraryPakFileMountedCallback: pending pak file info (ChunkID:-1 Root:root:/ File:D:/UE_4.27/FeaturePacks/TP_ThirdPerson.upack)
[2021.12.08-00.54.29:487][  0]LogPakFile: OnPakFileMounted2Time == 0.000169
[2021.12.08-00.54.29:488][  0]LogPakFile: PakFile PrimaryIndexSize=189
[2021.12.08-00.54.29:488][  0]LogPakFile: PakFile PathHashIndexSize=101
[2021.12.08-00.54.29:488][  0]LogPakFile: PakFile FullDirectoryIndexSize=152
[2021.12.08-00.54.29:488][  0]LogShaderLibrary: Display: ShaderCodeLibraryPakFileMountedCallback: PakFile 'D:/UE_4.27/FeaturePacks/TP_ThirdPersonBP.upack' (chunk index -1, root 'root:/') mounted
[2021.12.08-00.54.29:488][  0]LogShaderLibrary: Display: ShaderCodeLibraryPakFileMountedCallback: pending pak file info (ChunkID:-1 Root:root:/ File:D:/UE_4.27/FeaturePacks/TP_ThirdPersonBP.upack)
[2021.12.08-00.54.29:488][  0]LogPakFile: OnPakFileMounted2Time == 0.000156
[2021.12.08-00.54.29:489][  0]LogPakFile: PakFile PrimaryIndexSize=183
[2021.12.08-00.54.29:489][  0]LogPakFile: PakFile PathHashIndexSize=101
[2021.12.08-00.54.29:489][  0]LogPakFile: PakFile FullDirectoryIndexSize=140
[2021.12.08-00.54.29:489][  0]LogShaderLibrary: Display: ShaderCodeLibraryPakFileMountedCallback: PakFile 'D:/UE_4.27/FeaturePacks/TP_TopDown.upack' (chunk index -1, root 'root:/') mounted
[2021.12.08-00.54.29:489][  0]LogShaderLibrary: Display: ShaderCodeLibraryPakFileMountedCallback: pending pak file info (ChunkID:-1 Root:root:/ File:D:/UE_4.27/FeaturePacks/TP_TopDown.upack)
[2021.12.08-00.54.29:489][  0]LogPakFile: OnPakFileMounted2Time == 0.000120
[2021.12.08-00.54.29:489][  0]LogPakFile: PakFile PrimaryIndexSize=185
[2021.12.08-00.54.29:489][  0]LogPakFile: PakFile PathHashIndexSize=101
[2021.12.08-00.54.29:489][  0]LogPakFile: PakFile FullDirectoryIndexSize=144
[2021.12.08-00.54.29:489][  0]LogShaderLibrary: Display: ShaderCodeLibraryPakFileMountedCallback: PakFile 'D:/UE_4.27/FeaturePacks/TP_TopDownBP.upack' (chunk index -1, root 'root:/') mounted
[2021.12.08-00.54.29:490][  0]LogShaderLibrary: Display: ShaderCodeLibraryPakFileMountedCallback: pending pak file info (ChunkID:-1 Root:root:/ File:D:/UE_4.27/FeaturePacks/TP_TopDownBP.upack)
[2021.12.08-00.54.29:490][  0]LogPakFile: OnPakFileMounted2Time == 0.000136
[2021.12.08-00.54.29:490][  0]LogPakFile: PakFile PrimaryIndexSize=185
[2021.12.08-00.54.29:490][  0]LogPakFile: PakFile PathHashIndexSize=101
[2021.12.08-00.54.29:490][  0]LogPakFile: PakFile FullDirectoryIndexSize=144
[2021.12.08-00.54.29:490][  0]LogShaderLibrary: Display: ShaderCodeLibraryPakFileMountedCallback: PakFile 'D:/UE_4.27/FeaturePacks/TP_TwinStick.upack' (chunk index -1, root 'root:/') mounted
[2021.12.08-00.54.29:490][  0]LogShaderLibrary: Display: ShaderCodeLibraryPakFileMountedCallback: pending pak file info (ChunkID:-1 Root:root:/ File:D:/UE_4.27/FeaturePacks/TP_TwinStick.upack)
[2021.12.08-00.54.29:490][  0]LogPakFile: OnPakFileMounted2Time == 0.000118
[2021.12.08-00.54.29:491][  0]LogPakFile: PakFile PrimaryIndexSize=187
[2021.12.08-00.54.29:491][  0]LogPakFile: PakFile PathHashIndexSize=101
[2021.12.08-00.54.29:491][  0]LogPakFile: PakFile FullDirectoryIndexSize=148
[2021.12.08-00.54.29:491][  0]LogShaderLibrary: Display: ShaderCodeLibraryPakFileMountedCallback: PakFile 'D:/UE_4.27/FeaturePacks/TP_TwinStickBP.upack' (chunk index -1, root 'root:/') mounted
[2021.12.08-00.54.29:491][  0]LogShaderLibrary: Display: ShaderCodeLibraryPakFileMountedCallback: pending pak file info (ChunkID:-1 Root:root:/ File:D:/UE_4.27/FeaturePacks/TP_TwinStickBP.upack)
[2021.12.08-00.54.29:491][  0]LogPakFile: OnPakFileMounted2Time == 0.000114
[2021.12.08-00.54.29:492][  0]LogPakFile: PakFile PrimaryIndexSize=183
[2021.12.08-00.54.29:492][  0]LogPakFile: PakFile PathHashIndexSize=101
[2021.12.08-00.54.29:492][  0]LogPakFile: PakFile FullDirectoryIndexSize=140
[2021.12.08-00.54.29:492][  0]LogShaderLibrary: Display: ShaderCodeLibraryPakFileMountedCallback: PakFile 'D:/UE_4.27/FeaturePacks/TP_Vehicle.upack' (chunk index -1, root 'root:/') mounted
[2021.12.08-00.54.29:492][  0]LogShaderLibrary: Display: ShaderCodeLibraryPakFileMountedCallback: pending pak file info (ChunkID:-1 Root:root:/ File:D:/UE_4.27/FeaturePacks/TP_Vehicle.upack)
[2021.12.08-00.54.29:492][  0]LogPakFile: OnPakFileMounted2Time == 0.000114
[2021.12.08-00.54.29:492][  0]LogPakFile: PakFile PrimaryIndexSize=186
[2021.12.08-00.54.29:492][  0]LogPakFile: PakFile PathHashIndexSize=101
[2021.12.08-00.54.29:493][  0]LogPakFile: PakFile FullDirectoryIndexSize=146
[2021.12.08-00.54.29:493][  0]LogShaderLibrary: Display: ShaderCodeLibraryPakFileMountedCallback: PakFile 'D:/UE_4.27/FeaturePacks/TP_VehicleAdv.upack' (chunk index -1, root 'root:/') mounted
[2021.12.08-00.54.29:493][  0]LogShaderLibrary: Display: ShaderCodeLibraryPakFileMountedCallback: pending pak file info (ChunkID:-1 Root:root:/ File:D:/UE_4.27/FeaturePacks/TP_VehicleAdv.upack)
[2021.12.08-00.54.29:493][  0]LogPakFile: OnPakFileMounted2Time == 0.000113
[2021.12.08-00.54.29:493][  0]LogPakFile: PakFile PrimaryIndexSize=188
[2021.12.08-00.54.29:493][  0]LogPakFile: PakFile PathHashIndexSize=101
[2021.12.08-00.54.29:493][  0]LogPakFile: PakFile FullDirectoryIndexSize=150
[2021.12.08-00.54.29:493][  0]LogShaderLibrary: Display: ShaderCodeLibraryPakFileMountedCallback: PakFile 'D:/UE_4.27/FeaturePacks/TP_VehicleAdvBP.upack' (chunk index -1, root 'root:/') mounted
[2021.12.08-00.54.29:494][  0]LogShaderLibrary: Display: ShaderCodeLibraryPakFileMountedCallback: pending pak file info (ChunkID:-1 Root:root:/ File:D:/UE_4.27/FeaturePacks/TP_VehicleAdvBP.upack)
[2021.12.08-00.54.29:494][  0]LogPakFile: OnPakFileMounted2Time == 0.000125
[2021.12.08-00.54.29:494][  0]LogPakFile: PakFile PrimaryIndexSize=185
[2021.12.08-00.54.29:494][  0]LogPakFile: PakFile PathHashIndexSize=101
[2021.12.08-00.54.29:494][  0]LogPakFile: PakFile FullDirectoryIndexSize=144
[2021.12.08-00.54.29:494][  0]LogShaderLibrary: Display: ShaderCodeLibraryPakFileMountedCallback: PakFile 'D:/UE_4.27/FeaturePacks/TP_VehicleBP.upack' (chunk index -1, root 'root:/') mounted
[2021.12.08-00.54.29:494][  0]LogShaderLibrary: Display: ShaderCodeLibraryPakFileMountedCallback: pending pak file info (ChunkID:-1 Root:root:/ File:D:/UE_4.27/FeaturePacks/TP_VehicleBP.upack)
[2021.12.08-00.54.29:494][  0]LogPakFile: OnPakFileMounted2Time == 0.000122
[2021.12.08-00.54.29:495][  0]LogPakFile: PakFile PrimaryIndexSize=192
[2021.12.08-00.54.29:495][  0]LogPakFile: PakFile PathHashIndexSize=101
[2021.12.08-00.54.29:495][  0]LogPakFile: PakFile FullDirectoryIndexSize=158
[2021.12.08-00.54.29:495][  0]LogShaderLibrary: Display: ShaderCodeLibraryPakFileMountedCallback: PakFile 'D:/UE_4.27/FeaturePacks/TP_VirtualRealityBP.upack' (chunk index -1, root 'root:/') mounted
[2021.12.08-00.54.29:495][  0]LogShaderLibrary: Display: ShaderCodeLibraryPakFileMountedCallback: pending pak file info (ChunkID:-1 Root:root:/ File:D:/UE_4.27/FeaturePacks/TP_VirtualRealityBP.upack)
[2021.12.08-00.54.29:495][  0]LogPakFile: OnPakFileMounted2Time == 0.000118
[2021.12.08-00.54.29:535][  0]LogNativeClassHierarchy: Verbose: Native class hierarchy updated for 'AddContentDialog' in 0.0003 seconds. Added 0 classes and 0 folders.
[2021.12.08-00.54.29:548][  0]LogNativeClassHierarchy: Verbose: Native class hierarchy updated for 'SceneOutliner' in 0.0003 seconds. Added 2 classes and 0 folders.
[2021.12.08-00.54.29:658][  0]LogSlate: Took 0.000313 seconds to synchronously load lazily loaded font '../../../Engine/Content/Slate/Fonts/Roboto-Regular.ttf' (155K)
[2021.12.08-00.54.29:677][  0]LogSlate: Took 0.000158 seconds to synchronously load lazily loaded font '../../../Engine/Content/Editor/Slate/Fonts/FontAwesome.ttf' (139K)
[2021.12.08-00.54.29:707][  0]LogSlate: Took 0.000166 seconds to synchronously load lazily loaded font '../../../Engine/Content/Slate/Fonts/Roboto-Bold.ttf' (160K)
[2021.12.08-00.54.29:820][  0]LogRenderer: Reallocating scene render targets to support 1204x668 Format 10 NumSamples 1 (Frame:1).
[2021.12.08-00.54.29:874][  0]LogSlate: Took 0.000417 seconds to synchronously load lazily loaded font '../../../Engine/Content/Slate/Fonts/Roboto-Light.ttf' (167K)
[2021.12.08-00.54.30:174][  0]LogNativeClassHierarchy: Verbose: Native class hierarchy updated for 'HierarchicalLODOutliner' in 0.0003 seconds. Added 0 classes and 0 folders.
[2021.12.08-00.54.30:174][  0]LogLoad: (Engine Initialization) Total time: 8.86 seconds
[2021.12.08-00.54.30:175][  0]LogLoad: (Engine Initialization) Total Blueprint compile time: 0.00 seconds
[2021.12.08-00.54.30:268][  0]LogAssetRegistry: Asset discovery search completed in 5.1242 seconds
[2021.12.08-00.54.30:290][  0]LogCollectionManager: Fixed up redirectors for 0 collections in 0.000007 seconds (updated 0 objects)
[2021.12.08-00.54.30:301][  0]LogContentStreaming: Texture pool size now 1000 MB
[2021.12.08-00.54.34:058][133]LogUObjectHash: Compacting FUObjectHashTables data took   0.54ms
[2021.12.08-00.54.34:065][133]LogSlate: Took 0.000116 seconds to synchronously load lazily loaded font '../../../Engine/Content/Slate/Fonts/Roboto-Light.ttf' (167K)
[2021.12.08-00.54.34:121][133]LogAssetEditorSubsystem: Opening Asset editor for World /Game/Untitled.Untitled
[2021.12.08-00.54.34:122][133]Cmd: MAP LOAD FILE="../../../../UnrealProjects/APortedStudy/Content/Untitled.umap" TEMPLATE=0 SHOWPROGRESS=1 FEATURELEVEL=3
[2021.12.08-00.54.34:122][133]LightingResults: New page: Lighting Build
[2021.12.08-00.54.34:122][133]LoadErrors: New page: Loading map: Untitled.umap
[2021.12.08-00.54.34:144][133]LogWorld: UWorld::CleanupWorld for Untitled_1, bSessionEnded=true, bCleanupResources=true
[2021.12.08-00.54.34:144][133]LogSlate: InvalidateAllWidgets triggered.  All widgets were invalidated
[2021.12.08-00.54.34:144][133]MapCheck: New page: Map Check
[2021.12.08-00.54.34:145][133]LightingResults: New page: Lighting Build
[2021.12.08-00.54.34:149][133]LogAudio: Display: Audio Device unregistered from world 'None'.
[2021.12.08-00.54.34:151][133]LogUObjectHash: Compacting FUObjectHashTables data took   0.80ms
[2021.12.08-00.54.34:152][133]LogAudio: Display: Audio Device (ID: 1) registered with world 'Untitled'.
[2021.12.08-00.54.34:219][133]LogEditorServer: Finished looking for orphan Actors (0.000 secs)
[2021.12.08-00.54.34:219][133]LogAIModule: Creating AISystem for world Untitled
[2021.12.08-00.54.34:227][133]LogUObjectHash: Compacting FUObjectHashTables data took   0.59ms
[2021.12.08-00.54.34:236][133]Cmd: MAP CHECKDEP NOCLEARLOG
[2021.12.08-00.54.34:236][133]MapCheck: Map check complete: 0 Error(s), 0 Warning(s), took 0.096ms to complete.
[2021.12.08-00.54.34:236][133]LogFileHelpers: Loading map 'Untitled' took 0.115
[2021.12.08-00.54.36:975][455]LogEditorViewport: Clicking on Actor (LMB): MemoryGridDeactivationConsole (MemoryGridDeactivationConsole36)
[2021.12.08-00.54.55:785][530]LogSlate: Took 0.000181 seconds to synchronously load lazily loaded font '../../../Engine/Content/Slate/Fonts/Roboto-Italic.ttf' (157K)
[2021.12.08-00.59.07:040][700]Candidate modules for hot reload:
[2021.12.08-00.59.07:040][700]  APortedStudy
[2021.12.08-00.59.07:040][700]Launching UnrealBuildTool... [D:/UE_4.27/Engine/Binaries/DotNET/UnrealBuildTool.exe  -ModuleWithSuffix=APortedStudy,0991 APortedStudyEditor Win64 Development -Project="D:/UnrealProjects/APortedStudy/APortedStudy.uproject" "D:/UnrealProjects/APortedStudy/APortedStudy.uproject"  -IgnoreJunk]
[2021.12.08-00.59.07:043][700]Warning: Starting HotReload took  0.0s.
[2021.12.08-00.59.25:618][235]CompilerResultsLog: New page: Compilation - 8 Dec 2021, 00:59:25
[2021.12.08-00.59.25:618][235]CompilerResultsLog: Building APortedStudyEditor...
[2021.12.08-00.59.25:619][235]CompilerResultsLog: Using Visual Studio 2019 14.28.29337 toolchain (C:\Program Files (x86)\Microsoft Visual Studio\2019\Community\VC\Tools\MSVC\14.28.29333) and Windows 10.0.19041.0 SDK (C:\Program Files (x86)\Windows Kits\10).
[2021.12.08-00.59.25:619][235]CompilerResultsLog: Building 4 actions with 6 processes...
[2021.12.08-00.59.25:619][235]CompilerResultsLog:   [1/4] MemoryGrid.cpp
[2021.12.08-00.59.25:619][235]CompilerResultsLog:   [2/4] UE4Editor-APortedStudy-0991.lib
[2021.12.08-00.59.25:619][235]CompilerResultsLog:      Creating library D:\UnrealProjects\APortedStudy\Intermediate\Build\Win64\UE4Editor\Development\APortedStudy\UE4Editor-APortedStudy-0991.lib and object D:\UnrealProjects\APortedStudy\Intermediate\Build\Win64\UE4Editor\Development\APortedStudy\UE4Editor-APortedStudy-0991.exp
[2021.12.08-00.59.25:619][235]CompilerResultsLog:   [3/4] UE4Editor-APortedStudy-0991.dll
[2021.12.08-00.59.25:619][235]CompilerResultsLog:      Creating library D:\UnrealProjects\APortedStudy\Intermediate\Build\Win64\UE4Editor\Development\APortedStudy\UE4Editor-APortedStudy-0991.suppressed.lib and object D:\UnrealProjects\APortedStudy\Intermediate\Build\Win64\UE4Editor\Development\APortedStudy\UE4Editor-APortedStudy-0991.suppressed.exp
[2021.12.08-00.59.25:619][235]CompilerResultsLog:   [4/4] APortedStudyEditor.target
[2021.12.08-00.59.25:620][235]CompilerResultsLog: Total time in Parallel executor: 16.84 seconds
[2021.12.08-00.59.25:620][235]CompilerResultsLog: Total execution time: 17.84 seconds
[2021.12.08-00.59.25:620][235]LogMainFrame: MainFrame: Module compiling took 18.586 seconds
