Log file open, 12/08/21 00:35:16
LogWindows: Failed to load 'aqProf.dll' (GetLastError=126)
LogWindows: File 'aqProf.dll' does not exist
LogWindows: Failed to load 'VtuneApi.dll' (GetLastError=126)
LogWindows: File 'VtuneApi.dll' does not exist
LogWindows: Failed to load 'VtuneApi32e.dll' (GetLastError=126)
LogWindows: File 'VtuneApi32e.dll' does not exist
LogConsoleResponse: Display: Failed to find resolution value strings in scalability ini. Falling back to default.
LogConsoleResponse: Display: Failed to find resolution value strings in scalability ini. Falling back to default.
LogInit: Display: Running engine for game: APortedStudy
LogPlatformFile: Not using cached read wrapper
LogTaskGraph: Started task graph with 5 named threads and 20 total threads with 3 sets of task threads.
LogStats: Stats thread started at 0.461663
LogICUInternationalization: ICU TimeZone Detection - Raw Offset: +0:00, Platform Override: ''
LogInit: Display: Loading text-based GConfig....
LogPluginManager: Mounting plugin MeshPainting
LogPluginManager: Mounting plugin XGEController
LogPluginManager: Mounting plugin Paper2D
LogPluginManager: Mounting plugin AISupport
LogPluginManager: Mounting plugin EnvironmentQueryEditor
LogPluginManager: Mounting plugin LiveLink
LogPluginManager: Mounting plugin LightPropagationVolume
LogPluginManager: Mounting plugin OodleData
LogPluginManager: Mounting plugin OodleNetwork
LogPluginManager: Mounting plugin CameraShakePreviewer
LogPluginManager: Mounting plugin GameplayCameras
LogPluginManager: Mounting plugin DatasmithContent
LogPluginManager: Mounting plugin AssetManagerEditor
LogPluginManager: Mounting plugin VariantManagerContent
LogPluginManager: Mounting plugin CryptoKeys
LogPluginManager: Mounting plugin CurveEditorTools
LogPluginManager: Mounting plugin DataValidation
LogPluginManager: Mounting plugin FacialAnimation
LogPluginManager: Mounting plugin GameplayTagsEditor
LogPluginManager: Mounting plugin GeometryMode
LogPluginManager: Mounting plugin MacGraphicsSwitching
LogPluginManager: Mounting plugin MaterialAnalyzer
LogPluginManager: Mounting plugin MobileLauncherProfileWizard
LogPluginManager: Mounting plugin PluginBrowser
LogPluginManager: Mounting plugin SpeedTreeImporter
LogPluginManager: Mounting plugin AlembicImporter
LogPluginManager: Mounting plugin AutomationUtils
LogPluginManager: Mounting plugin BackChannel
LogPluginManager: Mounting plugin ChaosCloth
LogPluginManager: Mounting plugin ChaosClothEditor
LogPluginManager: Mounting plugin ChaosEditor
LogPluginManager: Mounting plugin ChaosNiagara
LogPluginManager: Mounting plugin ChaosSolverPlugin
LogPluginManager: Mounting plugin CharacterAI
LogPluginManager: Mounting plugin AnimationSharing
LogPluginManager: Mounting plugin GeometryCache
LogPluginManager: Mounting plugin GeometryCollectionPlugin
LogPluginManager: Mounting plugin CLionSourceCodeAccess
LogPluginManager: Mounting plugin CodeLiteSourceCodeAccess
LogPluginManager: Mounting plugin GitSourceControl
LogPluginManager: Mounting plugin KDevelopSourceCodeAccess
LogPluginManager: Mounting plugin NullSourceCodeAccess
LogPluginManager: Mounting plugin PerforceSourceControl
LogPluginManager: Mounting plugin PixWinPlugin
LogPluginManager: Mounting plugin PlasticSourceControl
LogPluginManager: Mounting plugin PluginUtils
LogPluginManager: Mounting plugin PropertyAccessNode
LogPluginManager: Mounting plugin RiderSourceCodeAccess
LogPluginManager: Mounting plugin SubversionSourceControl
LogPluginManager: Mounting plugin TextureFormatOodle
LogPluginManager: Mounting plugin UObjectPlugin
LogPluginManager: Mounting plugin VisualStudioSourceCodeAccess
LogPluginManager: Mounting plugin VisualStudioCodeSourceCodeAccess
LogPluginManager: Mounting plugin XCodeSourceCodeAccess
LogPluginManager: Mounting plugin GeometryProcessing
LogPluginManager: Mounting plugin MotoSynth
LogPluginManager: Mounting plugin OpenImageDenoise
LogPluginManager: Mounting plugin PlanarCut
LogPluginManager: Mounting plugin PlatformCrypto
LogPluginManager: Mounting plugin ProxyLODPlugin
LogPluginManager: Mounting plugin PythonScriptPlugin
LogPluginManager: Mounting plugin SkeletalReduction
LogPluginManager: Mounting plugin Niagara
LogPluginManager: Mounting plugin LuminPlatformFeatures
LogPluginManager: Mounting plugin MagicLeap
LogPluginManager: Mounting plugin MagicLeapLightEstimation
LogPluginManager: Mounting plugin MLSDK
LogPluginManager: Mounting plugin MagicLeapPassableWorld
LogPluginManager: Mounting plugin AndroidMedia
LogPluginManager: Mounting plugin AvfMedia
LogPluginManager: Mounting plugin ImgMedia
LogPluginManager: Mounting plugin MediaCompositing
LogPluginManager: Mounting plugin MediaPlayerEditor
LogPluginManager: Mounting plugin WebMMedia
LogPluginManager: Mounting plugin WmfMedia
LogPluginManager: Mounting plugin TcpMessaging
LogPluginManager: Mounting plugin UdpMessaging
LogPluginManager: Mounting plugin ActorSequence
LogPluginManager: Mounting plugin LevelSequenceEditor
LogPluginManager: Mounting plugin MatineeToLevelSequence
LogPluginManager: Mounting plugin TemplateSequence
LogPluginManager: Mounting plugin OnlineSubsystem
LogPluginManager: Mounting plugin OnlineSubsystemNull
LogPluginManager: Mounting plugin OnlineSubsystemUtils
LogPluginManager: Mounting plugin LauncherChunkInstaller
LogPluginManager: Mounting plugin ActorLayerUtilities
LogPluginManager: Mounting plugin AndroidDeviceProfileSelector
LogPluginManager: Mounting plugin AndroidMoviePlayer
LogPluginManager: Mounting plugin AndroidPermission
LogPluginManager: Mounting plugin AppleImageUtils
LogPluginManager: Mounting plugin AppleMoviePlayer
LogPluginManager: Mounting plugin ArchVisCharacter
LogPluginManager: Mounting plugin AssetTags
LogPluginManager: Mounting plugin AudioCapture
LogPluginManager: Mounting plugin AudioSynesthesia
LogPluginManager: Mounting plugin CableComponent
LogPluginManager: Mounting plugin ChunkDownloader
LogPluginManager: Mounting plugin CustomMeshComponent
LogPluginManager: Mounting plugin EditableMesh
LogPluginManager: Mounting plugin ExampleDeviceProfileSelector
LogPluginManager: Mounting plugin GoogleCloudMessaging
LogPluginManager: Mounting plugin GooglePAD
LogPluginManager: Mounting plugin IOSDeviceProfileSelector
LogPluginManager: Mounting plugin LinuxDeviceProfileSelector
LogPluginManager: Mounting plugin LocationServicesBPLibrary
LogPluginManager: Mounting plugin MobilePatchingUtils
LogPluginManager: Mounting plugin OpenXR
LogPluginManager: Mounting plugin OpenXREyeTracker
LogPluginManager: Mounting plugin OpenXRHandTracking
LogPluginManager: Mounting plugin PhysXVehicles
LogPluginManager: Mounting plugin ScreenshotTools
LogPluginManager: Mounting plugin PostSplashScreen
LogPluginManager: Mounting plugin ProceduralMeshComponent
LogPluginManager: Mounting plugin PropertyAccessEditor
LogPluginManager: Mounting plugin RuntimePhysXCooking
LogPluginManager: Mounting plugin SignificanceManager
LogPluginManager: Mounting plugin SoundFields
LogPluginManager: Mounting plugin Synthesis
LogPluginManager: Mounting plugin WebMMoviePlayer
LogPluginManager: Mounting plugin WindowsMoviePlayer
LogPluginManager: Mounting plugin MagicLeapMedia
LogPluginManager: Mounting plugin Takes
LogPluginManager: Mounting plugin ContentBrowserAssetDataSource
LogPluginManager: Mounting plugin ContentBrowserClassDataSource
LogPluginManager: Mounting plugin ContentBrowserFileDataSource
LogPluginManager: Mounting plugin OnlineSubsystemGooglePlay
LogPluginManager: Mounting plugin OnlineSubsystemIOS
LogPluginManager: Mounting plugin OculusVR
LogPluginManager: Mounting plugin SteamVR
PixWinPlugin: PIX capture plugin failed to initialize! Check that the process is launched from PIX.
LogInit: Using libcurl 7.55.1-DEV
LogInit:  - built for x86_64-pc-win32
LogInit:  - supports SSL with OpenSSL/1.1.1
LogInit:  - supports HTTP deflate (compression) using libz 1.2.8
LogInit:  - other features:
LogInit:      CURL_VERSION_SSL
LogInit:      CURL_VERSION_LIBZ
LogInit:      CURL_VERSION_IPV6
LogInit:      CURL_VERSION_ASYNCHDNS
LogInit:      CURL_VERSION_LARGEFILE
LogInit:      CURL_VERSION_IDN
LogInit:  CurlRequestOptions (configurable via config and command line):
LogInit:  - bVerifyPeer = true  - Libcurl will verify peer certificate
LogInit:  - bUseHttpProxy = false  - Libcurl will NOT use HTTP proxy
LogInit:  - bDontReuseConnections = false  - Libcurl will reuse connections
LogInit:  - MaxHostConnections = 16  - Libcurl will limit the number of connections to a host
LogInit:  - LocalHostAddr = Default
LogInit:  - BufferSize = 65536
LogOnline: OSS: Creating online subsystem instance for: NULL
LogInit: WinSock: version 1.1 (2.2), MaxSocks=32767, MaxUdp=65467
LogOnline: OSS: TryLoadSubsystemAndSetDefault: Loaded subsystem for module [NULL]
LogOculusPluginWrapper: OculusPlugin initialized successfully
LogHMD: Failed initializing OVRPlugin 1.59.0
LogInit: Build: ++UE4+Release-4.27-CL-17155196
LogInit: Engine Version: 4.27.0-17155196+++UE4+Release-4.27
LogInit: Compatible Engine Version: 4.27.0-17155196+++UE4+Release-4.27
LogInit: Net CL: 17155196
LogInit: OS: Windows 10 (Release 2009) (), CPU: Intel(R) Core(TM) i5-9400F CPU @ 2.90GHz, GPU: NVIDIA GeForce RTX 2070 SUPER
LogInit: Compiled (64-bit): Aug 13 2021 06:13:13
LogInit: Compiled with Visual C++: 19.24.28315.00
LogInit: Build Configuration: Development
LogInit: Branch Name: ++UE4+Release-4.27
LogInit: Command Line:  -skipcompile
LogInit: Base Directory: D:/UE_4.27/Engine/Binaries/Win64/
LogInit: Allocator: TBB
LogInit: Installed Engine Build: 1
LogDevObjectVersion: Number of dev versions registered: 29
LogDevObjectVersion:   Dev-Blueprints (B0D832E4-1F89-4F0D-ACCF-7EB736FD4AA2): 10
LogDevObjectVersion:   Dev-Build (E1C64328-A22C-4D53-A36C-8E866417BD8C): 0
LogDevObjectVersion:   Dev-Core (375EC13C-06E4-48FB-B500-84F0262A717E): 4
LogDevObjectVersion:   Dev-Editor (E4B068ED-F494-42E9-A231-DA0B2E46BB41): 40
LogDevObjectVersion:   Dev-Framework (CFFC743F-43B0-4480-9391-14DF171D2073): 37
LogDevObjectVersion:   Dev-Mobile (B02B49B5-BB20-44E9-A304-32B752E40360): 3
LogDevObjectVersion:   Dev-Networking (A4E4105C-59A1-49B5-A7C5-40C4547EDFEE): 0
LogDevObjectVersion:   Dev-Online (39C831C9-5AE6-47DC-9A44-9C173E1C8E7C): 0
LogDevObjectVersion:   Dev-Physics (78F01B33-EBEA-4F98-B9B4-84EACCB95AA2): 14
LogDevObjectVersion:   Dev-Platform (6631380F-2D4D-43E0-8009-CF276956A95A): 0
LogDevObjectVersion:   Dev-Rendering (12F88B9F-8875-4AFC-A67C-D90C383ABD29): 45
LogDevObjectVersion:   Dev-Sequencer (7B5AE74C-D270-4C10-A958-57980B212A5A): 13
LogDevObjectVersion:   Dev-VR (D7296918-1DD6-4BDD-9DE2-64A83CC13884): 3
LogDevObjectVersion:   Dev-LoadTimes (C2A15278-BFE7-4AFE-6C17-90FF531DF755): 1
LogDevObjectVersion:   Private-Geometry (6EACA3D4-40EC-4CC1-B786-8BED09428FC5): 3
LogDevObjectVersion:   Dev-AnimPhys (29E575DD-E0A3-4627-9D10-D276232CDCEA): 17
LogDevObjectVersion:   Dev-Anim (AF43A65D-7FD3-4947-9873-3E8ED9C1BB05): 15
LogDevObjectVersion:   Dev-ReflectionCapture (6B266CEC-1EC7-4B8F-A30B-E4D90942FC07): 1
LogDevObjectVersion:   Dev-Automation (0DF73D61-A23F-47EA-B727-89E90C41499A): 1
LogDevObjectVersion:   FortniteMain (601D1886-AC64-4F84-AA16-D3DE0DEAC7D6): 47
LogDevObjectVersion:   FortniteRelease (E7086368-6B23-4C58-8439-1B7016265E91): 1
LogDevObjectVersion:   Dev-Enterprise (9DFFBCD6-494F-0158-E221-12823C92A888): 10
LogDevObjectVersion:   Dev-Niagara (F2AED0AC-9AFE-416F-8664-AA7FFA26D6FC): 1
LogDevObjectVersion:   Dev-Destruction (174F1F0B-B4C6-45A5-B13F-2EE8D0FB917D): 10
LogDevObjectVersion:   Dev-Physics-Ext (35F94A83-E258-406C-A318-09F59610247C): 41
LogDevObjectVersion:   Dev-PhysicsMaterial-Chaos (B68FC16E-8B1B-42E2-B453-215C058844FE): 1
LogDevObjectVersion:   Dev-CineCamera (B2E18506-4273-CFC2-A54E-F4BB758BBA07): 1
LogDevObjectVersion:   Dev-VirtualProduction (64F58936-FD1B-42BA-BA96-7289D5D0FA4E): 1
LogDevObjectVersion:   Dev-MediaFramework (6F0ED827-A609-4895-9C91-998D90180EA4): 2
LogInit: Presizing for max 25165824 objects, including 0 objects not considered by GC, pre-allocating 0 bytes for permanent pool.
LogConfig: Applying CVar settings from Section [/Script/Engine.StreamingSettings] File [D:/UnrealProjects/APortedStudy/Saved/Config/Windows/Engine.ini]
LogConfig: Setting CVar [[s.MinBulkDataSizeForAsyncLoading:131072]]
LogConfig: Setting CVar [[s.AsyncLoadingThreadEnabled:0]]
LogConfig: Setting CVar [[s.EventDrivenLoaderEnabled:1]]
LogConfig: Setting CVar [[s.WarnIfTimeLimitExceeded:0]]
LogConfig: Setting CVar [[s.TimeLimitExceededMultiplier:1.5]]
LogConfig: Setting CVar [[s.TimeLimitExceededMinTime:0.005]]
LogConfig: Setting CVar [[s.UseBackgroundLevelStreaming:1]]
LogConfig: Setting CVar [[s.PriorityAsyncLoadingExtraTime:15.0]]
LogConfig: Setting CVar [[s.LevelStreamingActorsUpdateTimeLimit:5.0]]
LogConfig: Setting CVar [[s.PriorityLevelStreamingActorsUpdateExtraTime:5.0]]
LogConfig: Setting CVar [[s.LevelStreamingComponentsRegistrationGranularity:10]]
LogConfig: Setting CVar [[s.UnregisterComponentsTimeLimit:1.0]]
LogConfig: Setting CVar [[s.LevelStreamingComponentsUnregistrationGranularity:5]]
LogConfig: Setting CVar [[s.FlushStreamingOnExit:1]]
LogInit: Object subsystem initialized
LogConfig: Setting CVar [[con.DebugEarlyDefault:1]]
LogConfig: Setting CVar [[r.setres:1280x720]]
[2021.12.08-00.35.17:082][  0]LogConfig: Setting CVar [[r.VSync:0]]
[2021.12.08-00.35.17:082][  0]LogConfig: Setting CVar [[r.RHICmdBypass:0]]
[2021.12.08-00.35.17:082][  0]LogConfig: Applying CVar settings from Section [/Script/Engine.RendererSettings] File [D:/UnrealProjects/APortedStudy/Saved/Config/Windows/Engine.ini]
[2021.12.08-00.35.17:082][  0]LogConfig: Setting CVar [[r.GPUCrashDebugging:0]]
[2021.12.08-00.35.17:082][  0]LogConfig: Applying CVar settings from Section [/Script/Engine.RendererOverrideSettings] File [D:/UnrealProjects/APortedStudy/Saved/Config/Windows/Engine.ini]
[2021.12.08-00.35.17:082][  0]LogConfig: Applying CVar settings from Section [/Script/Engine.StreamingSettings] File [D:/UnrealProjects/APortedStudy/Saved/Config/Windows/Engine.ini]
[2021.12.08-00.35.17:082][  0]LogConfig: Setting CVar [[s.MinBulkDataSizeForAsyncLoading:131072]]
[2021.12.08-00.35.17:082][  0]LogConfig: Setting CVar [[s.AsyncLoadingThreadEnabled:0]]
[2021.12.08-00.35.17:083][  0]LogConfig: Setting CVar [[s.EventDrivenLoaderEnabled:1]]
[2021.12.08-00.35.17:083][  0]LogConfig: Setting CVar [[s.WarnIfTimeLimitExceeded:0]]
[2021.12.08-00.35.17:083][  0]LogConfig: Setting CVar [[s.TimeLimitExceededMultiplier:1.5]]
[2021.12.08-00.35.17:083][  0]LogConfig: Setting CVar [[s.TimeLimitExceededMinTime:0.005]]
[2021.12.08-00.35.17:083][  0]LogConfig: Setting CVar [[s.UseBackgroundLevelStreaming:1]]
[2021.12.08-00.35.17:083][  0]LogConfig: Setting CVar [[s.PriorityAsyncLoadingExtraTime:15.0]]
[2021.12.08-00.35.17:083][  0]LogConfig: Setting CVar [[s.LevelStreamingActorsUpdateTimeLimit:5.0]]
[2021.12.08-00.35.17:083][  0]LogConfig: Setting CVar [[s.PriorityLevelStreamingActorsUpdateExtraTime:5.0]]
[2021.12.08-00.35.17:083][  0]LogConfig: Setting CVar [[s.LevelStreamingComponentsRegistrationGranularity:10]]
[2021.12.08-00.35.17:083][  0]LogConfig: Setting CVar [[s.UnregisterComponentsTimeLimit:1.0]]
[2021.12.08-00.35.17:083][  0]LogConfig: Setting CVar [[s.LevelStreamingComponentsUnregistrationGranularity:5]]
[2021.12.08-00.35.17:083][  0]LogConfig: Setting CVar [[s.FlushStreamingOnExit:1]]
[2021.12.08-00.35.17:083][  0]LogConfig: Applying CVar settings from Section [/Script/Engine.GarbageCollectionSettings] File [D:/UnrealProjects/APortedStudy/Saved/Config/Windows/Engine.ini]
[2021.12.08-00.35.17:083][  0]LogConfig: Setting CVar [[gc.MaxObjectsNotConsideredByGC:1]]
[2021.12.08-00.35.17:083][  0]LogConfig: Setting CVar [[gc.SizeOfPermanentObjectPool:0]]
[2021.12.08-00.35.17:083][  0]LogConfig: Setting CVar [[gc.FlushStreamingOnGC:0]]
[2021.12.08-00.35.17:083][  0]LogConfig: Setting CVar [[gc.NumRetriesBeforeForcingGC:10]]
[2021.12.08-00.35.17:083][  0]LogConfig: Setting CVar [[gc.AllowParallelGC:1]]
[2021.12.08-00.35.17:083][  0]LogConfig: Setting CVar [[gc.TimeBetweenPurgingPendingKillObjects:61.1]]
[2021.12.08-00.35.17:083][  0]LogConfig: Setting CVar [[gc.MaxObjectsInEditor:25165824]]
[2021.12.08-00.35.17:083][  0]LogConfig: Setting CVar [[gc.IncrementalBeginDestroyEnabled:1]]
[2021.12.08-00.35.17:083][  0]LogConfig: Setting CVar [[gc.CreateGCClusters:1]]
[2021.12.08-00.35.17:083][  0]LogConfig: Setting CVar [[gc.MinGCClusterSize:5]]
[2021.12.08-00.35.17:083][  0]LogConfig: Setting CVar [[gc.ActorClusteringEnabled:0]]
[2021.12.08-00.35.17:084][  0]LogConfig: Setting CVar [[gc.BlueprintClusteringEnabled:0]]
[2021.12.08-00.35.17:084][  0]LogConfig: Setting CVar [[gc.UseDisregardForGCOnDedicatedServers:0]]
[2021.12.08-00.35.17:084][  0]LogConfig: Setting CVar [[gc.MultithreadedDestructionEnabled:1]]
[2021.12.08-00.35.17:084][  0]LogConfig: Applying CVar settings from Section [/Script/Engine.NetworkSettings] File [D:/UnrealProjects/APortedStudy/Saved/Config/Windows/Engine.ini]
[2021.12.08-00.35.17:084][  0]LogConfig: Applying CVar settings from Section [/Script/UnrealEd.CookerSettings] File [D:/UnrealProjects/APortedStudy/Saved/Config/Windows/Engine.ini]
[2021.12.08-00.35.17:101][  0]LogConfig: Applying CVar settings from Section [ViewDistanceQuality@3] File [D:/UnrealProjects/APortedStudy/Saved/Config/Windows/Scalability.ini]
[2021.12.08-00.35.17:101][  0]LogConfig: Setting CVar [[r.SkeletalMeshLODBias:0]]
[2021.12.08-00.35.17:101][  0]LogConfig: Setting CVar [[r.ViewDistanceScale:1.0]]
[2021.12.08-00.35.17:101][  0]LogConfig: Applying CVar settings from Section [AntiAliasingQuality@3] File [D:/UnrealProjects/APortedStudy/Saved/Config/Windows/Scalability.ini]
[2021.12.08-00.35.17:101][  0]LogConfig: Setting CVar [[r.PostProcessAAQuality:4]]
[2021.12.08-00.35.17:101][  0]LogConfig: Applying CVar settings from Section [ShadowQuality@3] File [D:/UnrealProjects/APortedStudy/Saved/Config/Windows/Scalability.ini]
[2021.12.08-00.35.17:101][  0]LogConfig: Setting CVar [[r.LightFunctionQuality:1]]
[2021.12.08-00.35.17:101][  0]LogConfig: Setting CVar [[r.ShadowQuality:5]]
[2021.12.08-00.35.17:101][  0]LogConfig: Setting CVar [[r.Shadow.CSM.MaxCascades:10]]
[2021.12.08-00.35.17:101][  0]LogConfig: Setting CVar [[r.Shadow.MaxResolution:2048]]
[2021.12.08-00.35.17:101][  0]LogConfig: Setting CVar [[r.Shadow.MaxCSMResolution:2048]]
[2021.12.08-00.35.17:101][  0]LogConfig: Setting CVar [[r.Shadow.RadiusThreshold:0.01]]
[2021.12.08-00.35.17:101][  0]LogConfig: Setting CVar [[r.Shadow.DistanceScale:1.0]]
[2021.12.08-00.35.17:101][  0]LogConfig: Setting CVar [[r.Shadow.CSM.TransitionScale:1.0]]
[2021.12.08-00.35.17:101][  0]LogConfig: Setting CVar [[r.Shadow.PreShadowResolutionFactor:1.0]]
[2021.12.08-00.35.17:101][  0]LogConfig: Setting CVar [[r.DistanceFieldShadowing:1]]
[2021.12.08-00.35.17:101][  0]LogConfig: Setting CVar [[r.DistanceFieldAO:1]]
[2021.12.08-00.35.17:101][  0]LogConfig: Setting CVar [[r.AOQuality:2]]
[2021.12.08-00.35.17:101][  0]LogConfig: Setting CVar [[r.VolumetricFog:1]]
[2021.12.08-00.35.17:102][  0]LogConfig: Setting CVar [[r.VolumetricFog.GridPixelSize:8]]
[2021.12.08-00.35.17:102][  0]LogConfig: Setting CVar [[r.VolumetricFog.GridSizeZ:128]]
[2021.12.08-00.35.17:102][  0]LogConfig: Setting CVar [[r.VolumetricFog.HistoryMissSupersampleCount:4]]
[2021.12.08-00.35.17:102][  0]LogConfig: Setting CVar [[r.LightMaxDrawDistanceScale:1]]
[2021.12.08-00.35.17:102][  0]LogConfig: Setting CVar [[r.CapsuleShadows:1]]
[2021.12.08-00.35.17:102][  0]LogConfig: Applying CVar settings from Section [PostProcessQuality@3] File [D:/UnrealProjects/APortedStudy/Saved/Config/Windows/Scalability.ini]
[2021.12.08-00.35.17:102][  0]LogConfig: Setting CVar [[r.MotionBlurQuality:4]]
[2021.12.08-00.35.17:102][  0]LogConfig: Setting CVar [[r.AmbientOcclusionMipLevelFactor:0.4]]
[2021.12.08-00.35.17:102][  0]LogConfig: Setting CVar [[r.AmbientOcclusionMaxQuality:100]]
[2021.12.08-00.35.17:102][  0]LogConfig: Setting CVar [[r.AmbientOcclusionLevels:-1]]
[2021.12.08-00.35.17:102][  0]LogConfig: Setting CVar [[r.AmbientOcclusionRadiusScale:1.0]]
[2021.12.08-00.35.17:102][  0]LogConfig: Setting CVar [[r.DepthOfFieldQuality:2]]
[2021.12.08-00.35.17:102][  0]LogConfig: Setting CVar [[r.RenderTargetPoolMin:400]]
[2021.12.08-00.35.17:102][  0]LogConfig: Setting CVar [[r.LensFlareQuality:2]]
[2021.12.08-00.35.17:102][  0]LogConfig: Setting CVar [[r.SceneColorFringeQuality:1]]
[2021.12.08-00.35.17:102][  0]LogConfig: Setting CVar [[r.EyeAdaptationQuality:2]]
[2021.12.08-00.35.17:102][  0]LogConfig: Setting CVar [[r.BloomQuality:5]]
[2021.12.08-00.35.17:102][  0]LogConfig: Setting CVar [[r.FastBlurThreshold:100]]
[2021.12.08-00.35.17:102][  0]LogConfig: Setting CVar [[r.Upscale.Quality:3]]
[2021.12.08-00.35.17:102][  0]LogConfig: Setting CVar [[r.Tonemapper.GrainQuantization:1]]
[2021.12.08-00.35.17:102][  0]LogConfig: Setting CVar [[r.LightShaftQuality:1]]
[2021.12.08-00.35.17:102][  0]LogConfig: Setting CVar [[r.Filter.SizeScale:1]]
[2021.12.08-00.35.17:102][  0]LogConfig: Setting CVar [[r.Tonemapper.Quality:5]]
[2021.12.08-00.35.17:102][  0]LogConfig: Setting CVar [[r.DOF.Gather.AccumulatorQuality:1        ; higher gathering accumulator quality]]
[2021.12.08-00.35.17:103][  0]LogConfig: Setting CVar [[r.DOF.Gather.PostfilterMethod:1          ; Median3x3 postfilering method]]
[2021.12.08-00.35.17:103][  0]LogConfig: Setting CVar [[r.DOF.Gather.EnableBokehSettings:0       ; no bokeh simulation when gathering]]
[2021.12.08-00.35.17:103][  0]LogConfig: Setting CVar [[r.DOF.Gather.RingCount:4                 ; medium number of samples when gathering]]
[2021.12.08-00.35.17:103][  0]LogConfig: Setting CVar [[r.DOF.Scatter.ForegroundCompositing:1    ; additive foreground scattering]]
[2021.12.08-00.35.17:103][  0]LogConfig: Setting CVar [[r.DOF.Scatter.BackgroundCompositing:2    ; additive background scattering]]
[2021.12.08-00.35.17:103][  0]LogConfig: Setting CVar [[r.DOF.Scatter.EnableBokehSettings:1      ; bokeh simulation when scattering]]
[2021.12.08-00.35.17:103][  0]LogConfig: Setting CVar [[r.DOF.Scatter.MaxSpriteRatio:0.1         ; only a maximum of 10% of scattered bokeh]]
[2021.12.08-00.35.17:103][  0]LogConfig: Setting CVar [[r.DOF.Recombine.Quality:1                ; cheap slight out of focus]]
[2021.12.08-00.35.17:103][  0]LogConfig: Setting CVar [[r.DOF.Recombine.EnableBokehSettings:0    ; no bokeh simulation on slight out of focus]]
[2021.12.08-00.35.17:103][  0]LogConfig: Setting CVar [[r.DOF.TemporalAAQuality:1                ; more stable temporal accumulation]]
[2021.12.08-00.35.17:103][  0]LogConfig: Setting CVar [[r.DOF.Kernel.MaxForegroundRadius:0.025]]
[2021.12.08-00.35.17:103][  0]LogConfig: Setting CVar [[r.DOF.Kernel.MaxBackgroundRadius:0.025]]
[2021.12.08-00.35.17:103][  0]LogConfig: Applying CVar settings from Section [TextureQuality@3] File [D:/UnrealProjects/APortedStudy/Saved/Config/Windows/Scalability.ini]
[2021.12.08-00.35.17:103][  0]LogConfig: Setting CVar [[r.Streaming.MipBias:0]]
[2021.12.08-00.35.17:103][  0]LogConfig: Setting CVar [[r.Streaming.AmortizeCPUToGPUCopy:0]]
[2021.12.08-00.35.17:103][  0]LogConfig: Setting CVar [[r.Streaming.MaxNumTexturesToStreamPerFrame:0]]
[2021.12.08-00.35.17:103][  0]LogConfig: Setting CVar [[r.Streaming.Boost:1]]
[2021.12.08-00.35.17:103][  0]LogConfig: Setting CVar [[r.MaxAnisotropy:8]]
[2021.12.08-00.35.17:103][  0]LogConfig: Setting CVar [[r.VT.MaxAnisotropy:8]]
[2021.12.08-00.35.17:103][  0]LogConfig: Setting CVar [[r.Streaming.LimitPoolSizeToVRAM:0]]
[2021.12.08-00.35.17:103][  0]LogConfig: Setting CVar [[r.Streaming.PoolSize:1000]]
[2021.12.08-00.35.17:103][  0]LogConfig: Setting CVar [[r.Streaming.MaxEffectiveScreenSize:0]]
[2021.12.08-00.35.17:103][  0]LogConfig: Applying CVar settings from Section [EffectsQuality@3] File [D:/UnrealProjects/APortedStudy/Saved/Config/Windows/Scalability.ini]
[2021.12.08-00.35.17:103][  0]LogConfig: Setting CVar [[r.TranslucencyLightingVolumeDim:64]]
[2021.12.08-00.35.17:103][  0]LogConfig: Setting CVar [[r.RefractionQuality:2]]
[2021.12.08-00.35.17:104][  0]LogConfig: Setting CVar [[r.SSR.Quality:3]]
[2021.12.08-00.35.17:104][  0]LogConfig: Setting CVar [[r.SSR.HalfResSceneColor:0]]
[2021.12.08-00.35.17:104][  0]LogConfig: Setting CVar [[r.SceneColorFormat:4]]
[2021.12.08-00.35.17:104][  0]LogConfig: Setting CVar [[r.DetailMode:2]]
[2021.12.08-00.35.17:104][  0]LogConfig: Setting CVar [[r.TranslucencyVolumeBlur:1]]
[2021.12.08-00.35.17:104][  0]LogConfig: Setting CVar [[r.MaterialQualityLevel:1 ; High quality]]
[2021.12.08-00.35.17:104][  0]LogConfig: Setting CVar [[r.AnisotropicMaterials:1]]
[2021.12.08-00.35.17:104][  0]LogConfig: Setting CVar [[r.SSS.Scale:1]]
[2021.12.08-00.35.17:104][  0]LogConfig: Setting CVar [[r.SSS.SampleSet:2]]
[2021.12.08-00.35.17:104][  0]LogConfig: Setting CVar [[r.SSS.Quality:1]]
[2021.12.08-00.35.17:104][  0]LogConfig: Setting CVar [[r.SSS.HalfRes:0]]
[2021.12.08-00.35.17:104][  0]LogConfig: Setting CVar [[r.SSGI.Quality:3]]
[2021.12.08-00.35.17:104][  0]LogConfig: Setting CVar [[r.EmitterSpawnRateScale:1.0]]
[2021.12.08-00.35.17:104][  0]LogConfig: Setting CVar [[r.ParticleLightQuality:2]]
[2021.12.08-00.35.17:104][  0]LogConfig: Setting CVar [[r.SkyAtmosphere.AerialPerspectiveLUT.FastApplyOnOpaque:1 ; Always have FastSkyLUT 1 in this case to avoid wrong sky]]
[2021.12.08-00.35.17:104][  0]LogConfig: Setting CVar [[r.SkyAtmosphere.AerialPerspectiveLUT.SampleCountMaxPerSlice:4]]
[2021.12.08-00.35.17:104][  0]LogConfig: Setting CVar [[r.SkyAtmosphere.AerialPerspectiveLUT.DepthResolution:16.0]]
[2021.12.08-00.35.17:105][  0]LogConfig: Setting CVar [[r.SkyAtmosphere.FastSkyLUT:1]]
[2021.12.08-00.35.17:105][  0]LogConfig: Setting CVar [[r.SkyAtmosphere.FastSkyLUT.SampleCountMin:4.0]]
[2021.12.08-00.35.17:105][  0]LogConfig: Setting CVar [[r.SkyAtmosphere.FastSkyLUT.SampleCountMax:128.0]]
[2021.12.08-00.35.17:105][  0]LogConfig: Setting CVar [[r.SkyAtmosphere.SampleCountMin:4.0]]
[2021.12.08-00.35.17:105][  0]LogConfig: Setting CVar [[r.SkyAtmosphere.SampleCountMax:128.0]]
[2021.12.08-00.35.17:105][  0]LogConfig: Setting CVar [[r.SkyAtmosphere.TransmittanceLUT.UseSmallFormat:0]]
[2021.12.08-00.35.17:105][  0]LogConfig: Setting CVar [[r.SkyAtmosphere.TransmittanceLUT.SampleCount:10.0]]
[2021.12.08-00.35.17:105][  0]LogConfig: Setting CVar [[r.SkyAtmosphere.MultiScatteringLUT.SampleCount:15.0]]
[2021.12.08-00.35.17:105][  0]LogConfig: Setting CVar [[r.SkyLight.RealTimeReflectionCapture:1]]
[2021.12.08-00.35.17:105][  0]LogConfig: Applying CVar settings from Section [FoliageQuality@3] File [D:/UnrealProjects/APortedStudy/Saved/Config/Windows/Scalability.ini]
[2021.12.08-00.35.17:105][  0]LogConfig: Setting CVar [[foliage.DensityScale:1.0]]
[2021.12.08-00.35.17:105][  0]LogConfig: Setting CVar [[grass.DensityScale:1.0]]
[2021.12.08-00.35.17:105][  0]LogConfig: Applying CVar settings from Section [ShadingQuality@3] File [D:/UnrealProjects/APortedStudy/Saved/Config/Windows/Scalability.ini]
[2021.12.08-00.35.17:105][  0]LogConfig: Setting CVar [[r.HairStrands.SkyLighting.IntegrationType:2]]
[2021.12.08-00.35.17:105][  0]LogConfig: Setting CVar [[r.HairStrands.SkyAO.SampleCount:4]]
[2021.12.08-00.35.17:105][  0]LogConfig: Setting CVar [[r.HairStrands.Visibility.MSAA.SamplePerPixel:4]]
[2021.12.08-00.35.17:105][  0]LogInit: Selected Device Profile: [Windows]
[2021.12.08-00.35.17:105][  0]LogInit: Applying CVar settings loaded from the selected device profile: [Windows]
[2021.12.08-00.35.17:105][  0]LogHAL: Display: Platform has ~ 32 GB [34305433600 / 34359738368 / 32], which maps to Largest [LargestMinGB=32, LargerMinGB=12, DefaultMinGB=8, SmallerMinGB=6, SmallestMinGB=0)
[2021.12.08-00.35.17:105][  0]LogInit: Going up to parent DeviceProfile []
[2021.12.08-00.35.17:106][  0]LogConfig: Applying CVar settings from Section [ViewDistanceQuality@3] File [D:/UnrealProjects/APortedStudy/Saved/Config/Windows/Scalability.ini]
[2021.12.08-00.35.17:106][  0]LogConfig: Setting CVar [[r.SkeletalMeshLODBias:0]]
[2021.12.08-00.35.17:106][  0]LogConfig: Setting CVar [[r.ViewDistanceScale:1.0]]
[2021.12.08-00.35.17:106][  0]LogConfig: Applying CVar settings from Section [AntiAliasingQuality@3] File [D:/UnrealProjects/APortedStudy/Saved/Config/Windows/Scalability.ini]
[2021.12.08-00.35.17:106][  0]LogConfig: Setting CVar [[r.PostProcessAAQuality:4]]
[2021.12.08-00.35.17:106][  0]LogConfig: Applying CVar settings from Section [ShadowQuality@3] File [D:/UnrealProjects/APortedStudy/Saved/Config/Windows/Scalability.ini]
[2021.12.08-00.35.17:106][  0]LogConfig: Setting CVar [[r.LightFunctionQuality:1]]
[2021.12.08-00.35.17:106][  0]LogConfig: Setting CVar [[r.ShadowQuality:5]]
[2021.12.08-00.35.17:106][  0]LogConfig: Setting CVar [[r.Shadow.CSM.MaxCascades:10]]
[2021.12.08-00.35.17:106][  0]LogConfig: Setting CVar [[r.Shadow.MaxResolution:2048]]
[2021.12.08-00.35.17:106][  0]LogConfig: Setting CVar [[r.Shadow.MaxCSMResolution:2048]]
[2021.12.08-00.35.17:106][  0]LogConfig: Setting CVar [[r.Shadow.RadiusThreshold:0.01]]
[2021.12.08-00.35.17:106][  0]LogConfig: Setting CVar [[r.Shadow.DistanceScale:1.0]]
[2021.12.08-00.35.17:106][  0]LogConfig: Setting CVar [[r.Shadow.CSM.TransitionScale:1.0]]
[2021.12.08-00.35.17:106][  0]LogConfig: Setting CVar [[r.Shadow.PreShadowResolutionFactor:1.0]]
[2021.12.08-00.35.17:106][  0]LogConfig: Setting CVar [[r.DistanceFieldShadowing:1]]
[2021.12.08-00.35.17:106][  0]LogConfig: Setting CVar [[r.DistanceFieldAO:1]]
[2021.12.08-00.35.17:106][  0]LogConfig: Setting CVar [[r.AOQuality:2]]
[2021.12.08-00.35.17:106][  0]LogConfig: Setting CVar [[r.VolumetricFog:1]]
[2021.12.08-00.35.17:106][  0]LogConfig: Setting CVar [[r.VolumetricFog.GridPixelSize:8]]
[2021.12.08-00.35.17:106][  0]LogConfig: Setting CVar [[r.VolumetricFog.GridSizeZ:128]]
[2021.12.08-00.35.17:106][  0]LogConfig: Setting CVar [[r.VolumetricFog.HistoryMissSupersampleCount:4]]
[2021.12.08-00.35.17:106][  0]LogConfig: Setting CVar [[r.LightMaxDrawDistanceScale:1]]
[2021.12.08-00.35.17:106][  0]LogConfig: Setting CVar [[r.CapsuleShadows:1]]
[2021.12.08-00.35.17:106][  0]LogConfig: Applying CVar settings from Section [PostProcessQuality@3] File [D:/UnrealProjects/APortedStudy/Saved/Config/Windows/Scalability.ini]
[2021.12.08-00.35.17:107][  0]LogConfig: Setting CVar [[r.MotionBlurQuality:4]]
[2021.12.08-00.35.17:107][  0]LogConfig: Setting CVar [[r.AmbientOcclusionMipLevelFactor:0.4]]
[2021.12.08-00.35.17:107][  0]LogConfig: Setting CVar [[r.AmbientOcclusionMaxQuality:100]]
[2021.12.08-00.35.17:107][  0]LogConfig: Setting CVar [[r.AmbientOcclusionLevels:-1]]
[2021.12.08-00.35.17:107][  0]LogConfig: Setting CVar [[r.AmbientOcclusionRadiusScale:1.0]]
[2021.12.08-00.35.17:107][  0]LogConfig: Setting CVar [[r.DepthOfFieldQuality:2]]
[2021.12.08-00.35.17:107][  0]LogConfig: Setting CVar [[r.RenderTargetPoolMin:400]]
[2021.12.08-00.35.17:107][  0]LogConfig: Setting CVar [[r.LensFlareQuality:2]]
[2021.12.08-00.35.17:107][  0]LogConfig: Setting CVar [[r.SceneColorFringeQuality:1]]
[2021.12.08-00.35.17:107][  0]LogConfig: Setting CVar [[r.EyeAdaptationQuality:2]]
[2021.12.08-00.35.17:107][  0]LogConfig: Setting CVar [[r.BloomQuality:5]]
[2021.12.08-00.35.17:107][  0]LogConfig: Setting CVar [[r.FastBlurThreshold:100]]
[2021.12.08-00.35.17:107][  0]LogConfig: Setting CVar [[r.Upscale.Quality:3]]
[2021.12.08-00.35.17:107][  0]LogConfig: Setting CVar [[r.Tonemapper.GrainQuantization:1]]
[2021.12.08-00.35.17:107][  0]LogConfig: Setting CVar [[r.LightShaftQuality:1]]
[2021.12.08-00.35.17:107][  0]LogConfig: Setting CVar [[r.Filter.SizeScale:1]]
[2021.12.08-00.35.17:107][  0]LogConfig: Setting CVar [[r.Tonemapper.Quality:5]]
[2021.12.08-00.35.17:107][  0]LogConfig: Setting CVar [[r.DOF.Gather.AccumulatorQuality:1        ; higher gathering accumulator quality]]
[2021.12.08-00.35.17:107][  0]LogConfig: Setting CVar [[r.DOF.Gather.PostfilterMethod:1          ; Median3x3 postfilering method]]
[2021.12.08-00.35.17:107][  0]LogConfig: Setting CVar [[r.DOF.Gather.EnableBokehSettings:0       ; no bokeh simulation when gathering]]
[2021.12.08-00.35.17:107][  0]LogConfig: Setting CVar [[r.DOF.Gather.RingCount:4                 ; medium number of samples when gathering]]
[2021.12.08-00.35.17:107][  0]LogConfig: Setting CVar [[r.DOF.Scatter.ForegroundCompositing:1    ; additive foreground scattering]]
[2021.12.08-00.35.17:107][  0]LogConfig: Setting CVar [[r.DOF.Scatter.BackgroundCompositing:2    ; additive background scattering]]
[2021.12.08-00.35.17:107][  0]LogConfig: Setting CVar [[r.DOF.Scatter.EnableBokehSettings:1      ; bokeh simulation when scattering]]
[2021.12.08-00.35.17:107][  0]LogConfig: Setting CVar [[r.DOF.Scatter.MaxSpriteRatio:0.1         ; only a maximum of 10% of scattered bokeh]]
[2021.12.08-00.35.17:108][  0]LogConfig: Setting CVar [[r.DOF.Recombine.Quality:1                ; cheap slight out of focus]]
[2021.12.08-00.35.17:108][  0]LogConfig: Setting CVar [[r.DOF.Recombine.EnableBokehSettings:0    ; no bokeh simulation on slight out of focus]]
[2021.12.08-00.35.17:108][  0]LogConfig: Setting CVar [[r.DOF.TemporalAAQuality:1                ; more stable temporal accumulation]]
[2021.12.08-00.35.17:108][  0]LogConfig: Setting CVar [[r.DOF.Kernel.MaxForegroundRadius:0.025]]
[2021.12.08-00.35.17:108][  0]LogConfig: Setting CVar [[r.DOF.Kernel.MaxBackgroundRadius:0.025]]
[2021.12.08-00.35.17:108][  0]LogConfig: Applying CVar settings from Section [TextureQuality@3] File [D:/UnrealProjects/APortedStudy/Saved/Config/Windows/Scalability.ini]
[2021.12.08-00.35.17:108][  0]LogConfig: Setting CVar [[r.Streaming.MipBias:0]]
[2021.12.08-00.35.17:108][  0]LogConfig: Setting CVar [[r.Streaming.AmortizeCPUToGPUCopy:0]]
[2021.12.08-00.35.17:108][  0]LogConfig: Setting CVar [[r.Streaming.MaxNumTexturesToStreamPerFrame:0]]
[2021.12.08-00.35.17:108][  0]LogConfig: Setting CVar [[r.Streaming.Boost:1]]
[2021.12.08-00.35.17:108][  0]LogConfig: Setting CVar [[r.MaxAnisotropy:8]]
[2021.12.08-00.35.17:108][  0]LogConfig: Setting CVar [[r.VT.MaxAnisotropy:8]]
[2021.12.08-00.35.17:108][  0]LogConfig: Setting CVar [[r.Streaming.LimitPoolSizeToVRAM:0]]
[2021.12.08-00.35.17:108][  0]LogConfig: Setting CVar [[r.Streaming.PoolSize:1000]]
[2021.12.08-00.35.17:108][  0]LogConfig: Setting CVar [[r.Streaming.MaxEffectiveScreenSize:0]]
[2021.12.08-00.35.17:108][  0]LogConfig: Applying CVar settings from Section [EffectsQuality@3] File [D:/UnrealProjects/APortedStudy/Saved/Config/Windows/Scalability.ini]
[2021.12.08-00.35.17:108][  0]LogConfig: Setting CVar [[r.TranslucencyLightingVolumeDim:64]]
[2021.12.08-00.35.17:108][  0]LogConfig: Setting CVar [[r.RefractionQuality:2]]
[2021.12.08-00.35.17:108][  0]LogConfig: Setting CVar [[r.SSR.Quality:3]]
[2021.12.08-00.35.17:108][  0]LogConfig: Setting CVar [[r.SSR.HalfResSceneColor:0]]
[2021.12.08-00.35.17:108][  0]LogConfig: Setting CVar [[r.SceneColorFormat:4]]
[2021.12.08-00.35.17:108][  0]LogConfig: Setting CVar [[r.DetailMode:2]]
[2021.12.08-00.35.17:108][  0]LogConfig: Setting CVar [[r.TranslucencyVolumeBlur:1]]
[2021.12.08-00.35.17:108][  0]LogConfig: Setting CVar [[r.MaterialQualityLevel:1 ; High quality]]
[2021.12.08-00.35.17:108][  0]LogConfig: Setting CVar [[r.AnisotropicMaterials:1]]
[2021.12.08-00.35.17:108][  0]LogConfig: Setting CVar [[r.SSS.Scale:1]]
[2021.12.08-00.35.17:109][  0]LogConfig: Setting CVar [[r.SSS.SampleSet:2]]
[2021.12.08-00.35.17:109][  0]LogConfig: Setting CVar [[r.SSS.Quality:1]]
[2021.12.08-00.35.17:109][  0]LogConfig: Setting CVar [[r.SSS.HalfRes:0]]
[2021.12.08-00.35.17:109][  0]LogConfig: Setting CVar [[r.SSGI.Quality:3]]
[2021.12.08-00.35.17:109][  0]LogConfig: Setting CVar [[r.EmitterSpawnRateScale:1.0]]
[2021.12.08-00.35.17:109][  0]LogConfig: Setting CVar [[r.ParticleLightQuality:2]]
[2021.12.08-00.35.17:109][  0]LogConfig: Setting CVar [[r.SkyAtmosphere.AerialPerspectiveLUT.FastApplyOnOpaque:1 ; Always have FastSkyLUT 1 in this case to avoid wrong sky]]
[2021.12.08-00.35.17:109][  0]LogConfig: Setting CVar [[r.SkyAtmosphere.AerialPerspectiveLUT.SampleCountMaxPerSlice:4]]
[2021.12.08-00.35.17:109][  0]LogConfig: Setting CVar [[r.SkyAtmosphere.AerialPerspectiveLUT.DepthResolution:16.0]]
[2021.12.08-00.35.17:109][  0]LogConfig: Setting CVar [[r.SkyAtmosphere.FastSkyLUT:1]]
[2021.12.08-00.35.17:109][  0]LogConfig: Setting CVar [[r.SkyAtmosphere.FastSkyLUT.SampleCountMin:4.0]]
[2021.12.08-00.35.17:109][  0]LogConfig: Setting CVar [[r.SkyAtmosphere.FastSkyLUT.SampleCountMax:128.0]]
[2021.12.08-00.35.17:109][  0]LogConfig: Setting CVar [[r.SkyAtmosphere.SampleCountMin:4.0]]
[2021.12.08-00.35.17:109][  0]LogConfig: Setting CVar [[r.SkyAtmosphere.SampleCountMax:128.0]]
[2021.12.08-00.35.17:109][  0]LogConfig: Setting CVar [[r.SkyAtmosphere.TransmittanceLUT.UseSmallFormat:0]]
[2021.12.08-00.35.17:109][  0]LogConfig: Setting CVar [[r.SkyAtmosphere.TransmittanceLUT.SampleCount:10.0]]
[2021.12.08-00.35.17:109][  0]LogConfig: Setting CVar [[r.SkyAtmosphere.MultiScatteringLUT.SampleCount:15.0]]
[2021.12.08-00.35.17:109][  0]LogConfig: Setting CVar [[r.SkyLight.RealTimeReflectionCapture:1]]
[2021.12.08-00.35.17:109][  0]LogConfig: Applying CVar settings from Section [FoliageQuality@3] File [D:/UnrealProjects/APortedStudy/Saved/Config/Windows/Scalability.ini]
[2021.12.08-00.35.17:109][  0]LogConfig: Setting CVar [[foliage.DensityScale:1.0]]
[2021.12.08-00.35.17:109][  0]LogConfig: Setting CVar [[grass.DensityScale:1.0]]
[2021.12.08-00.35.17:109][  0]LogConfig: Applying CVar settings from Section [ShadingQuality@3] File [D:/UnrealProjects/APortedStudy/Saved/Config/Windows/Scalability.ini]
[2021.12.08-00.35.17:109][  0]LogConfig: Setting CVar [[r.HairStrands.SkyLighting.IntegrationType:2]]
[2021.12.08-00.35.17:109][  0]LogConfig: Setting CVar [[r.HairStrands.SkyAO.SampleCount:4]]
[2021.12.08-00.35.17:109][  0]LogConfig: Setting CVar [[r.HairStrands.Visibility.MSAA.SamplePerPixel:4]]
[2021.12.08-00.35.17:109][  0]LogConfig: Applying CVar settings from Section [Startup] File [../../../Engine/Config/ConsoleVariables.ini]
[2021.12.08-00.35.17:110][  0]LogConfig: Setting CVar [[net.UseAdaptiveNetUpdateFrequency:0]]
[2021.12.08-00.35.17:110][  0]LogConfig: Setting CVar [[p.chaos.AllowCreatePhysxBodies:1]]
[2021.12.08-00.35.17:110][  0]LogConfig: Setting CVar [[fx.SkipVectorVMBackendOptimizations:1]]
[2021.12.08-00.35.17:110][  0]LogConfig: Applying CVar settings from Section [ConsoleVariables] File [D:/UnrealProjects/APortedStudy/Saved/Config/Windows/Engine.ini]
[2021.12.08-00.35.17:110][  0]LogConfig: Applying CVar settings from Section [ConsoleVariables] File [D:/UnrealProjects/APortedStudy/Saved/Config/Windows/Editor.ini]
[2021.12.08-00.35.17:110][  0]LogInit: Computer: DESKTOP-CA0FQV7
[2021.12.08-00.35.17:110][  0]LogInit: User: janua
[2021.12.08-00.35.17:110][  0]LogInit: CPU Page size=4096, Cores=6
[2021.12.08-00.35.17:110][  0]LogInit: High frequency timer resolution =10.000000 MHz
[2021.12.08-00.35.17:110][  0]LogMemory: Memory total: Physical=31.9GB (32GB approx)
[2021.12.08-00.35.17:110][  0]LogMemory: Platform Memory Stats for Windows
[2021.12.08-00.35.17:110][  0]LogMemory: Process Physical Memory: 142.98 MB used, 142.98 MB peak
[2021.12.08-00.35.17:110][  0]LogMemory: Process Virtual Memory: 116.38 MB used, 116.38 MB peak
[2021.12.08-00.35.17:110][  0]LogMemory: Physical Memory: 15732.12 MB used,  16984.09 MB free, 32716.21 MB total
[2021.12.08-00.35.17:110][  0]LogMemory: Virtual Memory: 134200280.00 MB used,  17451.48 MB free, 134217728.00 MB total
[2021.12.08-00.35.17:120][  0]LogWindows: WindowsPlatformFeatures enabled
[2021.12.08-00.35.17:267][  0]LogInit: Physics initialised using underlying interface: PhysX
[2021.12.08-00.35.17:268][  0]LogInit: Using OS detected language (en-GB).
[2021.12.08-00.35.17:268][  0]LogInit: Using OS detected locale (en-GB).
[2021.12.08-00.35.17:270][  0]LogTextLocalizationManager: No specific localization for 'en-GB' exists, so the 'en' localization will be used.
[2021.12.08-00.35.17:451][  0]LogInit: Setting process to per monitor DPI aware
[2021.12.08-00.35.18:445][  0]LogWindowsTextInputMethodSystem: Display: IME system deactivated.
[2021.12.08-00.35.18:464][  0]LogSlate: New Slate User Created.  User Index 0, Is Virtual User: 0
[2021.12.08-00.35.18:464][  0]LogSlate: Slate User Registered.  User Index 0, Is Virtual User: 0
[2021.12.08-00.35.18:585][  0]LogD3D11RHI: Loaded GFSDK_Aftermath_Lib.x64.dll
[2021.12.08-00.35.18:590][  0]LogHMD: Failed to initialize OpenVR with code 110
[2021.12.08-00.35.18:590][  0]LogD3D11RHI: D3D11 min allowed feature level: 11_0
[2021.12.08-00.35.18:590][  0]LogD3D11RHI: D3D11 max allowed feature level: 11_0
[2021.12.08-00.35.18:590][  0]LogD3D11RHI: D3D11 adapters:
[2021.12.08-00.35.18:720][  0]LogD3D11RHI:    0. 'NVIDIA GeForce RTX 2070 SUPER' (Feature Level 11_0)
[2021.12.08-00.35.18:720][  0]LogD3D11RHI:       8011/0/16358 MB DedicatedVideo/DedicatedSystem/SharedSystem, Outputs:2, VendorId:0x10de
[2021.12.08-00.35.18:725][  0]LogD3D11RHI:    1. 'Microsoft Basic Render Driver' (Feature Level 11_0)
[2021.12.08-00.35.18:725][  0]LogD3D11RHI:       0/0/16358 MB DedicatedVideo/DedicatedSystem/SharedSystem, Outputs:0, VendorId:0x1414
[2021.12.08-00.35.18:725][  0]LogD3D11RHI: Chosen D3D11 Adapter: 0
[2021.12.08-00.35.18:732][  0]LogD3D11RHI: Creating new Direct3DDevice
[2021.12.08-00.35.18:732][  0]LogD3D11RHI:     GPU DeviceId: 0x1e84 (for the marketing name, search the web for "GPU Device Id")
[2021.12.08-00.35.18:732][  0]LogWindows: EnumDisplayDevices:
[2021.12.08-00.35.18:733][  0]LogWindows:    0. 'NVIDIA GeForce RTX 2070 SUPER' (P:0 D:1)
[2021.12.08-00.35.18:733][  0]LogWindows:    1. 'NVIDIA GeForce RTX 2070 SUPER' (P:1 D:1)
[2021.12.08-00.35.18:733][  0]LogWindows:    2. 'NVIDIA GeForce RTX 2070 SUPER' (P:0 D:0)
[2021.12.08-00.35.18:733][  0]LogWindows:    3. 'NVIDIA GeForce RTX 2070 SUPER' (P:0 D:0)
[2021.12.08-00.35.18:734][  0]LogWindows: DebugString: FoundDriverCount:4 
[2021.12.08-00.35.18:734][  0]LogD3D11RHI:     Adapter Name: NVIDIA GeForce RTX 2070 SUPER
[2021.12.08-00.35.18:734][  0]LogD3D11RHI:   Driver Version: 496.13 (internal:30.0.14.9613, unified:496.13)
[2021.12.08-00.35.18:734][  0]LogD3D11RHI:      Driver Date: 10-6-2021
[2021.12.08-00.35.18:734][  0]LogRHI: Texture pool is 5607 MB (70% of 8011 MB)
[2021.12.08-00.35.18:800][  0]LogD3D11RHI: RHI has support for 64 bit atomics
[2021.12.08-00.35.18:800][  0]LogD3D11RHI: Async texture creation enabled
[2021.12.08-00.35.18:800][  0]LogD3D11RHI: Array index from any shader is supported
[2021.12.08-00.35.18:820][  0]LogD3D11RHI: GPU Timing Frequency: 1000.000000 (Debug: 2 1)
[2021.12.08-00.35.18:876][  0]LogRHI: GeForceNow SDK initialized: 1
[2021.12.08-00.35.19:164][  0]LogTargetPlatformManager: Display: Loaded TargetPlatform 'AllDesktop'
[2021.12.08-00.35.19:186][  0]LogTargetPlatformManager: Display: Loaded TargetPlatform 'Android'
[2021.12.08-00.35.19:186][  0]LogTargetPlatformManager: Display: Loaded TargetPlatform 'Android_ASTC'
[2021.12.08-00.35.19:186][  0]LogTargetPlatformManager: Display: Loaded TargetPlatform 'Android_DXT'
[2021.12.08-00.35.19:186][  0]LogTargetPlatformManager: Display: Loaded TargetPlatform 'Android_ETC2'
[2021.12.08-00.35.19:186][  0]LogTargetPlatformManager: Display: Loaded TargetPlatform 'AndroidClient'
[2021.12.08-00.35.19:186][  0]LogTargetPlatformManager: Display: Loaded TargetPlatform 'Android_ASTCClient'
[2021.12.08-00.35.19:186][  0]LogTargetPlatformManager: Display: Loaded TargetPlatform 'Android_DXTClient'
[2021.12.08-00.35.19:186][  0]LogTargetPlatformManager: Display: Loaded TargetPlatform 'Android_ETC2Client'
[2021.12.08-00.35.19:186][  0]LogTargetPlatformManager: Display: Loaded TargetPlatform 'Android_Multi'
[2021.12.08-00.35.19:186][  0]LogTargetPlatformManager: Display: Loaded TargetPlatform 'Android_MultiClient'
[2021.12.08-00.35.19:210][  0]LogTargetPlatformManager: Display: Loaded TargetPlatform 'IOSClient'
[2021.12.08-00.35.19:210][  0]LogTargetPlatformManager: Display: Loaded TargetPlatform 'IOS'
[2021.12.08-00.35.19:220][  0]LogTargetPlatformManager: Display: Loaded TargetPlatform 'Linux'
[2021.12.08-00.35.19:225][  0]LogTargetPlatformManager: Display: Loaded TargetPlatform 'LinuxNoEditor'
[2021.12.08-00.35.19:231][  0]LogTargetPlatformManager: Display: Loaded TargetPlatform 'LinuxClient'
[2021.12.08-00.35.19:238][  0]LogTargetPlatformManager: Display: Loaded TargetPlatform 'LinuxServer'
[2021.12.08-00.35.19:248][  0]LogTargetPlatformManager: Display: Loaded TargetPlatform 'LinuxAArch64NoEditor'
[2021.12.08-00.35.19:254][  0]LogTargetPlatformManager: Display: Loaded TargetPlatform 'LinuxAArch64Client'
[2021.12.08-00.35.19:259][  0]LogTargetPlatformManager: Display: Loaded TargetPlatform 'LinuxAArch64Server'
[2021.12.08-00.35.19:284][  0]LogTargetPlatformManager: Display: Loaded TargetPlatform 'Lumin'
[2021.12.08-00.35.19:284][  0]LogTargetPlatformManager: Display: Loaded TargetPlatform 'LuminClient'
[2021.12.08-00.35.19:293][  0]LogTargetPlatformManager: Display: Loaded TargetPlatform 'MacNoEditor'
[2021.12.08-00.35.19:298][  0]LogTargetPlatformManager: Display: Loaded TargetPlatform 'Mac'
[2021.12.08-00.35.19:304][  0]LogTargetPlatformManager: Display: Loaded TargetPlatform 'MacClient'
[2021.12.08-00.35.19:310][  0]LogTargetPlatformManager: Display: Loaded TargetPlatform 'MacServer'
[2021.12.08-00.35.19:321][  0]LogTargetPlatformManager: Display: Loaded TargetPlatform 'TVOSClient'
[2021.12.08-00.35.19:321][  0]LogTargetPlatformManager: Display: Loaded TargetPlatform 'TVOS'
[2021.12.08-00.35.19:331][  0]LogTargetPlatformManager: Display: Loaded TargetPlatform 'WindowsNoEditor'
[2021.12.08-00.35.19:337][  0]LogTargetPlatformManager: Display: Loaded TargetPlatform 'Windows'
[2021.12.08-00.35.19:343][  0]LogTargetPlatformManager: Display: Loaded TargetPlatform 'WindowsClient'
[2021.12.08-00.35.19:348][  0]LogTargetPlatformManager: Display: Loaded TargetPlatform 'WindowsServer'
[2021.12.08-00.35.19:348][  0]LogTargetPlatformManager: Display: Building Assets For Windows
[2021.12.08-00.35.19:364][  0]LogAudioDebug: Display: Lib vorbis DLL was dynamically loaded.
[2021.12.08-00.35.19:415][  0]LogTextureFormatOodle: Display: Oodle Texture 2.9.0 init RDO Off
[2021.12.08-00.35.19:477][  0]LogRendererCore: Ray tracing is disabled. Reason: r.RayTracing=0.
[2021.12.08-00.35.19:477][  0]LogShaderCompilers: Guid format shader working directory is 6 characters bigger than the processId version (../../../../UnrealProjects/APortedStudy/Intermediate/Shaders/WorkingDirectory/28932/).
[2021.12.08-00.35.19:477][  0]LogShaderCompilers: Cleaned the shader compiler working directory 'C:/Users/janua/AppData/Local/Temp/UnrealShaderWorkingDir/4C7C46B342BE4C24671FF8BB6B79D924/'.
[2021.12.08-00.35.19:477][  0]LogXGEController: Cannot use XGE Controller as Incredibuild is not installed on this machine.
[2021.12.08-00.35.19:477][  0]LogShaderCompilers: Cannot use XGE Shader Compiler as Incredibuild is not installed on this machine.
[2021.12.08-00.35.19:477][  0]LogShaderCompilers: Display: Using Local Shader Compiler.
[2021.12.08-00.35.20:184][  0]LogDerivedDataCache: Display: Max Cache Size: 512 MB
[2021.12.08-00.35.20:238][  0]LogDerivedDataCache: Loaded boot cache 0.05s 98MB C:/Users/janua/AppData/Local/UnrealEngine/4.27/DerivedDataCache/Boot.ddc.
[2021.12.08-00.35.20:238][  0]LogDerivedDataCache: Display: Loaded Boot cache: C:/Users/janua/AppData/Local/UnrealEngine/4.27/DerivedDataCache/Boot.ddc
[2021.12.08-00.35.20:238][  0]LogDerivedDataCache: FDerivedDataBackendGraph:  Pak pak cache file ../../../../UnrealProjects/APortedStudy/DerivedDataCache/DDC.ddp not found, will not use a pak cache.
[2021.12.08-00.35.20:238][  0]LogDerivedDataCache: Unable to find inner node Pak for hierarchical cache Hierarchy.
[2021.12.08-00.35.20:238][  0]LogDerivedDataCache: FDerivedDataBackendGraph:  CompressedPak pak cache file ../../../../UnrealProjects/APortedStudy/DerivedDataCache/Compressed.ddp not found, will not use a pak cache.
[2021.12.08-00.35.20:238][  0]LogDerivedDataCache: Unable to find inner node CompressedPak for hierarchical cache Hierarchy.
[2021.12.08-00.35.20:254][  0]LogDerivedDataCache: Display: Pak cache opened for reading ../../../Engine/DerivedDataCache/Compressed.ddp.
[2021.12.08-00.35.20:254][  0]LogDerivedDataCache: FDerivedDataBackendGraph:  EnterprisePak pak cache file ../../../Enterprise/DerivedDataCache/Compressed.ddp not found, will not use a pak cache.
[2021.12.08-00.35.20:254][  0]LogDerivedDataCache: Unable to find inner node EnterprisePak for hierarchical cache Hierarchy.
[2021.12.08-00.35.20:266][  0]LogDerivedDataCache: Speed tests for C:/Users/janua/AppData/Local/UnrealEngine/Common/DerivedDataCache took 0.01 seconds
[2021.12.08-00.35.20:267][  0]LogDerivedDataCache: Display: Performance to C:/Users/janua/AppData/Local/UnrealEngine/Common/DerivedDataCache: Latency=0.03ms. RandomReadSpeed=1165.31MBs, RandomWriteSpeed=84.42MBs. Assigned SpeedClass 'Local'
[2021.12.08-00.35.20:271][  0]LogDerivedDataCache: Using Local data cache path C:/Users/janua/AppData/Local/UnrealEngine/Common/DerivedDataCache: Writable
[2021.12.08-00.35.20:271][  0]LogDerivedDataCache: Shared data cache path not found in *engine.ini, will not use an Shared cache.
[2021.12.08-00.35.20:271][  0]LogDerivedDataCache: Unable to find inner node Shared for hierarchical cache Hierarchy.
[2021.12.08-00.35.20:315][  0]LogSlate: Using FreeType 2.10.0
[2021.12.08-00.35.20:316][  0]LogSlate: SlateFontServices - WITH_FREETYPE: 1, WITH_HARFBUZZ: 1
[2021.12.08-00.35.20:340][  0]LogAssetRegistry: FAssetRegistry took 0.0043 seconds to start up
[2021.12.08-00.35.20:562][  0]LogInit: Selected Device Profile: [Windows]
[2021.12.08-00.35.20:562][  0]LogInit: Active device profile: [000002A1C0F4CE00][000002A1B33A9380 49] Windows
[2021.12.08-00.35.20:562][  0]LogInit: Profiles: [000002A1C0F4CE00][000002A1B33A9380 49] Windows, [000002A1C0F2A100][000002A1B6E7F500 49] WindowsNoEditor, [000002A1C0F4DD00][000002A1B6E83680 49] WindowsServer, [000002A1C0F2AF00][000002A1B6E87800 49] WindowsClient, [000002A1C0F4EA00][000002A1B6E8B980 49] IOS, [000002A1C0F2B500][000002A1B6E8FB00 49] iPadAir, [000002A1C0F4D500][000002A1B6E92100 49] iPadAir2, [000002A1C0EB5300][000002A1B6E9A3C0 49] IPadPro, [000002A1C0EB5400][000002A1B6E96400 49] iPadAir3, [000002A1C0F28C00][000002A1B6E9E580 49] iPadAir4, [000002A1C0EB6000][000002A1B6EA2700 49] iPadMini2, [000002A1C0F2AD00][000002A1B6E7A840 49] iPadMini3, [000002A1C0EB6A00][000002A1B6EA6980 49] iPadMini4, [000002A1C0F28F00][000002A1C07D2AC0 49] iPadMini5, [000002A1C0ED4B00][000002A1C07DED80 49] iPhone6, [000002A1C0ED4C00][000002A1C07DADC0 49] iPodTouch6, [000002A1C0F4E900][000002A1C07E7080 49] iPhone7, [000002A1C0F4CF00][000002A1C07E30C0 49] iPodTouch7, [000002A1C0EB5200][000002A1C07EF240 49] iPhone5S, [000002A1C0F4EC00][000002A1B32C73C0 49] iPhone6Plus, [000002A1C0EB7D00][000002A1C092D540 49] iPhone6S, [000002A1C0EB4100][000002A1C09356C0 49] iPhone6SPlus, [000002A1C0ED7F00][000002A1C0939840 49] iPhone7Plus, [000002A1C0EB6200][000002A1C093D9C0 49] iPhoneSE, [000002A1C0ED6800][000002A1C07EBB40 49] iPhone8, [000002A1C0EB6500][000002A1C0930140 49] iPhone8Plus, [000002A1C0ED7900][000002A1C09402C0 49] iPhoneX, [000002A1C0EB6400][000002A1C0944440 49] iPhoneXS, [000002A1C0ED4E00][000002A1C09485C0 49] iPhoneXSMax, [000002A1C0F4D800][000002A1B330C740 49] iPhoneXR, [000002A1C0ED5600][000002A1B33108C0 49] iPhone11, [000002A1C0F4DA00][000002A1C07D6A00 49] iPhone11Pro, [000002A1C0ED5800][000002A1B3314B40 49] iPhone11ProMax, [000002A1C0F4D100][000002A1B3318C80 49] iPhoneSE2, [000002A1C0ED7A00][000002A1B331CDC0 49] iPhone12Mini, [000002A1C0F4CB00][000002A1B38F6F40 49] iPhone12, [000002A1C0ED5C00][000002A1B30EB0C0 49] iPhone12Pro, [000002A1C0F4D000][000002A1B6EAF240 49] iPhone12ProMax, [000002A1C0ED7600][000002A1B38F33C0 49] iPadPro105, [000002A1C0F4F800][000002A1B3321540 49] iPadPro129, [000002A1C0ED4300][000002A1C01116C0 49] iPadPro97, [000002A1C0F4D400][000002A1C0115840 49] iPadPro2_129, [000002A1C0ED5300][000002A1C01199C0 49] iPad5, [000002A1C0F4FA00][000002A1C011DB40 49] iPad6, [000002A1C0ED7C00][000002A1C0120140 49] iPad7, [000002A1C0F4F200][000002A1C01242C0 49] iPad8, [000002A1C0ED7200][000002A1C0128440 49] iPadPro11, [000002A1C0F4EF00][000002A1C012C5C0 49] iPadPro2_11, [000002A1C0ED6200][000002A1C08E4740 49] iPadPro3_129, [000002A1C0F4C700][000002A1C08E88C0 49] iPadPro4_129, [000002A1C0ED5000][000002A1C08ECA40 49] AppleTV, [000002A1C0F4F100][000002A1B33A4B80 49] AppleTV4K, [000002A1C0ED6100][000002A1C08F0CC0 49] TVOS, [000002A1C0F4E100][000002A1C08F4E00 49] Mac, [000002A1C0ED7500][000002A1C08F8F40 49] MacClient, [000002A1C0F4FB00][000002A1C09010C0 49] MacNoEditor, [000002A1C0ED4D00][000002A1C0905240 49] MacServer, [000002A1C0F4EE00][000002A1C09093C0 49] Linux, [000002A1C0ED5F00][000002A1B6E07540 49] LinuxAArch64, [000002A1C0F4CA00][000002A1B6E0B6C0 49] LinuxNoEditor, [000002A1C0ED7000][000002A1B6E0F840 49] LinuxAArch64NoEditor, [000002A1C0F4F300][000002A1B6E139C0 49] LinuxClient, [000002A1C0ED6700][000002A1B6E17B40 49] LinuxAArch64Client, [000002A1C0F4DB00][000002A1B6E1A140 49] LinuxServer, [000002A1C0ED4400][000002A1B6E1E2C0 49] LinuxAArch64Server, [000002A1C0F4DC00][000002A1B6E22440 49] Android, [000002A1C0ED5400][000002A1B6E265C0 49] Android_Low, [000002A1C0F4DE00][000002A1B6E2A740 49] Android_Mid, [000002A1C0ED6900][000002A1B6E2E8C0 49] Android_High, [000002A1C0F4E000][000002A1B6E32A40 49] Android_Default, [000002A1C0ED7100][000002A1B6E36BC0 49] Android_Adreno4xx, [000002A1C0F4E200][000002A1B6E3AD40 49] Android_Adreno5xx_Low, [000002A1C0ED7D00][000002A1C08FCE80 49] Android_Adreno5xx, [000002A1C0F4C200][000002A1B6E3EFC0 49] Android_Adreno6xx, [000002A1C0ED5700][000002A1B3281100 49] Android_Adreno6xx_Vulkan, [000002A1C0F4E700][000002A1B3289280 49] Android_Mali_T6xx, [000002A1C0EB5700][000002A1B328D400 49] Android_Mali_T7xx, [000002A1C0F2AE00][000002A1B3291580 49] Android_Mali_T8xx, [000002A1C0EB7E00][000002A1B3295700 49] Android_Mali_G71, [000002A1C0F2BC00][000002A1B3299880 49] Android_Mali_G72, [000002A1C0EB7A00][000002A1B329DA00 49] Android_Mali_G72_Vulkan, [000002A1C0F2B600][000002A1B32A1B80 49] Android_Mali_G76, [000002A1C0EB5B00][000002A1B32A4180 49] Android_Mali_G76_Vulkan, [000002A1C0F2A000][000002A1B32A8300 49] Android_Mali_G77, [000002A1C0EB7600][000002A1B32AC480 49] Android_Mali_G77_Vulkan, [000002A1C0F29D00][000002A1B32B0600 49] Android_Mali_G78, [000002A1C0EB5000][000002A1B32B4780 49] Android_Mali_G78_Vulkan, [000002A1C0F28500][000002A1B32B8900 49] Android_Mali_G710, [000002A1C0EB5600][000002A1B32BCA80 49] Android_Mali_G710_Vulkan, [000002A1C0F2A200][000002A1B32C0C00 49] Android_Vulkan_SM5, [000002A1C0EB5A00][000002A1BF9B2D80 49] Android_PowerVR_G6xxx, [000002A1C0F2AC00][000002A1BF9B6F00 49] Android_PowerVR_GT7xxx, [000002A1C0EB7300][000002A1B3285040 49] Android_PowerVR_GE8xxx, [000002A1C0F2BF00][000002A1BF9BB180 49] Android_PowerVR_GM9xxx, [000002A1C0EB5F00][000002A1BF9BF2C0 49] Android_PowerVR_GM9xxx_Vulkan, [000002A1C0F29300][000002A1BF9C7440 49] Android_TegraK1, [000002A1C0EB7B00][000002A1BF9CB5C0 49] Android_Unknown_Vulkan, [000002A1C0F28D00][000002A1BF9CF740 49] Lumin, [000002A1C0EB4600][000002A1BF9D38C0 49] Lumin_Desktop, [000002A1C0ED7300][000002A1BF9D7A40 49] HoloLens, 
[2021.12.08-00.35.20:704][  0]LogMeshReduction: Using QuadricMeshReduction for automatic static mesh reduction
[2021.12.08-00.35.20:704][  0]LogMeshReduction: Using SimplygonMeshReduction for automatic skeletal mesh reduction
[2021.12.08-00.35.20:704][  0]LogMeshReduction: Using ProxyLODMeshReduction for automatic mesh merging
[2021.12.08-00.35.20:704][  0]LogMeshReduction: No distributed automatic mesh merging module available
[2021.12.08-00.35.20:704][  0]LogMeshMerging: No distributed automatic mesh merging module available
[2021.12.08-00.35.20:722][  0]LogNetVersion: APortedStudy 1.0.0, NetCL: 17155196, EngineNetVer: 17, GameNetVer: 0 (Checksum: 1793046333)
[2021.12.08-00.35.22:685][  0]LogTexture: Default maximum texture size for cubemaps generated from long-lat sources has been changed from 512 to unlimited. In order to preserve old behaiour for '/Engine/MapTemplates/Sky/DaylightAmbientCubemap.DaylightAmbientCubemap', its maximum texture size has been explicitly set to 512.
[2021.12.08-00.35.22:744][  0]LogHMD: PokeAHoleMaterial loaded successfully
[2021.12.08-00.35.22:751][  0]LogUObjectArray: 17178 objects as part of root set at end of initial load.
[2021.12.08-00.35.22:751][  0]LogUObjectAllocator: 4301856 out of 0 bytes used by permanent object pool.
[2021.12.08-00.35.22:751][  0]LogUObjectArray: CloseDisregardForGC: 0/0 objects in disregard for GC pool
[2021.12.08-00.35.23:064][  0]LogPython: Using Python 3.7.7
[2021.12.08-00.35.23:532][  0]LogNiagaraDebuggerClient: Niagara Debugger Client Initialized | Session: 8ED71F7D457259CFF1906D9F9F204D26 | Instance: 9D5C15CE45E415D901D423BE3D4B323A (DESKTOP-CA0FQV7-28932).
[2021.12.08-00.35.23:688][  0]LogStreaming: Warning: Failed to read file '../../../Engine/Content/Editor/Slate/Niagara/MenuSeparator.png' error.
[2021.12.08-00.35.23:688][  0]LogSlate: Could not find file for Slate resource: ../../../Engine/Content/Editor/Slate/Niagara/MenuSeparator.png
[2021.12.08-00.35.23:688][  0]LogStreaming: Warning: Failed to read file '../../../Engine/Content/Editor/Slate/Niagara/Common/Selector.png' error.
[2021.12.08-00.35.23:688][  0]LogSlate: Could not find file for Slate resource: ../../../Engine/Content/Editor/Slate/Niagara/Common/Selector.png
[2021.12.08-00.35.23:689][  0]LogStreaming: Warning: Failed to read file '../../../Engine/Content/Editor/Slate/Niagara/Common/Selection.png' error.
[2021.12.08-00.35.23:689][  0]LogSlate: Could not find file for Slate resource: ../../../Engine/Content/Editor/Slate/Niagara/Common/Selection.png
[2021.12.08-00.35.23:689][  0]LogImageWrapper: Warning: PNG Warning: Duplicate iCCP chunk
[2021.12.08-00.35.23:689][  0]LogStreaming: Warning: Failed to read file '../../../Engine/Content/Editor/Slate/Niagara/Common/DropZoneIndicator_Above.png' error.
[2021.12.08-00.35.23:689][  0]LogSlate: Could not find file for Slate resource: ../../../Engine/Content/Editor/Slate/Niagara/Common/DropZoneIndicator_Above.png
[2021.12.08-00.35.23:689][  0]LogStreaming: Warning: Failed to read file '../../../Engine/Content/Editor/Slate/Niagara/Common/DropZoneIndicator_Onto.png' error.
[2021.12.08-00.35.23:689][  0]LogSlate: Could not find file for Slate resource: ../../../Engine/Content/Editor/Slate/Niagara/Common/DropZoneIndicator_Onto.png
[2021.12.08-00.35.23:689][  0]LogStreaming: Warning: Failed to read file '../../../Engine/Content/Editor/Slate/Niagara/Common/DropZoneIndicator_Below.png' error.
[2021.12.08-00.35.23:689][  0]LogSlate: Could not find file for Slate resource: ../../../Engine/Content/Editor/Slate/Niagara/Common/DropZoneIndicator_Below.png
[2021.12.08-00.35.23:689][  0]LogStreaming: Warning: Failed to read file '../../../Engine/Content/Editor/Slate/Niagara/Common/RoundedSelection_16x.png' error.
[2021.12.08-00.35.23:689][  0]LogSlate: Could not find file for Slate resource: ../../../Engine/Content/Editor/Slate/Niagara/Common/RoundedSelection_16x.png
[2021.12.08-00.35.23:689][  0]LogStreaming: Warning: Failed to read file '../../../Engine/Content/Editor/Slate/Niagara/Common/FlatButton.png' error.
[2021.12.08-00.35.23:689][  0]LogSlate: Could not find file for Slate resource: ../../../Engine/Content/Editor/Slate/Niagara/Common/FlatButton.png
[2021.12.08-00.35.23:689][  0]LogImageWrapper: Warning: PNG Warning: Duplicate iCCP chunk
[2021.12.08-00.35.23:689][  0]LogTcpMessaging: Initializing TcpMessaging bridge
[2021.12.08-00.35.23:698][  0]LogUdpMessaging: Initializing bridge on interface 0.0.0.0:0 to multicast group 230.0.0.1:6666.
