Log file open, 11/16/21 02:28:07
LogWindows: Failed to load 'aqProf.dll' (GetLastError=126)
LogWindows: File 'aqProf.dll' does not exist
LogWindows: Failed to load 'VtuneApi.dll' (GetLastError=126)
LogWindows: File 'VtuneApi.dll' does not exist
LogWindows: Failed to load 'VtuneApi32e.dll' (GetLastError=126)
LogWindows: File 'VtuneApi32e.dll' does not exist
LogConsoleResponse: Display: Failed to find resolution value strings in scalability ini. Falling back to default.
LogConsoleResponse: Display: Failed to find resolution value strings in scalability ini. Falling back to default.
LogInit: Display: Running engine for game: APortedStudy
LogPlatformFile: Not using cached read wrapper
LogTaskGraph: Started task graph with 5 named threads and 20 total threads with 3 sets of task threads.
LogStats: Stats thread started at 0.399538
LogICUInternationalization: ICU TimeZone Detection - Raw Offset: +0:00, Platform Override: ''
LogInit: Display: Loading text-based GConfig....
LogPluginManager: Mounting plugin MeshPainting
LogPluginManager: Mounting plugin XGEController
LogPluginManager: Mounting plugin Paper2D
LogPluginManager: Mounting plugin LiveLink
LogPluginManager: Mounting plugin AISupport
LogPluginManager: Mounting plugin EnvironmentQueryEditor
LogPluginManager: Mounting plugin LightPropagationVolume
LogPluginManager: Mounting plugin AssetManagerEditor
LogPluginManager: Mounting plugin CryptoKeys
LogPluginManager: Mounting plugin CurveEditorTools
LogPluginManager: Mounting plugin DataValidation
LogPluginManager: Mounting plugin FacialAnimation
LogPluginManager: Mounting plugin GameplayTagsEditor
LogPluginManager: Mounting plugin GeometryMode
LogPluginManager: Mounting plugin DatasmithContent
LogPluginManager: Mounting plugin MacGraphicsSwitching
LogPluginManager: Mounting plugin MaterialAnalyzer
LogPluginManager: Mounting plugin MobileLauncherProfileWizard
LogPluginManager: Mounting plugin PluginBrowser
LogPluginManager: Mounting plugin SpeedTreeImporter
LogPluginManager: Mounting plugin VariantManagerContent
LogPluginManager: Mounting plugin OodleData
LogPluginManager: Mounting plugin OodleNetwork
LogPluginManager: Mounting plugin AlembicImporter
LogPluginManager: Mounting plugin AutomationUtils
LogPluginManager: Mounting plugin BackChannel
LogPluginManager: Mounting plugin ChaosCloth
LogPluginManager: Mounting plugin ChaosClothEditor
LogPluginManager: Mounting plugin ChaosEditor
LogPluginManager: Mounting plugin ChaosNiagara
LogPluginManager: Mounting plugin ChaosSolverPlugin
LogPluginManager: Mounting plugin CharacterAI
LogPluginManager: Mounting plugin Niagara
LogPluginManager: Mounting plugin GeometryCache
LogPluginManager: Mounting plugin GeometryCollectionPlugin
LogPluginManager: Mounting plugin GeometryProcessing
LogPluginManager: Mounting plugin MotoSynth
LogPluginManager: Mounting plugin OpenImageDenoise
LogPluginManager: Mounting plugin PlanarCut
LogPluginManager: Mounting plugin PlatformCrypto
LogPluginManager: Mounting plugin ProxyLODPlugin
LogPluginManager: Mounting plugin PythonScriptPlugin
LogPluginManager: Mounting plugin SkeletalReduction
LogPluginManager: Mounting plugin LuminPlatformFeatures
LogPluginManager: Mounting plugin MagicLeap
LogPluginManager: Mounting plugin MagicLeapLightEstimation
LogPluginManager: Mounting plugin MagicLeapMedia
LogPluginManager: Mounting plugin MagicLeapPassableWorld
LogPluginManager: Mounting plugin MLSDK
LogPluginManager: Mounting plugin AndroidMedia
LogPluginManager: Mounting plugin AvfMedia
LogPluginManager: Mounting plugin ImgMedia
LogPluginManager: Mounting plugin MediaCompositing
LogPluginManager: Mounting plugin MediaPlayerEditor
LogPluginManager: Mounting plugin WebMMedia
LogPluginManager: Mounting plugin WmfMedia
LogPluginManager: Mounting plugin TcpMessaging
LogPluginManager: Mounting plugin UdpMessaging
LogPluginManager: Mounting plugin ActorSequence
LogPluginManager: Mounting plugin LevelSequenceEditor
LogPluginManager: Mounting plugin MatineeToLevelSequence
LogPluginManager: Mounting plugin TemplateSequence
LogPluginManager: Mounting plugin LauncherChunkInstaller
LogPluginManager: Mounting plugin OnlineSubsystem
LogPluginManager: Mounting plugin OnlineSubsystemNull
LogPluginManager: Mounting plugin OnlineSubsystemUtils
LogPluginManager: Mounting plugin ActorLayerUtilities
LogPluginManager: Mounting plugin AndroidDeviceProfileSelector
LogPluginManager: Mounting plugin AndroidMoviePlayer
LogPluginManager: Mounting plugin AndroidPermission
LogPluginManager: Mounting plugin AppleImageUtils
LogPluginManager: Mounting plugin AppleMoviePlayer
LogPluginManager: Mounting plugin ArchVisCharacter
LogPluginManager: Mounting plugin AssetTags
LogPluginManager: Mounting plugin AudioCapture
LogPluginManager: Mounting plugin AudioSynesthesia
LogPluginManager: Mounting plugin CableComponent
LogPluginManager: Mounting plugin ChunkDownloader
LogPluginManager: Mounting plugin CustomMeshComponent
LogPluginManager: Mounting plugin EditableMesh
LogPluginManager: Mounting plugin ExampleDeviceProfileSelector
LogPluginManager: Mounting plugin GoogleCloudMessaging
LogPluginManager: Mounting plugin GooglePAD
LogPluginManager: Mounting plugin IOSDeviceProfileSelector
LogPluginManager: Mounting plugin LinuxDeviceProfileSelector
LogPluginManager: Mounting plugin LocationServicesBPLibrary
LogPluginManager: Mounting plugin MobilePatchingUtils
LogPluginManager: Mounting plugin OpenXR
LogPluginManager: Mounting plugin OpenXREyeTracker
LogPluginManager: Mounting plugin OpenXRHandTracking
LogPluginManager: Mounting plugin PhysXVehicles
LogPluginManager: Mounting plugin PostSplashScreen
LogPluginManager: Mounting plugin ProceduralMeshComponent
LogPluginManager: Mounting plugin PropertyAccessEditor
LogPluginManager: Mounting plugin SignificanceManager
LogPluginManager: Mounting plugin SoundFields
LogPluginManager: Mounting plugin RuntimePhysXCooking
LogPluginManager: Mounting plugin Synthesis
LogPluginManager: Mounting plugin ScreenshotTools
LogPluginManager: Mounting plugin WebMMoviePlayer
LogPluginManager: Mounting plugin WindowsMoviePlayer
LogPluginManager: Mounting plugin Takes
LogPluginManager: Mounting plugin AnimationSharing
LogPluginManager: Mounting plugin CLionSourceCodeAccess
LogPluginManager: Mounting plugin GameplayCameras
LogPluginManager: Mounting plugin CodeLiteSourceCodeAccess
LogPluginManager: Mounting plugin CameraShakePreviewer
LogPluginManager: Mounting plugin GitSourceControl
LogPluginManager: Mounting plugin KDevelopSourceCodeAccess
LogPluginManager: Mounting plugin NullSourceCodeAccess
LogPluginManager: Mounting plugin PerforceSourceControl
LogPluginManager: Mounting plugin PixWinPlugin
LogPluginManager: Mounting plugin PlasticSourceControl
LogPluginManager: Mounting plugin PluginUtils
LogPluginManager: Mounting plugin PropertyAccessNode
LogPluginManager: Mounting plugin RiderSourceCodeAccess
LogPluginManager: Mounting plugin SubversionSourceControl
LogPluginManager: Mounting plugin TextureFormatOodle
LogPluginManager: Mounting plugin UObjectPlugin
LogPluginManager: Mounting plugin VisualStudioCodeSourceCodeAccess
LogPluginManager: Mounting plugin VisualStudioSourceCodeAccess
LogPluginManager: Mounting plugin XCodeSourceCodeAccess
LogPluginManager: Mounting plugin ContentBrowserAssetDataSource
LogPluginManager: Mounting plugin ContentBrowserClassDataSource
LogPluginManager: Mounting plugin ContentBrowserFileDataSource
LogPluginManager: Mounting plugin OnlineSubsystemGooglePlay
LogPluginManager: Mounting plugin OnlineSubsystemIOS
LogPluginManager: Mounting plugin OculusVR
LogPluginManager: Mounting plugin SteamVR
LogInit: Using libcurl 7.55.1-DEV
LogInit:  - built for x86_64-pc-win32
LogInit:  - supports SSL with OpenSSL/1.1.1
LogInit:  - supports HTTP deflate (compression) using libz 1.2.8
LogInit:  - other features:
LogInit:      CURL_VERSION_SSL
LogInit:      CURL_VERSION_LIBZ
LogInit:      CURL_VERSION_IPV6
LogInit:      CURL_VERSION_ASYNCHDNS
LogInit:      CURL_VERSION_LARGEFILE
LogInit:      CURL_VERSION_IDN
LogInit:  CurlRequestOptions (configurable via config and command line):
LogInit:  - bVerifyPeer = true  - Libcurl will verify peer certificate
LogInit:  - bUseHttpProxy = false  - Libcurl will NOT use HTTP proxy
LogInit:  - bDontReuseConnections = false  - Libcurl will reuse connections
LogInit:  - MaxHostConnections = 16  - Libcurl will limit the number of connections to a host
LogInit:  - LocalHostAddr = Default
LogInit:  - BufferSize = 65536
LogOnline: OSS: Creating online subsystem instance for: NULL
LogInit: WinSock: version 1.1 (2.2), MaxSocks=32767, MaxUdp=65467
LogOnline: OSS: TryLoadSubsystemAndSetDefault: Loaded subsystem for module [NULL]
PixWinPlugin: PIX capture plugin failed to initialize! Check that the process is launched from PIX.
LogOculusPluginWrapper: OculusPlugin initialized successfully
LogHMD: Failed initializing OVRPlugin 1.59.0
LogInit: Build: ++UE4+Release-4.27-CL-17155196
LogInit: Engine Version: 4.27.0-17155196+++UE4+Release-4.27
LogInit: Compatible Engine Version: 4.27.0-17155196+++UE4+Release-4.27
LogInit: Net CL: 17155196
LogInit: OS: Windows 10 (Release 2009) (), CPU: Intel(R) Core(TM) i5-9400F CPU @ 2.90GHz, GPU: NVIDIA GeForce RTX 2070 SUPER
LogInit: Compiled (64-bit): Aug 13 2021 06:13:13
LogInit: Compiled with Visual C++: 19.24.28315.00
LogInit: Build Configuration: Development
LogInit: Branch Name: ++UE4+Release-4.27
LogInit: Command Line:  -skipcompile
LogInit: Base Directory: D:/UE_4.27/Engine/Binaries/Win64/
LogInit: Allocator: TBB
LogInit: Installed Engine Build: 1
LogDevObjectVersion: Number of dev versions registered: 29
LogDevObjectVersion:   Dev-Blueprints (B0D832E4-1F89-4F0D-ACCF-7EB736FD4AA2): 10
LogDevObjectVersion:   Dev-Build (E1C64328-A22C-4D53-A36C-8E866417BD8C): 0
LogDevObjectVersion:   Dev-Core (375EC13C-06E4-48FB-B500-84F0262A717E): 4
LogDevObjectVersion:   Dev-Editor (E4B068ED-F494-42E9-A231-DA0B2E46BB41): 40
LogDevObjectVersion:   Dev-Framework (CFFC743F-43B0-4480-9391-14DF171D2073): 37
LogDevObjectVersion:   Dev-Mobile (B02B49B5-BB20-44E9-A304-32B752E40360): 3
LogDevObjectVersion:   Dev-Networking (A4E4105C-59A1-49B5-A7C5-40C4547EDFEE): 0
LogDevObjectVersion:   Dev-Online (39C831C9-5AE6-47DC-9A44-9C173E1C8E7C): 0
LogDevObjectVersion:   Dev-Physics (78F01B33-EBEA-4F98-B9B4-84EACCB95AA2): 14
LogDevObjectVersion:   Dev-Platform (6631380F-2D4D-43E0-8009-CF276956A95A): 0
LogDevObjectVersion:   Dev-Rendering (12F88B9F-8875-4AFC-A67C-D90C383ABD29): 45
LogDevObjectVersion:   Dev-Sequencer (7B5AE74C-D270-4C10-A958-57980B212A5A): 13
LogDevObjectVersion:   Dev-VR (D7296918-1DD6-4BDD-9DE2-64A83CC13884): 3
LogDevObjectVersion:   Dev-LoadTimes (C2A15278-BFE7-4AFE-6C17-90FF531DF755): 1
LogDevObjectVersion:   Private-Geometry (6EACA3D4-40EC-4CC1-B786-8BED09428FC5): 3
LogDevObjectVersion:   Dev-AnimPhys (29E575DD-E0A3-4627-9D10-D276232CDCEA): 17
LogDevObjectVersion:   Dev-Anim (AF43A65D-7FD3-4947-9873-3E8ED9C1BB05): 15
LogDevObjectVersion:   Dev-ReflectionCapture (6B266CEC-1EC7-4B8F-A30B-E4D90942FC07): 1
LogDevObjectVersion:   Dev-Automation (0DF73D61-A23F-47EA-B727-89E90C41499A): 1
LogDevObjectVersion:   FortniteMain (601D1886-AC64-4F84-AA16-D3DE0DEAC7D6): 47
LogDevObjectVersion:   FortniteRelease (E7086368-6B23-4C58-8439-1B7016265E91): 1
LogDevObjectVersion:   Dev-Enterprise (9DFFBCD6-494F-0158-E221-12823C92A888): 10
LogDevObjectVersion:   Dev-Niagara (F2AED0AC-9AFE-416F-8664-AA7FFA26D6FC): 1
LogDevObjectVersion:   Dev-Destruction (174F1F0B-B4C6-45A5-B13F-2EE8D0FB917D): 10
LogDevObjectVersion:   Dev-Physics-Ext (35F94A83-E258-406C-A318-09F59610247C): 41
LogDevObjectVersion:   Dev-PhysicsMaterial-Chaos (B68FC16E-8B1B-42E2-B453-215C058844FE): 1
LogDevObjectVersion:   Dev-CineCamera (B2E18506-4273-CFC2-A54E-F4BB758BBA07): 1
LogDevObjectVersion:   Dev-VirtualProduction (64F58936-FD1B-42BA-BA96-7289D5D0FA4E): 1
LogDevObjectVersion:   Dev-MediaFramework (6F0ED827-A609-4895-9C91-998D90180EA4): 2
LogInit: Presizing for max 25165824 objects, including 0 objects not considered by GC, pre-allocating 0 bytes for permanent pool.
LogConfig: Applying CVar settings from Section [/Script/Engine.StreamingSettings] File [D:/UnrealProjects/APortedStudy/Saved/Config/Windows/Engine.ini]
LogConfig: Setting CVar [[s.MinBulkDataSizeForAsyncLoading:131072]]
LogConfig: Setting CVar [[s.AsyncLoadingThreadEnabled:0]]
LogConfig: Setting CVar [[s.EventDrivenLoaderEnabled:1]]
LogConfig: Setting CVar [[s.WarnIfTimeLimitExceeded:0]]
LogConfig: Setting CVar [[s.TimeLimitExceededMultiplier:1.5]]
LogConfig: Setting CVar [[s.TimeLimitExceededMinTime:0.005]]
LogConfig: Setting CVar [[s.UseBackgroundLevelStreaming:1]]
LogConfig: Setting CVar [[s.PriorityAsyncLoadingExtraTime:15.0]]
LogConfig: Setting CVar [[s.LevelStreamingActorsUpdateTimeLimit:5.0]]
LogConfig: Setting CVar [[s.PriorityLevelStreamingActorsUpdateExtraTime:5.0]]
LogConfig: Setting CVar [[s.LevelStreamingComponentsRegistrationGranularity:10]]
LogConfig: Setting CVar [[s.UnregisterComponentsTimeLimit:1.0]]
LogConfig: Setting CVar [[s.LevelStreamingComponentsUnregistrationGranularity:5]]
LogConfig: Setting CVar [[s.FlushStreamingOnExit:1]]
LogInit: Object subsystem initialized
LogConfig: Setting CVar [[con.DebugEarlyDefault:1]]
LogConfig: Setting CVar [[r.setres:1280x720]]
[2021.11.16-02.28.07:875][  0]LogConfig: Setting CVar [[r.VSync:0]]
[2021.11.16-02.28.07:875][  0]LogConfig: Setting CVar [[r.RHICmdBypass:0]]
[2021.11.16-02.28.07:875][  0]LogConfig: Applying CVar settings from Section [/Script/Engine.RendererSettings] File [D:/UnrealProjects/APortedStudy/Saved/Config/Windows/Engine.ini]
[2021.11.16-02.28.07:875][  0]LogConfig: Setting CVar [[r.GPUCrashDebugging:0]]
[2021.11.16-02.28.07:875][  0]LogConfig: Applying CVar settings from Section [/Script/Engine.RendererOverrideSettings] File [D:/UnrealProjects/APortedStudy/Saved/Config/Windows/Engine.ini]
[2021.11.16-02.28.07:875][  0]LogConfig: Applying CVar settings from Section [/Script/Engine.StreamingSettings] File [D:/UnrealProjects/APortedStudy/Saved/Config/Windows/Engine.ini]
[2021.11.16-02.28.07:875][  0]LogConfig: Setting CVar [[s.MinBulkDataSizeForAsyncLoading:131072]]
[2021.11.16-02.28.07:875][  0]LogConfig: Setting CVar [[s.AsyncLoadingThreadEnabled:0]]
[2021.11.16-02.28.07:875][  0]LogConfig: Setting CVar [[s.EventDrivenLoaderEnabled:1]]
[2021.11.16-02.28.07:875][  0]LogConfig: Setting CVar [[s.WarnIfTimeLimitExceeded:0]]
[2021.11.16-02.28.07:876][  0]LogConfig: Setting CVar [[s.TimeLimitExceededMultiplier:1.5]]
[2021.11.16-02.28.07:876][  0]LogConfig: Setting CVar [[s.TimeLimitExceededMinTime:0.005]]
[2021.11.16-02.28.07:876][  0]LogConfig: Setting CVar [[s.UseBackgroundLevelStreaming:1]]
[2021.11.16-02.28.07:876][  0]LogConfig: Setting CVar [[s.PriorityAsyncLoadingExtraTime:15.0]]
[2021.11.16-02.28.07:876][  0]LogConfig: Setting CVar [[s.LevelStreamingActorsUpdateTimeLimit:5.0]]
[2021.11.16-02.28.07:876][  0]LogConfig: Setting CVar [[s.PriorityLevelStreamingActorsUpdateExtraTime:5.0]]
[2021.11.16-02.28.07:876][  0]LogConfig: Setting CVar [[s.LevelStreamingComponentsRegistrationGranularity:10]]
[2021.11.16-02.28.07:876][  0]LogConfig: Setting CVar [[s.UnregisterComponentsTimeLimit:1.0]]
[2021.11.16-02.28.07:876][  0]LogConfig: Setting CVar [[s.LevelStreamingComponentsUnregistrationGranularity:5]]
[2021.11.16-02.28.07:876][  0]LogConfig: Setting CVar [[s.FlushStreamingOnExit:1]]
[2021.11.16-02.28.07:876][  0]LogConfig: Applying CVar settings from Section [/Script/Engine.GarbageCollectionSettings] File [D:/UnrealProjects/APortedStudy/Saved/Config/Windows/Engine.ini]
[2021.11.16-02.28.07:876][  0]LogConfig: Setting CVar [[gc.MaxObjectsNotConsideredByGC:1]]
[2021.11.16-02.28.07:876][  0]LogConfig: Setting CVar [[gc.SizeOfPermanentObjectPool:0]]
[2021.11.16-02.28.07:876][  0]LogConfig: Setting CVar [[gc.FlushStreamingOnGC:0]]
[2021.11.16-02.28.07:876][  0]LogConfig: Setting CVar [[gc.NumRetriesBeforeForcingGC:10]]
[2021.11.16-02.28.07:876][  0]LogConfig: Setting CVar [[gc.AllowParallelGC:1]]
[2021.11.16-02.28.07:876][  0]LogConfig: Setting CVar [[gc.TimeBetweenPurgingPendingKillObjects:61.1]]
[2021.11.16-02.28.07:876][  0]LogConfig: Setting CVar [[gc.MaxObjectsInEditor:25165824]]
[2021.11.16-02.28.07:876][  0]LogConfig: Setting CVar [[gc.IncrementalBeginDestroyEnabled:1]]
[2021.11.16-02.28.07:876][  0]LogConfig: Setting CVar [[gc.CreateGCClusters:1]]
[2021.11.16-02.28.07:876][  0]LogConfig: Setting CVar [[gc.MinGCClusterSize:5]]
[2021.11.16-02.28.07:876][  0]LogConfig: Setting CVar [[gc.ActorClusteringEnabled:0]]
[2021.11.16-02.28.07:877][  0]LogConfig: Setting CVar [[gc.BlueprintClusteringEnabled:0]]
[2021.11.16-02.28.07:877][  0]LogConfig: Setting CVar [[gc.UseDisregardForGCOnDedicatedServers:0]]
[2021.11.16-02.28.07:877][  0]LogConfig: Setting CVar [[gc.MultithreadedDestructionEnabled:1]]
[2021.11.16-02.28.07:877][  0]LogConfig: Applying CVar settings from Section [/Script/Engine.NetworkSettings] File [D:/UnrealProjects/APortedStudy/Saved/Config/Windows/Engine.ini]
[2021.11.16-02.28.07:877][  0]LogConfig: Applying CVar settings from Section [/Script/UnrealEd.CookerSettings] File [D:/UnrealProjects/APortedStudy/Saved/Config/Windows/Engine.ini]
[2021.11.16-02.28.07:894][  0]LogConfig: Applying CVar settings from Section [ViewDistanceQuality@3] File [D:/UnrealProjects/APortedStudy/Saved/Config/Windows/Scalability.ini]
[2021.11.16-02.28.07:894][  0]LogConfig: Setting CVar [[r.SkeletalMeshLODBias:0]]
[2021.11.16-02.28.07:894][  0]LogConfig: Setting CVar [[r.ViewDistanceScale:1.0]]
[2021.11.16-02.28.07:894][  0]LogConfig: Applying CVar settings from Section [AntiAliasingQuality@3] File [D:/UnrealProjects/APortedStudy/Saved/Config/Windows/Scalability.ini]
[2021.11.16-02.28.07:894][  0]LogConfig: Setting CVar [[r.PostProcessAAQuality:4]]
[2021.11.16-02.28.07:894][  0]LogConfig: Applying CVar settings from Section [ShadowQuality@3] File [D:/UnrealProjects/APortedStudy/Saved/Config/Windows/Scalability.ini]
[2021.11.16-02.28.07:894][  0]LogConfig: Setting CVar [[r.LightFunctionQuality:1]]
[2021.11.16-02.28.07:894][  0]LogConfig: Setting CVar [[r.ShadowQuality:5]]
[2021.11.16-02.28.07:894][  0]LogConfig: Setting CVar [[r.Shadow.CSM.MaxCascades:10]]
[2021.11.16-02.28.07:894][  0]LogConfig: Setting CVar [[r.Shadow.MaxResolution:2048]]
[2021.11.16-02.28.07:894][  0]LogConfig: Setting CVar [[r.Shadow.MaxCSMResolution:2048]]
[2021.11.16-02.28.07:894][  0]LogConfig: Setting CVar [[r.Shadow.RadiusThreshold:0.01]]
[2021.11.16-02.28.07:894][  0]LogConfig: Setting CVar [[r.Shadow.DistanceScale:1.0]]
[2021.11.16-02.28.07:894][  0]LogConfig: Setting CVar [[r.Shadow.CSM.TransitionScale:1.0]]
[2021.11.16-02.28.07:894][  0]LogConfig: Setting CVar [[r.Shadow.PreShadowResolutionFactor:1.0]]
[2021.11.16-02.28.07:895][  0]LogConfig: Setting CVar [[r.DistanceFieldShadowing:1]]
[2021.11.16-02.28.07:895][  0]LogConfig: Setting CVar [[r.DistanceFieldAO:1]]
[2021.11.16-02.28.07:895][  0]LogConfig: Setting CVar [[r.AOQuality:2]]
[2021.11.16-02.28.07:895][  0]LogConfig: Setting CVar [[r.VolumetricFog:1]]
[2021.11.16-02.28.07:895][  0]LogConfig: Setting CVar [[r.VolumetricFog.GridPixelSize:8]]
[2021.11.16-02.28.07:895][  0]LogConfig: Setting CVar [[r.VolumetricFog.GridSizeZ:128]]
[2021.11.16-02.28.07:895][  0]LogConfig: Setting CVar [[r.VolumetricFog.HistoryMissSupersampleCount:4]]
[2021.11.16-02.28.07:895][  0]LogConfig: Setting CVar [[r.LightMaxDrawDistanceScale:1]]
[2021.11.16-02.28.07:895][  0]LogConfig: Setting CVar [[r.CapsuleShadows:1]]
[2021.11.16-02.28.07:895][  0]LogConfig: Applying CVar settings from Section [PostProcessQuality@3] File [D:/UnrealProjects/APortedStudy/Saved/Config/Windows/Scalability.ini]
[2021.11.16-02.28.07:895][  0]LogConfig: Setting CVar [[r.MotionBlurQuality:4]]
[2021.11.16-02.28.07:895][  0]LogConfig: Setting CVar [[r.AmbientOcclusionMipLevelFactor:0.4]]
[2021.11.16-02.28.07:895][  0]LogConfig: Setting CVar [[r.AmbientOcclusionMaxQuality:100]]
[2021.11.16-02.28.07:895][  0]LogConfig: Setting CVar [[r.AmbientOcclusionLevels:-1]]
[2021.11.16-02.28.07:895][  0]LogConfig: Setting CVar [[r.AmbientOcclusionRadiusScale:1.0]]
[2021.11.16-02.28.07:895][  0]LogConfig: Setting CVar [[r.DepthOfFieldQuality:2]]
[2021.11.16-02.28.07:895][  0]LogConfig: Setting CVar [[r.RenderTargetPoolMin:400]]
[2021.11.16-02.28.07:895][  0]LogConfig: Setting CVar [[r.LensFlareQuality:2]]
[2021.11.16-02.28.07:895][  0]LogConfig: Setting CVar [[r.SceneColorFringeQuality:1]]
[2021.11.16-02.28.07:895][  0]LogConfig: Setting CVar [[r.EyeAdaptationQuality:2]]
[2021.11.16-02.28.07:896][  0]LogConfig: Setting CVar [[r.BloomQuality:5]]
[2021.11.16-02.28.07:896][  0]LogConfig: Setting CVar [[r.FastBlurThreshold:100]]
[2021.11.16-02.28.07:896][  0]LogConfig: Setting CVar [[r.Upscale.Quality:3]]
[2021.11.16-02.28.07:896][  0]LogConfig: Setting CVar [[r.Tonemapper.GrainQuantization:1]]
[2021.11.16-02.28.07:896][  0]LogConfig: Setting CVar [[r.LightShaftQuality:1]]
[2021.11.16-02.28.07:896][  0]LogConfig: Setting CVar [[r.Filter.SizeScale:1]]
[2021.11.16-02.28.07:896][  0]LogConfig: Setting CVar [[r.Tonemapper.Quality:5]]
[2021.11.16-02.28.07:896][  0]LogConfig: Setting CVar [[r.DOF.Gather.AccumulatorQuality:1        ; higher gathering accumulator quality]]
[2021.11.16-02.28.07:896][  0]LogConfig: Setting CVar [[r.DOF.Gather.PostfilterMethod:1          ; Median3x3 postfilering method]]
[2021.11.16-02.28.07:896][  0]LogConfig: Setting CVar [[r.DOF.Gather.EnableBokehSettings:0       ; no bokeh simulation when gathering]]
[2021.11.16-02.28.07:896][  0]LogConfig: Setting CVar [[r.DOF.Gather.RingCount:4                 ; medium number of samples when gathering]]
[2021.11.16-02.28.07:896][  0]LogConfig: Setting CVar [[r.DOF.Scatter.ForegroundCompositing:1    ; additive foreground scattering]]
[2021.11.16-02.28.07:896][  0]LogConfig: Setting CVar [[r.DOF.Scatter.BackgroundCompositing:2    ; additive background scattering]]
[2021.11.16-02.28.07:896][  0]LogConfig: Setting CVar [[r.DOF.Scatter.EnableBokehSettings:1      ; bokeh simulation when scattering]]
[2021.11.16-02.28.07:896][  0]LogConfig: Setting CVar [[r.DOF.Scatter.MaxSpriteRatio:0.1         ; only a maximum of 10% of scattered bokeh]]
[2021.11.16-02.28.07:896][  0]LogConfig: Setting CVar [[r.DOF.Recombine.Quality:1                ; cheap slight out of focus]]
[2021.11.16-02.28.07:896][  0]LogConfig: Setting CVar [[r.DOF.Recombine.EnableBokehSettings:0    ; no bokeh simulation on slight out of focus]]
[2021.11.16-02.28.07:896][  0]LogConfig: Setting CVar [[r.DOF.TemporalAAQuality:1                ; more stable temporal accumulation]]
[2021.11.16-02.28.07:896][  0]LogConfig: Setting CVar [[r.DOF.Kernel.MaxForegroundRadius:0.025]]
[2021.11.16-02.28.07:896][  0]LogConfig: Setting CVar [[r.DOF.Kernel.MaxBackgroundRadius:0.025]]
[2021.11.16-02.28.07:896][  0]LogConfig: Applying CVar settings from Section [TextureQuality@3] File [D:/UnrealProjects/APortedStudy/Saved/Config/Windows/Scalability.ini]
[2021.11.16-02.28.07:896][  0]LogConfig: Setting CVar [[r.Streaming.MipBias:0]]
[2021.11.16-02.28.07:897][  0]LogConfig: Setting CVar [[r.Streaming.AmortizeCPUToGPUCopy:0]]
[2021.11.16-02.28.07:897][  0]LogConfig: Setting CVar [[r.Streaming.MaxNumTexturesToStreamPerFrame:0]]
[2021.11.16-02.28.07:897][  0]LogConfig: Setting CVar [[r.Streaming.Boost:1]]
[2021.11.16-02.28.07:897][  0]LogConfig: Setting CVar [[r.MaxAnisotropy:8]]
[2021.11.16-02.28.07:897][  0]LogConfig: Setting CVar [[r.VT.MaxAnisotropy:8]]
[2021.11.16-02.28.07:897][  0]LogConfig: Setting CVar [[r.Streaming.LimitPoolSizeToVRAM:0]]
[2021.11.16-02.28.07:897][  0]LogConfig: Setting CVar [[r.Streaming.PoolSize:1000]]
[2021.11.16-02.28.07:897][  0]LogConfig: Setting CVar [[r.Streaming.MaxEffectiveScreenSize:0]]
[2021.11.16-02.28.07:897][  0]LogConfig: Applying CVar settings from Section [EffectsQuality@3] File [D:/UnrealProjects/APortedStudy/Saved/Config/Windows/Scalability.ini]
[2021.11.16-02.28.07:897][  0]LogConfig: Setting CVar [[r.TranslucencyLightingVolumeDim:64]]
[2021.11.16-02.28.07:897][  0]LogConfig: Setting CVar [[r.RefractionQuality:2]]
[2021.11.16-02.28.07:897][  0]LogConfig: Setting CVar [[r.SSR.Quality:3]]
[2021.11.16-02.28.07:897][  0]LogConfig: Setting CVar [[r.SSR.HalfResSceneColor:0]]
[2021.11.16-02.28.07:897][  0]LogConfig: Setting CVar [[r.SceneColorFormat:4]]
[2021.11.16-02.28.07:897][  0]LogConfig: Setting CVar [[r.DetailMode:2]]
[2021.11.16-02.28.07:897][  0]LogConfig: Setting CVar [[r.TranslucencyVolumeBlur:1]]
[2021.11.16-02.28.07:897][  0]LogConfig: Setting CVar [[r.MaterialQualityLevel:1 ; High quality]]
[2021.11.16-02.28.07:897][  0]LogConfig: Setting CVar [[r.AnisotropicMaterials:1]]
[2021.11.16-02.28.07:897][  0]LogConfig: Setting CVar [[r.SSS.Scale:1]]
[2021.11.16-02.28.07:897][  0]LogConfig: Setting CVar [[r.SSS.SampleSet:2]]
[2021.11.16-02.28.07:897][  0]LogConfig: Setting CVar [[r.SSS.Quality:1]]
[2021.11.16-02.28.07:897][  0]LogConfig: Setting CVar [[r.SSS.HalfRes:0]]
[2021.11.16-02.28.07:897][  0]LogConfig: Setting CVar [[r.SSGI.Quality:3]]
[2021.11.16-02.28.07:897][  0]LogConfig: Setting CVar [[r.EmitterSpawnRateScale:1.0]]
[2021.11.16-02.28.07:897][  0]LogConfig: Setting CVar [[r.ParticleLightQuality:2]]
[2021.11.16-02.28.07:897][  0]LogConfig: Setting CVar [[r.SkyAtmosphere.AerialPerspectiveLUT.FastApplyOnOpaque:1 ; Always have FastSkyLUT 1 in this case to avoid wrong sky]]
[2021.11.16-02.28.07:898][  0]LogConfig: Setting CVar [[r.SkyAtmosphere.AerialPerspectiveLUT.SampleCountMaxPerSlice:4]]
[2021.11.16-02.28.07:898][  0]LogConfig: Setting CVar [[r.SkyAtmosphere.AerialPerspectiveLUT.DepthResolution:16.0]]
[2021.11.16-02.28.07:898][  0]LogConfig: Setting CVar [[r.SkyAtmosphere.FastSkyLUT:1]]
[2021.11.16-02.28.07:898][  0]LogConfig: Setting CVar [[r.SkyAtmosphere.FastSkyLUT.SampleCountMin:4.0]]
[2021.11.16-02.28.07:898][  0]LogConfig: Setting CVar [[r.SkyAtmosphere.FastSkyLUT.SampleCountMax:128.0]]
[2021.11.16-02.28.07:898][  0]LogConfig: Setting CVar [[r.SkyAtmosphere.SampleCountMin:4.0]]
[2021.11.16-02.28.07:898][  0]LogConfig: Setting CVar [[r.SkyAtmosphere.SampleCountMax:128.0]]
[2021.11.16-02.28.07:898][  0]LogConfig: Setting CVar [[r.SkyAtmosphere.TransmittanceLUT.UseSmallFormat:0]]
[2021.11.16-02.28.07:898][  0]LogConfig: Setting CVar [[r.SkyAtmosphere.TransmittanceLUT.SampleCount:10.0]]
[2021.11.16-02.28.07:898][  0]LogConfig: Setting CVar [[r.SkyAtmosphere.MultiScatteringLUT.SampleCount:15.0]]
[2021.11.16-02.28.07:898][  0]LogConfig: Setting CVar [[r.SkyLight.RealTimeReflectionCapture:1]]
[2021.11.16-02.28.07:898][  0]LogConfig: Applying CVar settings from Section [FoliageQuality@3] File [D:/UnrealProjects/APortedStudy/Saved/Config/Windows/Scalability.ini]
[2021.11.16-02.28.07:898][  0]LogConfig: Setting CVar [[foliage.DensityScale:1.0]]
[2021.11.16-02.28.07:898][  0]LogConfig: Setting CVar [[grass.DensityScale:1.0]]
[2021.11.16-02.28.07:898][  0]LogConfig: Applying CVar settings from Section [ShadingQuality@3] File [D:/UnrealProjects/APortedStudy/Saved/Config/Windows/Scalability.ini]
[2021.11.16-02.28.07:898][  0]LogConfig: Setting CVar [[r.HairStrands.SkyLighting.IntegrationType:2]]
[2021.11.16-02.28.07:898][  0]LogConfig: Setting CVar [[r.HairStrands.SkyAO.SampleCount:4]]
[2021.11.16-02.28.07:898][  0]LogConfig: Setting CVar [[r.HairStrands.Visibility.MSAA.SamplePerPixel:4]]
[2021.11.16-02.28.07:898][  0]LogInit: Selected Device Profile: [Windows]
[2021.11.16-02.28.07:898][  0]LogInit: Applying CVar settings loaded from the selected device profile: [Windows]
[2021.11.16-02.28.07:898][  0]LogHAL: Display: Platform has ~ 32 GB [34305433600 / 34359738368 / 32], which maps to Largest [LargestMinGB=32, LargerMinGB=12, DefaultMinGB=8, SmallerMinGB=6, SmallestMinGB=0)
[2021.11.16-02.28.07:899][  0]LogInit: Going up to parent DeviceProfile []
[2021.11.16-02.28.07:899][  0]LogConfig: Applying CVar settings from Section [ViewDistanceQuality@3] File [D:/UnrealProjects/APortedStudy/Saved/Config/Windows/Scalability.ini]
[2021.11.16-02.28.07:899][  0]LogConfig: Setting CVar [[r.SkeletalMeshLODBias:0]]
[2021.11.16-02.28.07:899][  0]LogConfig: Setting CVar [[r.ViewDistanceScale:1.0]]
[2021.11.16-02.28.07:899][  0]LogConfig: Applying CVar settings from Section [AntiAliasingQuality@3] File [D:/UnrealProjects/APortedStudy/Saved/Config/Windows/Scalability.ini]
[2021.11.16-02.28.07:899][  0]LogConfig: Setting CVar [[r.PostProcessAAQuality:4]]
[2021.11.16-02.28.07:899][  0]LogConfig: Applying CVar settings from Section [ShadowQuality@3] File [D:/UnrealProjects/APortedStudy/Saved/Config/Windows/Scalability.ini]
[2021.11.16-02.28.07:899][  0]LogConfig: Setting CVar [[r.LightFunctionQuality:1]]
[2021.11.16-02.28.07:899][  0]LogConfig: Setting CVar [[r.ShadowQuality:5]]
[2021.11.16-02.28.07:899][  0]LogConfig: Setting CVar [[r.Shadow.CSM.MaxCascades:10]]
[2021.11.16-02.28.07:899][  0]LogConfig: Setting CVar [[r.Shadow.MaxResolution:2048]]
[2021.11.16-02.28.07:899][  0]LogConfig: Setting CVar [[r.Shadow.MaxCSMResolution:2048]]
[2021.11.16-02.28.07:899][  0]LogConfig: Setting CVar [[r.Shadow.RadiusThreshold:0.01]]
[2021.11.16-02.28.07:899][  0]LogConfig: Setting CVar [[r.Shadow.DistanceScale:1.0]]
[2021.11.16-02.28.07:899][  0]LogConfig: Setting CVar [[r.Shadow.CSM.TransitionScale:1.0]]
[2021.11.16-02.28.07:899][  0]LogConfig: Setting CVar [[r.Shadow.PreShadowResolutionFactor:1.0]]
[2021.11.16-02.28.07:899][  0]LogConfig: Setting CVar [[r.DistanceFieldShadowing:1]]
[2021.11.16-02.28.07:899][  0]LogConfig: Setting CVar [[r.DistanceFieldAO:1]]
[2021.11.16-02.28.07:899][  0]LogConfig: Setting CVar [[r.AOQuality:2]]
[2021.11.16-02.28.07:899][  0]LogConfig: Setting CVar [[r.VolumetricFog:1]]
[2021.11.16-02.28.07:899][  0]LogConfig: Setting CVar [[r.VolumetricFog.GridPixelSize:8]]
[2021.11.16-02.28.07:899][  0]LogConfig: Setting CVar [[r.VolumetricFog.GridSizeZ:128]]
[2021.11.16-02.28.07:899][  0]LogConfig: Setting CVar [[r.VolumetricFog.HistoryMissSupersampleCount:4]]
[2021.11.16-02.28.07:899][  0]LogConfig: Setting CVar [[r.LightMaxDrawDistanceScale:1]]
[2021.11.16-02.28.07:899][  0]LogConfig: Setting CVar [[r.CapsuleShadows:1]]
[2021.11.16-02.28.07:900][  0]LogConfig: Applying CVar settings from Section [PostProcessQuality@3] File [D:/UnrealProjects/APortedStudy/Saved/Config/Windows/Scalability.ini]
[2021.11.16-02.28.07:900][  0]LogConfig: Setting CVar [[r.MotionBlurQuality:4]]
[2021.11.16-02.28.07:900][  0]LogConfig: Setting CVar [[r.AmbientOcclusionMipLevelFactor:0.4]]
[2021.11.16-02.28.07:900][  0]LogConfig: Setting CVar [[r.AmbientOcclusionMaxQuality:100]]
[2021.11.16-02.28.07:900][  0]LogConfig: Setting CVar [[r.AmbientOcclusionLevels:-1]]
[2021.11.16-02.28.07:900][  0]LogConfig: Setting CVar [[r.AmbientOcclusionRadiusScale:1.0]]
[2021.11.16-02.28.07:900][  0]LogConfig: Setting CVar [[r.DepthOfFieldQuality:2]]
[2021.11.16-02.28.07:900][  0]LogConfig: Setting CVar [[r.RenderTargetPoolMin:400]]
[2021.11.16-02.28.07:900][  0]LogConfig: Setting CVar [[r.LensFlareQuality:2]]
[2021.11.16-02.28.07:900][  0]LogConfig: Setting CVar [[r.SceneColorFringeQuality:1]]
[2021.11.16-02.28.07:900][  0]LogConfig: Setting CVar [[r.EyeAdaptationQuality:2]]
[2021.11.16-02.28.07:900][  0]LogConfig: Setting CVar [[r.BloomQuality:5]]
[2021.11.16-02.28.07:900][  0]LogConfig: Setting CVar [[r.FastBlurThreshold:100]]
[2021.11.16-02.28.07:900][  0]LogConfig: Setting CVar [[r.Upscale.Quality:3]]
[2021.11.16-02.28.07:900][  0]LogConfig: Setting CVar [[r.Tonemapper.GrainQuantization:1]]
[2021.11.16-02.28.07:900][  0]LogConfig: Setting CVar [[r.LightShaftQuality:1]]
[2021.11.16-02.28.07:900][  0]LogConfig: Setting CVar [[r.Filter.SizeScale:1]]
[2021.11.16-02.28.07:900][  0]LogConfig: Setting CVar [[r.Tonemapper.Quality:5]]
[2021.11.16-02.28.07:900][  0]LogConfig: Setting CVar [[r.DOF.Gather.AccumulatorQuality:1        ; higher gathering accumulator quality]]
[2021.11.16-02.28.07:900][  0]LogConfig: Setting CVar [[r.DOF.Gather.PostfilterMethod:1          ; Median3x3 postfilering method]]
[2021.11.16-02.28.07:900][  0]LogConfig: Setting CVar [[r.DOF.Gather.EnableBokehSettings:0       ; no bokeh simulation when gathering]]
[2021.11.16-02.28.07:900][  0]LogConfig: Setting CVar [[r.DOF.Gather.RingCount:4                 ; medium number of samples when gathering]]
[2021.11.16-02.28.07:900][  0]LogConfig: Setting CVar [[r.DOF.Scatter.ForegroundCompositing:1    ; additive foreground scattering]]
[2021.11.16-02.28.07:900][  0]LogConfig: Setting CVar [[r.DOF.Scatter.BackgroundCompositing:2    ; additive background scattering]]
[2021.11.16-02.28.07:900][  0]LogConfig: Setting CVar [[r.DOF.Scatter.EnableBokehSettings:1      ; bokeh simulation when scattering]]
[2021.11.16-02.28.07:900][  0]LogConfig: Setting CVar [[r.DOF.Scatter.MaxSpriteRatio:0.1         ; only a maximum of 10% of scattered bokeh]]
[2021.11.16-02.28.07:901][  0]LogConfig: Setting CVar [[r.DOF.Recombine.Quality:1                ; cheap slight out of focus]]
[2021.11.16-02.28.07:901][  0]LogConfig: Setting CVar [[r.DOF.Recombine.EnableBokehSettings:0    ; no bokeh simulation on slight out of focus]]
[2021.11.16-02.28.07:901][  0]LogConfig: Setting CVar [[r.DOF.TemporalAAQuality:1                ; more stable temporal accumulation]]
[2021.11.16-02.28.07:901][  0]LogConfig: Setting CVar [[r.DOF.Kernel.MaxForegroundRadius:0.025]]
[2021.11.16-02.28.07:901][  0]LogConfig: Setting CVar [[r.DOF.Kernel.MaxBackgroundRadius:0.025]]
[2021.11.16-02.28.07:901][  0]LogConfig: Applying CVar settings from Section [TextureQuality@3] File [D:/UnrealProjects/APortedStudy/Saved/Config/Windows/Scalability.ini]
[2021.11.16-02.28.07:901][  0]LogConfig: Setting CVar [[r.Streaming.MipBias:0]]
[2021.11.16-02.28.07:901][  0]LogConfig: Setting CVar [[r.Streaming.AmortizeCPUToGPUCopy:0]]
[2021.11.16-02.28.07:901][  0]LogConfig: Setting CVar [[r.Streaming.MaxNumTexturesToStreamPerFrame:0]]
[2021.11.16-02.28.07:901][  0]LogConfig: Setting CVar [[r.Streaming.Boost:1]]
[2021.11.16-02.28.07:901][  0]LogConfig: Setting CVar [[r.MaxAnisotropy:8]]
[2021.11.16-02.28.07:901][  0]LogConfig: Setting CVar [[r.VT.MaxAnisotropy:8]]
[2021.11.16-02.28.07:901][  0]LogConfig: Setting CVar [[r.Streaming.LimitPoolSizeToVRAM:0]]
[2021.11.16-02.28.07:901][  0]LogConfig: Setting CVar [[r.Streaming.PoolSize:1000]]
[2021.11.16-02.28.07:901][  0]LogConfig: Setting CVar [[r.Streaming.MaxEffectiveScreenSize:0]]
[2021.11.16-02.28.07:901][  0]LogConfig: Applying CVar settings from Section [EffectsQuality@3] File [D:/UnrealProjects/APortedStudy/Saved/Config/Windows/Scalability.ini]
[2021.11.16-02.28.07:901][  0]LogConfig: Setting CVar [[r.TranslucencyLightingVolumeDim:64]]
[2021.11.16-02.28.07:901][  0]LogConfig: Setting CVar [[r.RefractionQuality:2]]
[2021.11.16-02.28.07:901][  0]LogConfig: Setting CVar [[r.SSR.Quality:3]]
[2021.11.16-02.28.07:901][  0]LogConfig: Setting CVar [[r.SSR.HalfResSceneColor:0]]
[2021.11.16-02.28.07:901][  0]LogConfig: Setting CVar [[r.SceneColorFormat:4]]
[2021.11.16-02.28.07:901][  0]LogConfig: Setting CVar [[r.DetailMode:2]]
[2021.11.16-02.28.07:901][  0]LogConfig: Setting CVar [[r.TranslucencyVolumeBlur:1]]
[2021.11.16-02.28.07:901][  0]LogConfig: Setting CVar [[r.MaterialQualityLevel:1 ; High quality]]
[2021.11.16-02.28.07:901][  0]LogConfig: Setting CVar [[r.AnisotropicMaterials:1]]
[2021.11.16-02.28.07:901][  0]LogConfig: Setting CVar [[r.SSS.Scale:1]]
[2021.11.16-02.28.07:902][  0]LogConfig: Setting CVar [[r.SSS.SampleSet:2]]
[2021.11.16-02.28.07:902][  0]LogConfig: Setting CVar [[r.SSS.Quality:1]]
[2021.11.16-02.28.07:902][  0]LogConfig: Setting CVar [[r.SSS.HalfRes:0]]
[2021.11.16-02.28.07:902][  0]LogConfig: Setting CVar [[r.SSGI.Quality:3]]
[2021.11.16-02.28.07:902][  0]LogConfig: Setting CVar [[r.EmitterSpawnRateScale:1.0]]
[2021.11.16-02.28.07:902][  0]LogConfig: Setting CVar [[r.ParticleLightQuality:2]]
[2021.11.16-02.28.07:902][  0]LogConfig: Setting CVar [[r.SkyAtmosphere.AerialPerspectiveLUT.FastApplyOnOpaque:1 ; Always have FastSkyLUT 1 in this case to avoid wrong sky]]
[2021.11.16-02.28.07:902][  0]LogConfig: Setting CVar [[r.SkyAtmosphere.AerialPerspectiveLUT.SampleCountMaxPerSlice:4]]
[2021.11.16-02.28.07:902][  0]LogConfig: Setting CVar [[r.SkyAtmosphere.AerialPerspectiveLUT.DepthResolution:16.0]]
[2021.11.16-02.28.07:902][  0]LogConfig: Setting CVar [[r.SkyAtmosphere.FastSkyLUT:1]]
[2021.11.16-02.28.07:902][  0]LogConfig: Setting CVar [[r.SkyAtmosphere.FastSkyLUT.SampleCountMin:4.0]]
[2021.11.16-02.28.07:902][  0]LogConfig: Setting CVar [[r.SkyAtmosphere.FastSkyLUT.SampleCountMax:128.0]]
[2021.11.16-02.28.07:902][  0]LogConfig: Setting CVar [[r.SkyAtmosphere.SampleCountMin:4.0]]
[2021.11.16-02.28.07:902][  0]LogConfig: Setting CVar [[r.SkyAtmosphere.SampleCountMax:128.0]]
[2021.11.16-02.28.07:902][  0]LogConfig: Setting CVar [[r.SkyAtmosphere.TransmittanceLUT.UseSmallFormat:0]]
[2021.11.16-02.28.07:902][  0]LogConfig: Setting CVar [[r.SkyAtmosphere.TransmittanceLUT.SampleCount:10.0]]
[2021.11.16-02.28.07:902][  0]LogConfig: Setting CVar [[r.SkyAtmosphere.MultiScatteringLUT.SampleCount:15.0]]
[2021.11.16-02.28.07:902][  0]LogConfig: Setting CVar [[r.SkyLight.RealTimeReflectionCapture:1]]
[2021.11.16-02.28.07:902][  0]LogConfig: Applying CVar settings from Section [FoliageQuality@3] File [D:/UnrealProjects/APortedStudy/Saved/Config/Windows/Scalability.ini]
[2021.11.16-02.28.07:902][  0]LogConfig: Setting CVar [[foliage.DensityScale:1.0]]
[2021.11.16-02.28.07:902][  0]LogConfig: Setting CVar [[grass.DensityScale:1.0]]
[2021.11.16-02.28.07:902][  0]LogConfig: Applying CVar settings from Section [ShadingQuality@3] File [D:/UnrealProjects/APortedStudy/Saved/Config/Windows/Scalability.ini]
[2021.11.16-02.28.07:902][  0]LogConfig: Setting CVar [[r.HairStrands.SkyLighting.IntegrationType:2]]
[2021.11.16-02.28.07:902][  0]LogConfig: Setting CVar [[r.HairStrands.SkyAO.SampleCount:4]]
[2021.11.16-02.28.07:902][  0]LogConfig: Setting CVar [[r.HairStrands.Visibility.MSAA.SamplePerPixel:4]]
[2021.11.16-02.28.07:902][  0]LogConfig: Applying CVar settings from Section [Startup] File [../../../Engine/Config/ConsoleVariables.ini]
[2021.11.16-02.28.07:903][  0]LogConfig: Setting CVar [[net.UseAdaptiveNetUpdateFrequency:0]]
[2021.11.16-02.28.07:903][  0]LogConfig: Setting CVar [[p.chaos.AllowCreatePhysxBodies:1]]
[2021.11.16-02.28.07:903][  0]LogConfig: Setting CVar [[fx.SkipVectorVMBackendOptimizations:1]]
[2021.11.16-02.28.07:903][  0]LogConfig: Applying CVar settings from Section [ConsoleVariables] File [D:/UnrealProjects/APortedStudy/Saved/Config/Windows/Engine.ini]
[2021.11.16-02.28.07:903][  0]LogConfig: Applying CVar settings from Section [ConsoleVariables] File [D:/UnrealProjects/APortedStudy/Saved/Config/Windows/Editor.ini]
[2021.11.16-02.28.07:903][  0]LogInit: Computer: DESKTOP-CA0FQV7
[2021.11.16-02.28.07:903][  0]LogInit: User: janua
[2021.11.16-02.28.07:903][  0]LogInit: CPU Page size=4096, Cores=6
[2021.11.16-02.28.07:903][  0]LogInit: High frequency timer resolution =10.000000 MHz
[2021.11.16-02.28.07:903][  0]LogMemory: Memory total: Physical=31.9GB (32GB approx)
[2021.11.16-02.28.07:903][  0]LogMemory: Platform Memory Stats for Windows
[2021.11.16-02.28.07:903][  0]LogMemory: Process Physical Memory: 142.92 MB used, 142.92 MB peak
[2021.11.16-02.28.07:903][  0]LogMemory: Process Virtual Memory: 114.14 MB used, 114.14 MB peak
[2021.11.16-02.28.07:903][  0]LogMemory: Physical Memory: 11538.27 MB used,  21177.94 MB free, 32716.21 MB total
[2021.11.16-02.28.07:903][  0]LogMemory: Virtual Memory: 134191768.00 MB used,  25959.92 MB free, 134217728.00 MB total
[2021.11.16-02.28.07:912][  0]LogWindows: WindowsPlatformFeatures enabled
[2021.11.16-02.28.08:054][  0]LogInit: Physics initialised using underlying interface: PhysX
[2021.11.16-02.28.08:054][  0]LogInit: Using OS detected language (en-GB).
[2021.11.16-02.28.08:054][  0]LogInit: Using OS detected locale (en-GB).
[2021.11.16-02.28.08:057][  0]LogTextLocalizationManager: No specific localization for 'en-GB' exists, so the 'en' localization will be used.
[2021.11.16-02.28.08:249][  0]LogInit: Setting process to per monitor DPI aware
[2021.11.16-02.28.08:282][  0]LogWindowsTextInputMethodSystem: Display: IME system deactivated.
[2021.11.16-02.28.08:301][  0]LogSlate: New Slate User Created.  User Index 0, Is Virtual User: 0
[2021.11.16-02.28.08:301][  0]LogSlate: Slate User Registered.  User Index 0, Is Virtual User: 0
[2021.11.16-02.28.08:424][  0]LogD3D11RHI: Loaded GFSDK_Aftermath_Lib.x64.dll
[2021.11.16-02.28.08:430][  0]LogHMD: Failed to initialize OpenVR with code 110
[2021.11.16-02.28.08:430][  0]LogD3D11RHI: D3D11 min allowed feature level: 11_0
[2021.11.16-02.28.08:430][  0]LogD3D11RHI: D3D11 max allowed feature level: 11_0
[2021.11.16-02.28.08:430][  0]LogD3D11RHI: D3D11 adapters:
[2021.11.16-02.28.08:554][  0]LogD3D11RHI:    0. 'NVIDIA GeForce RTX 2070 SUPER' (Feature Level 11_0)
[2021.11.16-02.28.08:554][  0]LogD3D11RHI:       8011/0/16358 MB DedicatedVideo/DedicatedSystem/SharedSystem, Outputs:2, VendorId:0x10de
[2021.11.16-02.28.08:560][  0]LogD3D11RHI:    1. 'Microsoft Basic Render Driver' (Feature Level 11_0)
[2021.11.16-02.28.08:560][  0]LogD3D11RHI:       0/0/16358 MB DedicatedVideo/DedicatedSystem/SharedSystem, Outputs:0, VendorId:0x1414
[2021.11.16-02.28.08:560][  0]LogD3D11RHI: Chosen D3D11 Adapter: 0
[2021.11.16-02.28.08:565][  0]LogD3D11RHI: Creating new Direct3DDevice
[2021.11.16-02.28.08:565][  0]LogD3D11RHI:     GPU DeviceId: 0x1e84 (for the marketing name, search the web for "GPU Device Id")
[2021.11.16-02.28.08:565][  0]LogWindows: EnumDisplayDevices:
[2021.11.16-02.28.08:565][  0]LogWindows:    0. 'NVIDIA GeForce RTX 2070 SUPER' (P:0 D:1)
[2021.11.16-02.28.08:566][  0]LogWindows:    1. 'NVIDIA GeForce RTX 2070 SUPER' (P:1 D:1)
[2021.11.16-02.28.08:566][  0]LogWindows:    2. 'NVIDIA GeForce RTX 2070 SUPER' (P:0 D:0)
[2021.11.16-02.28.08:566][  0]LogWindows:    3. 'NVIDIA GeForce RTX 2070 SUPER' (P:0 D:0)
[2021.11.16-02.28.08:566][  0]LogWindows: DebugString: FoundDriverCount:4 
[2021.11.16-02.28.08:567][  0]LogD3D11RHI:     Adapter Name: NVIDIA GeForce RTX 2070 SUPER
[2021.11.16-02.28.08:567][  0]LogD3D11RHI:   Driver Version: 496.13 (internal:30.0.14.9613, unified:496.13)
[2021.11.16-02.28.08:567][  0]LogD3D11RHI:      Driver Date: 10-6-2021
[2021.11.16-02.28.08:567][  0]LogRHI: Texture pool is 5607 MB (70% of 8011 MB)
[2021.11.16-02.28.08:634][  0]LogD3D11RHI: RHI has support for 64 bit atomics
[2021.11.16-02.28.08:634][  0]LogD3D11RHI: Async texture creation enabled
[2021.11.16-02.28.08:634][  0]LogD3D11RHI: Array index from any shader is supported
[2021.11.16-02.28.08:651][  0]LogD3D11RHI: GPU Timing Frequency: 1000.000000 (Debug: 2 1)
[2021.11.16-02.28.08:701][  0]LogRHI: GeForceNow SDK initialized: 1
[2021.11.16-02.28.08:998][  0]LogTargetPlatformManager: Display: Loaded TargetPlatform 'AllDesktop'
[2021.11.16-02.28.09:020][  0]LogTargetPlatformManager: Display: Loaded TargetPlatform 'Android'
[2021.11.16-02.28.09:020][  0]LogTargetPlatformManager: Display: Loaded TargetPlatform 'Android_ASTC'
[2021.11.16-02.28.09:020][  0]LogTargetPlatformManager: Display: Loaded TargetPlatform 'Android_DXT'
[2021.11.16-02.28.09:020][  0]LogTargetPlatformManager: Display: Loaded TargetPlatform 'Android_ETC2'
[2021.11.16-02.28.09:020][  0]LogTargetPlatformManager: Display: Loaded TargetPlatform 'AndroidClient'
[2021.11.16-02.28.09:020][  0]LogTargetPlatformManager: Display: Loaded TargetPlatform 'Android_ASTCClient'
[2021.11.16-02.28.09:020][  0]LogTargetPlatformManager: Display: Loaded TargetPlatform 'Android_DXTClient'
[2021.11.16-02.28.09:020][  0]LogTargetPlatformManager: Display: Loaded TargetPlatform 'Android_ETC2Client'
[2021.11.16-02.28.09:020][  0]LogTargetPlatformManager: Display: Loaded TargetPlatform 'Android_Multi'
[2021.11.16-02.28.09:020][  0]LogTargetPlatformManager: Display: Loaded TargetPlatform 'Android_MultiClient'
[2021.11.16-02.28.09:043][  0]LogTargetPlatformManager: Display: Loaded TargetPlatform 'IOSClient'
[2021.11.16-02.28.09:044][  0]LogTargetPlatformManager: Display: Loaded TargetPlatform 'IOS'
[2021.11.16-02.28.09:053][  0]LogTargetPlatformManager: Display: Loaded TargetPlatform 'Linux'
[2021.11.16-02.28.09:059][  0]LogTargetPlatformManager: Display: Loaded TargetPlatform 'LinuxNoEditor'
[2021.11.16-02.28.09:064][  0]LogTargetPlatformManager: Display: Loaded TargetPlatform 'LinuxClient'
[2021.11.16-02.28.09:069][  0]LogTargetPlatformManager: Display: Loaded TargetPlatform 'LinuxServer'
[2021.11.16-02.28.09:080][  0]LogTargetPlatformManager: Display: Loaded TargetPlatform 'LinuxAArch64NoEditor'
[2021.11.16-02.28.09:085][  0]LogTargetPlatformManager: Display: Loaded TargetPlatform 'LinuxAArch64Client'
[2021.11.16-02.28.09:091][  0]LogTargetPlatformManager: Display: Loaded TargetPlatform 'LinuxAArch64Server'
[2021.11.16-02.28.09:112][  0]LogTargetPlatformManager: Display: Loaded TargetPlatform 'Lumin'
[2021.11.16-02.28.09:112][  0]LogTargetPlatformManager: Display: Loaded TargetPlatform 'LuminClient'
[2021.11.16-02.28.09:121][  0]LogTargetPlatformManager: Display: Loaded TargetPlatform 'MacNoEditor'
[2021.11.16-02.28.09:127][  0]LogTargetPlatformManager: Display: Loaded TargetPlatform 'Mac'
[2021.11.16-02.28.09:132][  0]LogTargetPlatformManager: Display: Loaded TargetPlatform 'MacClient'
[2021.11.16-02.28.09:137][  0]LogTargetPlatformManager: Display: Loaded TargetPlatform 'MacServer'
[2021.11.16-02.28.09:148][  0]LogTargetPlatformManager: Display: Loaded TargetPlatform 'TVOSClient'
[2021.11.16-02.28.09:148][  0]LogTargetPlatformManager: Display: Loaded TargetPlatform 'TVOS'
[2021.11.16-02.28.09:157][  0]LogTargetPlatformManager: Display: Loaded TargetPlatform 'WindowsNoEditor'
[2021.11.16-02.28.09:162][  0]LogTargetPlatformManager: Display: Loaded TargetPlatform 'Windows'
[2021.11.16-02.28.09:168][  0]LogTargetPlatformManager: Display: Loaded TargetPlatform 'WindowsClient'
[2021.11.16-02.28.09:173][  0]LogTargetPlatformManager: Display: Loaded TargetPlatform 'WindowsServer'
[2021.11.16-02.28.09:173][  0]LogTargetPlatformManager: Display: Building Assets For Windows
[2021.11.16-02.28.09:187][  0]LogAudioDebug: Display: Lib vorbis DLL was dynamically loaded.
[2021.11.16-02.28.09:231][  0]LogTextureFormatOodle: Display: Oodle Texture 2.9.0 init RDO Off
[2021.11.16-02.28.09:284][  0]LogRendererCore: Ray tracing is disabled. Reason: r.RayTracing=0.
[2021.11.16-02.28.09:284][  0]LogShaderCompilers: Guid format shader working directory is 6 characters bigger than the processId version (../../../../UnrealProjects/APortedStudy/Intermediate/Shaders/WorkingDirectory/15812/).
[2021.11.16-02.28.09:284][  0]LogShaderCompilers: Cleaned the shader compiler working directory 'C:/Users/janua/AppData/Local/Temp/UnrealShaderWorkingDir/05CBA6054C5D1DF11EE6128CA2EDD16E/'.
[2021.11.16-02.28.09:284][  0]LogXGEController: Cannot use XGE Controller as Incredibuild is not installed on this machine.
[2021.11.16-02.28.09:284][  0]LogShaderCompilers: Cannot use XGE Shader Compiler as Incredibuild is not installed on this machine.
[2021.11.16-02.28.09:284][  0]LogShaderCompilers: Display: Using Local Shader Compiler.
[2021.11.16-02.28.10:044][  0]LogDerivedDataCache: Display: Max Cache Size: 512 MB
[2021.11.16-02.28.10:105][  0]LogDerivedDataCache: Loaded boot cache 0.06s 98MB C:/Users/janua/AppData/Local/UnrealEngine/4.27/DerivedDataCache/Boot.ddc.
[2021.11.16-02.28.10:105][  0]LogDerivedDataCache: Display: Loaded Boot cache: C:/Users/janua/AppData/Local/UnrealEngine/4.27/DerivedDataCache/Boot.ddc
[2021.11.16-02.28.10:105][  0]LogDerivedDataCache: FDerivedDataBackendGraph:  Pak pak cache file ../../../../UnrealProjects/APortedStudy/DerivedDataCache/DDC.ddp not found, will not use a pak cache.
[2021.11.16-02.28.10:105][  0]LogDerivedDataCache: Unable to find inner node Pak for hierarchical cache Hierarchy.
[2021.11.16-02.28.10:106][  0]LogDerivedDataCache: FDerivedDataBackendGraph:  CompressedPak pak cache file ../../../../UnrealProjects/APortedStudy/DerivedDataCache/Compressed.ddp not found, will not use a pak cache.
[2021.11.16-02.28.10:106][  0]LogDerivedDataCache: Unable to find inner node CompressedPak for hierarchical cache Hierarchy.
[2021.11.16-02.28.10:122][  0]LogDerivedDataCache: Display: Pak cache opened for reading ../../../Engine/DerivedDataCache/Compressed.ddp.
[2021.11.16-02.28.10:122][  0]LogDerivedDataCache: FDerivedDataBackendGraph:  EnterprisePak pak cache file ../../../Enterprise/DerivedDataCache/Compressed.ddp not found, will not use a pak cache.
[2021.11.16-02.28.10:122][  0]LogDerivedDataCache: Unable to find inner node EnterprisePak for hierarchical cache Hierarchy.
[2021.11.16-02.28.10:134][  0]LogDerivedDataCache: Speed tests for C:/Users/janua/AppData/Local/UnrealEngine/Common/DerivedDataCache took 0.01 seconds
[2021.11.16-02.28.10:136][  0]LogDerivedDataCache: Display: Performance to C:/Users/janua/AppData/Local/UnrealEngine/Common/DerivedDataCache: Latency=0.03ms. RandomReadSpeed=1335.57MBs, RandomWriteSpeed=88.89MBs. Assigned SpeedClass 'Local'
[2021.11.16-02.28.10:140][  0]LogDerivedDataCache: Using Local data cache path C:/Users/janua/AppData/Local/UnrealEngine/Common/DerivedDataCache: Writable
[2021.11.16-02.28.10:141][  0]LogDerivedDataCache: Shared data cache path not found in *engine.ini, will not use an Shared cache.
[2021.11.16-02.28.10:141][  0]LogDerivedDataCache: Unable to find inner node Shared for hierarchical cache Hierarchy.
[2021.11.16-02.28.10:187][  0]LogSlate: Using FreeType 2.10.0
[2021.11.16-02.28.10:187][  0]LogSlate: SlateFontServices - WITH_FREETYPE: 1, WITH_HARFBUZZ: 1
[2021.11.16-02.28.10:216][  0]LogAssetRegistry: FAssetRegistry took 0.0038 seconds to start up
[2021.11.16-02.28.10:450][  0]LogInit: Selected Device Profile: [Windows]
[2021.11.16-02.28.10:450][  0]LogInit: Active device profile: [000001733F39CE00][0000017332C10500 49] Windows
[2021.11.16-02.28.10:450][  0]LogInit: Profiles: [000001733F39CE00][0000017332C10500 49] Windows, [000001733F352300][0000017340168680 49] WindowsNoEditor, [000001733F39DD00][0000017332E187C0 49] WindowsServer, [000001733F353100][000001734016C900 49] WindowsClient, [000001733F39EA00][0000017332D86A40 49] IOS, [000001733F353700][0000017332D8AB80 49] iPadAir, [000001733F39D500][0000017332D92D00 49] iPadAir2, [000001733F2CD300][00000173400BCFC0 49] IPadPro, [000001733F2CD400][00000173400B5000 49] iPadAir3, [000001733F350C00][00000173400C1180 49] iPadAir4, [000001733F2CE000][00000173400C9300 49] iPadMini2, [000001733F352F00][00000173400D1480 49] iPadMini3, [000001733F2CEA00][00000173400D5600 49] iPadMini4, [000001733F350F00][00000173400D9780 49] iPadMini5, [000001733F2D4B00][00000173400E1A40 49] iPhone6, [000001733F2D4C00][00000173400DDA80 49] iPodTouch6, [000001733F39E900][000001733CBB01C0 49] iPhone7, [000001733F39CF00][000001733CBAC200 49] iPodTouch7, [000001733F2CD200][000001733CBB4380 49] iPhone5S, [000001733F39EC00][000001733CBB8500 49] iPhone6Plus, [000001733F2CFD00][000001733CBBC680 49] iPhone6S, [000001733F2CC100][000001733CBC0800 49] iPhone6SPlus, [000001733F2D7F00][0000017332D8E940 49] iPhone7Plus, [000001733F2CE200][000001733CBE8A80 49] iPhoneSE, [000001733F2D6800][000001733CBF8BC0 49] iPhone8, [000001733F2CE500][000001733CBFCD00 49] iPhone8Plus, [000001733F2D7900][000001733CC04E80 49] iPhoneX, [000001733F2CE400][000001733CC09000 49] iPhoneXS, [000001733F2D4E00][000001733CC0D180 49] iPhoneXSMax, [000001733F39D800][000001733CC11300 49] iPhoneXR, [000001733F2D5600][000001733CC15480 49] iPhone11, [000001733F39DA00][000001733CC19600 49] iPhone11Pro, [000001733F2D5800][000001733FE05780 49] iPhone11ProMax, [000001733F39D100][000001733FE09900 49] iPhoneSE2, [000001733F2D7A00][000001733FE17A80 49] iPhone12Mini, [000001733F39CB00][000001733FE1BC00 49] iPhone12, [000001733F2D5C00][000001733FE1E200 49] iPhone12Pro, [000001733F39D000][000001733FE22380 49] iPhone12ProMax, [000001733F2D7600][000001733FE26500 49] iPadPro105, [000001733F39F800][000001733FE2A680 49] iPadPro129, [000001733F2D4300][000001733FE2E800 49] iPadPro97, [000001733F39D400][000001733FE32980 49] iPadPro2_129, [000001733F2D5300][000001733FEA6B00 49] iPad5, [000001733F39FA00][000001733CC00C40 49] iPad6, [000001733F2D7C00][000001733FEAAD80 49] iPad7, [000001733F39F200][000001733FEAEEC0 49] iPad8, [000001733F2D7200][000001733FEB7040 49] iPadPro11, [000001733F39EF00][000001733FEBB1C0 49] iPadPro2_11, [000001733F2D6200][000001733FED3340 49] iPadPro3_129, [000001733F39C700][0000017332BC14C0 49] iPadPro4_129, [000001733F2D5000][0000017332BC5640 49] AppleTV, [000001733F39F100][0000017332C057C0 49] AppleTV4K, [000001733F2D6100][0000017332C09940 49] TVOS, [000001733F39E100][0000017332C0DAC0 49] Mac, [000001733F2D7500][000001734095C0C0 49] MacClient, [000001733F39FB00][0000017340960240 49] MacNoEditor, [000001733F2D4D00][00000173409683C0 49] MacServer, [000001733F39EE00][000001734096C540 49] Linux, [000001733F2D5F00][00000173409706C0 49] LinuxAArch64, [000001733F39CA00][0000017340974840 49] LinuxNoEditor, [000001733F2D7000][00000173409789C0 49] LinuxAArch64NoEditor, [000001733F39F300][000001734097CB40 49] LinuxClient, [000001733F2D6700][0000017340984CC0 49] LinuxAArch64Client, [000001733F39DB00][000001733FEB2E00 49] LinuxServer, [000001733F2D4400][0000017340988F40 49] LinuxAArch64Server, [000001733F39DC00][000001734098D080 49] Android, [000001733F2D5400][00000173401491C0 49] Android_Low, [000001733F39DE00][0000017340151340 49] Android_Mid, [000001733F2D6900][00000173401554C0 49] Android_High, [000001733F39E000][0000017340159640 49] Android_Default, [000001733F2D7100][00000173409657C0 49] Android_Adreno4xx, [000001733F39E200][0000017340981940 49] Android_Adreno5xx_Low, [000001733F2D7D00][000001734015DAC0 49] Android_Adreno5xx, [000001733F39C200][00000173401600C0 49] Android_Adreno6xx, [000001733F2D5700][0000017340164240 49] Android_Adreno6xx_Vulkan, [000001733F39E700][0000017332D683C0 49] Android_Mali_T6xx, [000001733F2CD700][0000017332D6C540 49] Android_Mali_T7xx, [000001733F353000][0000017332D706C0 49] Android_Mali_T8xx, [000001733F2CFE00][0000017332D74840 49] Android_Mali_G71, [000001733F353B00][0000017332D789C0 49] Android_Mali_G72, [000001733F2CFA00][0000017332D7CB40 49] Android_Mali_G72_Vulkan, [000001733F353800][0000017332D80CC0 49] Android_Mali_G76, [000001733F2CDB00][0000017340224E40 49] Android_Mali_G76_Vulkan, [000001733F352200][000001734014CF80 49] Android_Mali_G77, [000001733F2CF600][00000173402290C0 49] Android_Mali_G77_Vulkan, [000001733F351F00][000001734022D200 49] Android_Mali_G78, [000001733F2CD000][0000017340231340 49] Android_Mali_G78_Vulkan, [000001733F350500][00000173402394C0 49] Android_Mali_G710, [000001733F2CD600][000001734023D640 49] Android_Mali_G710_Vulkan, [000001733F352400][00000173402417C0 49] Android_Vulkan_SM5, [000001733F2CDA00][0000017340245940 49] Android_PowerVR_G6xxx, [000001733F352E00][0000017340249AC0 49] Android_PowerVR_GT7xxx, [000001733F2CF300][000001734024C0C0 49] Android_PowerVR_GE8xxx, [000001733F351100][00000173333AC240 49] Android_PowerVR_GM9xxx, [000001733F2CDF00][00000173333B03C0 49] Android_PowerVR_GM9xxx_Vulkan, [000001733F351500][00000173333B4540 49] Android_TegraK1, [000001733F2CFB00][00000173333B86C0 49] Android_Unknown_Vulkan, [000001733F350D00][00000173333BC840 49] Lumin, [000001733F2CC600][00000173333C09C0 49] Lumin_Desktop, [000001733F2D7300][00000173333C4B40 49] HoloLens, 
[2021.11.16-02.28.10:613][  0]LogMeshReduction: Using QuadricMeshReduction for automatic static mesh reduction
[2021.11.16-02.28.10:614][  0]LogMeshReduction: Using SimplygonMeshReduction for automatic skeletal mesh reduction
[2021.11.16-02.28.10:614][  0]LogMeshReduction: Using ProxyLODMeshReduction for automatic mesh merging
[2021.11.16-02.28.10:614][  0]LogMeshReduction: No distributed automatic mesh merging module available
[2021.11.16-02.28.10:614][  0]LogMeshMerging: No distributed automatic mesh merging module available
[2021.11.16-02.28.10:635][  0]LogNetVersion: APortedStudy 1.0.0, NetCL: 17155196, EngineNetVer: 17, GameNetVer: 0 (Checksum: 1793046333)
[2021.11.16-02.28.11:016][  0]LogTexture: Default maximum texture size for cubemaps generated from long-lat sources has been changed from 512 to unlimited. In order to preserve old behaiour for '/Engine/MapTemplates/Sky/DaylightAmbientCubemap.DaylightAmbientCubemap', its maximum texture size has been explicitly set to 512.
[2021.11.16-02.28.11:078][  0]LogHMD: PokeAHoleMaterial loaded successfully
[2021.11.16-02.28.11:084][  0]LogUObjectArray: 17178 objects as part of root set at end of initial load.
[2021.11.16-02.28.11:084][  0]LogUObjectAllocator: 4301856 out of 0 bytes used by permanent object pool.
[2021.11.16-02.28.11:084][  0]LogUObjectArray: CloseDisregardForGC: 0/0 objects in disregard for GC pool
[2021.11.16-02.28.11:418][  0]LogNiagaraDebuggerClient: Niagara Debugger Client Initialized | Session: 6411EDC0472A27FBEA21808A15E860D2 | Instance: 1A1121054F65834B1D873283DB55133F (DESKTOP-CA0FQV7-15812).
[2021.11.16-02.28.11:437][  0]LogStreaming: Warning: Failed to read file '../../../Engine/Content/Editor/Slate/Niagara/MenuSeparator.png' error.
[2021.11.16-02.28.11:437][  0]LogSlate: Could not find file for Slate resource: ../../../Engine/Content/Editor/Slate/Niagara/MenuSeparator.png
[2021.11.16-02.28.11:438][  0]LogStreaming: Warning: Failed to read file '../../../Engine/Content/Editor/Slate/Niagara/Common/Selector.png' error.
[2021.11.16-02.28.11:438][  0]LogSlate: Could not find file for Slate resource: ../../../Engine/Content/Editor/Slate/Niagara/Common/Selector.png
[2021.11.16-02.28.11:438][  0]LogImageWrapper: Warning: PNG Warning: Duplicate iCCP chunk
[2021.11.16-02.28.11:438][  0]LogStreaming: Warning: Failed to read file '../../../Engine/Content/Editor/Slate/Niagara/Common/Selection.png' error.
[2021.11.16-02.28.11:438][  0]LogSlate: Could not find file for Slate resource: ../../../Engine/Content/Editor/Slate/Niagara/Common/Selection.png
[2021.11.16-02.28.11:438][  0]LogStreaming: Warning: Failed to read file '../../../Engine/Content/Editor/Slate/Niagara/Common/DropZoneIndicator_Above.png' error.
[2021.11.16-02.28.11:438][  0]LogSlate: Could not find file for Slate resource: ../../../Engine/Content/Editor/Slate/Niagara/Common/DropZoneIndicator_Above.png
[2021.11.16-02.28.11:438][  0]LogStreaming: Warning: Failed to read file '../../../Engine/Content/Editor/Slate/Niagara/Common/DropZoneIndicator_Onto.png' error.
[2021.11.16-02.28.11:438][  0]LogSlate: Could not find file for Slate resource: ../../../Engine/Content/Editor/Slate/Niagara/Common/DropZoneIndicator_Onto.png
[2021.11.16-02.28.11:438][  0]LogStreaming: Warning: Failed to read file '../../../Engine/Content/Editor/Slate/Niagara/Common/DropZoneIndicator_Below.png' error.
[2021.11.16-02.28.11:438][  0]LogSlate: Could not find file for Slate resource: ../../../Engine/Content/Editor/Slate/Niagara/Common/DropZoneIndicator_Below.png
[2021.11.16-02.28.11:438][  0]LogStreaming: Warning: Failed to read file '../../../Engine/Content/Editor/Slate/Niagara/Common/RoundedSelection_16x.png' error.
[2021.11.16-02.28.11:438][  0]LogSlate: Could not find file for Slate resource: ../../../Engine/Content/Editor/Slate/Niagara/Common/RoundedSelection_16x.png
[2021.11.16-02.28.11:438][  0]LogStreaming: Warning: Failed to read file '../../../Engine/Content/Editor/Slate/Niagara/Common/FlatButton.png' error.
[2021.11.16-02.28.11:438][  0]LogSlate: Could not find file for Slate resource: ../../../Engine/Content/Editor/Slate/Niagara/Common/FlatButton.png
[2021.11.16-02.28.11:438][  0]LogImageWrapper: Warning: PNG Warning: Duplicate iCCP chunk
[2021.11.16-02.28.11:457][  0]LogPython: Using Python 3.7.7
[2021.11.16-02.28.12:080][  0]LogTcpMessaging: Initializing TcpMessaging bridge
[2021.11.16-02.28.12:086][  0]LogUdpMessaging: Initializing bridge on interface 0.0.0.0:0 to multicast group 230.0.0.1:6666.
